945
752 460
460 567
585 752
159 752
13 752
397 752
814 460
567 286
3 460
403 567
970 567
694 397
3 881
658 752
159 168
71 752
881 242
186 159
763 881
270 3
589 881
895 567
345 460
71 304
801 159
589 78
50 801
202 270
895 765
69 50
400 345
304 950
960 460
904 589
202 53
397 628
699 585
671 752
801 144
531 304
347 671
78 420
813 904
782 270
396 782
403 185
168 596
715 585
596 511
420 885
316 895
375 50
700 159
531 130
385 782
336 3
16 159
612 304
574 715
87 895
628 319
950 325
383 375
100 813
658 678
325 744
130 150
113 13
396 241
183 420
389 78
721 202
511 897
744 422
840 347
544 531
242 741
722 700
149 87
480 694
894 159
466 722
821 531
876 715
144 893
922 397
105 722
893 438
759 50
238 782
646 400
112 612
502 715
461 149
222 420
818 544
103 699
441 87
463 721
100 692
738 105
446 159
127 159
345 55
306 222
398 893
699 212
609 159
187 814
186 74
738 680
584 202
459 159
500 895
617 970
485 950
795 397
173 69
97 950
232 480
4 463
172 840
375 561
692 122
424 130
185 924
336 492
709 159
492 650
636 397
118 78
485 92
492 117
251 658
779 383
824 105
836 589
313 186
842 511
668 904
241 368
286 259
529 461
560 709
319 349
602 446
487 202
458 824
512 306
528 397
323 304
779 82
570 602
472 502
879 347
652 759
565 821
167 385
978 492
604 596
126 738
174 759
428 879
631 112
525 16
592 270
259 952
568 960
487 351
300 113
232 784
277 568
289 876
124 609
700 274
422 870
190 568
621 289
764 722
627 782
966 397
690 306
767 50
627 337
362 842
919 103
668 816
407 422
539 251
971 759
592 310
717 824
193 511
110 658
349 849
149 799
784 877
452 144
92 702
388 617
686 658
497 919
741 729
857 388
32 699
307 497
870 903
17 609
748 319
960 14
317 193
517 568
82 203
367 668
83 627
18 461
194 424
520 388
586 715
490 574
234 621
222 372
456 168
705 782
639 304
815 349
238 250
395 167
169 395
169 449
128 461
846 480
52 277
402 692
455 472
279 759
641 100
24 971
547 919
815 562
147 893
124 882
32 931
968 304
860 722
882 290
733 52
878 241
274 632
244 717
667 100
44 741
251 643
794 167
712 881
968 211
55 352
75 870
53 603
549 694
45 779
479 565
894 391
897 474
221 274
67 717
54 968
921 609
342 813
883 520
875 502
652 606
72 92
624 897
488 950
209 604
126 332
455 374
416 169
517 577
295 24
917 55
269 818
471 395
243 458
88 313
370 860
799 649
812 172
500 676
622 385
980 502
158 752
710 705
979 978
265 336
912 55
656 336
28 274
969 794
672 479
914 895
523 500
564 881
794 60
368 556
246 752
664 700
869 857
906 286
351 558
320 270
214 712
634 367
257 589
623 617
503 259
830 565
768 300
592 138
430 32
891 259
470 919
510 54
711 969
438 404
879 450
604 825
320 871
581 110
734 570
213 824
667 409
676 958
878 594
1 472
850 502
96 232
678 195
937 980
248 547
802 87
916 286
176 500
60 862
942 259
297 345
49 564
684 497
735 490
664 303
344 510
954 784
819 634
603 271
682 304
243 854
333 722
445 602
211 598
215 187
805 18
385 908
764 151
692 770
174 758
558 56
917 693
953 455
449 315
521 711
924 356
790 351
236 502
701 646
115 700
231 639
698 870
225 764
522 621
760 238
910 174
196 17
935 286
949 342
49 892
293 185
108 211
250 798
466 101
392 470
625 950
637 214
488 793
142 897
876 419
154 149
264 577
533 345
726 658
127 107
44 192
916 599
935 697
254 274
512 467
677 270
551 71
56 364
581 657
5 349
393 304
610 878
237 472
598 629
930 124
967 112
918 790
974 539
268 652
201 392
465 735
555 581
758 278
679 96
238 826
845 243
137 211
947 710
91 400
857 660
549 155
118 742
838 609
965 392
669 522
10 621
777 159
861 211
216 876
35 32
74 957
70 370
563 969
785 304
62 824
163 124
316 318
515 882
846 477
240 883
188 646
677 831
208 802
755 265
577 210
173 708
326 100
150 719
474 85
892 421
41 485
681 950
650 386
20 488
405 568
452 331
825 613
225 350
693 797
115 688
120 100
553 231
165 782
697 761
516 510
283 568
291 209
920 202
671 569
922 273
458 357
588 686
381 407
683 656
862 847
44 426
21 307
42 924
456 114
136 646
562 620
798 139
199 821
382 510
635 487
79 347
831 258
378 32
66 323
166 158
527 286
639 68
928 967
47 487
507 658
626 957
31 300
822 274
239 474
749 667
431 672
218 344
267 18
321 677
757 664
957 844
790 363
419 469
773 567
872 812
89 103
299 10
143 316
207 846
745 368
247 584
482 717
175 635
648 935
59 49
176 256
79 204
334 782
761 557
432 55
61 692
618 67
778 466
292 326
789 458
872 645
772 108
777 504
721 841
374 111
136 301
766 74
40 60
239 852
952 915
468 1
828 589
315 874
931 338
161 690
180 735
282 969
484 480
731 598
153 52
832 528
182 919
551 312
234 907
615 113
926 677
343 452
775 362
749 932
328 265
729 227
457 154
614 752
980 689
337 713
719 2
94 603
353 764
935 86
816 600
46 78
877 217
137 156
245 539
890 904
916 804
562 962
252 350
867 173
14 853
742 220
340 130
11 31
978 276
233 980
114 177
732 735
77 922
184 67
200 55
765 884
175 440
143 34
212 858
513 845
649 411
473 251
495 627
329 471
548 628
980 540
26 416
352 387
855 18
203 864
659 857
191 370
834 246
961 237
654 165
549 434
665 128
713 519
158 666
305 813
593 937
493 208
871 725
318 358
324 867
84 265
328 714
524 53
314 169
544 377
189 232
731 494
680 673
543 92
579 456
413 340
481 289
143 754
642 862
256 366
37 153
346 869
210 972
263 403
923 527
188 951
976 455
183 335
111 572
889 282
294 649
62 230
736 641
899 239
762 368
756 658
7 336
73 346
791 368
783 889
131 441
518 59
972 171
418 766
612 739
705 651
415 669
727 518
359 147
505 388
874 93
929 589
889 288
206 748
271 848
228 836
580 548
152 612
8 484
236 888
781 194
578 166
63 88
582 507
640 92
530 713
809 482
123 257
737 403
864 685
160 801
446 537
595 767
851 24
81 846
90 466
901 493
99 732
75 902
451 395
338 272
273 453
885 532
12 487
869 933
145 731
262 446
444 891
909 352
80 564
266 200
982 777
25 89
184 590
838 302
470 406
437 248
829 881
868 879
219 878
475 885
787 752
486 809
977 544
856 816
800 802
747 338
253 405
691 92
469 489
175 605
433 161
884 464
290 429
906 496
939 870
106 8
427 100
812 866
608 329
880 782
534 32
910 491
27 744
573 878
754 64
600 780
838 940
546 921
284 846
478 123
229 115
312 462
331 181
496 955
429 718
401 899
110 796
298 189
447 518
58 891
743 732
958 260
743 886
792 677
889 863
198 610
941 829
833 493
224 885
970 591
224 162
662 334
794 164
675 113
973 958
476 99
311 713
702 132
534 730
332 417
145 296
365 496
716 403
653 840
89 541
501 112
707 930
644 89
945 166
399 270
358 827
57 912
137 808
280 628
164 30
545 895
571 395
157 304
975 628
195 859
578 896
597 466
490 223
46 720
519 95
944 157
110 327
526 228
601 75
811 617
281 918
261 891
22 782
249 253
977 19
746 53
514 71
308 567
454 507
43 492
227 205
287 652
322 961
423 249
704 502
348 14
703 82
948 664
170 50
757 140
224 956
177 226
369 707
750 447
296 538
900 830
223 611
739 102
310 724
197 22
934 497
217 873
354 322
339 488
48 294
566 351
133 326
601 439
29 731
496 696
141 705
943 602
279 148
712 371
723 878
95 843
6 195
823 353
550 544
292 771
405 638
355 336
981 451
379 173
788 519
753 416
559 263
384 531
38 699
390 480
183 663
425 916
285 555
178 589
556 179
837 833
748 554
865 801
810 320
235 437
943 776
566 946
695 71
508 201
414 127
960 376
435 517
547 927
16 687
85 887
23 529
780 583
498 530
820 393
839 38
773 536
532 905
728 950
527 309
275 325
379 394
913 248
402 129
564 630
774 211
135 928
436 315
661 845
341 66
134 638
803 954
706 271
806 268
499 62
674 773
786 878
109 419
33 744
890 542
616 374
670 318
591 509
448 668
146 88
330 18
630 116
619 319
769 692
552 32
587 253
751 370
964 252
9 510
121 21
963 690
50 76
898 232
443 126
39 44
740 900
483 846
575 832
938 211
817 208
506 608
647 965
905 36
361 621
535 950
119 379
967 360
442 855
911 694
807 582
615 408
494 98
255 731
607 378
540 125
633 778
65 114
450 959
63 380
15 442
576 292
750 104
936 133
373 586
930 835
107 51
796 410
605 655
925 744
412 430
381 219
98 945
917 169
455 971
907 493
266 601
441 37
543 188
859 229
137 731
656 3
809 755
579 98
205 677
951 811
348 319
59 153
143 222
220 27
297 753
91 743
74 719
171 658
733 397
481 644
529 838
903 921
338 701
683 217
374 474
603 205
873 236
745 401
889 150
478 195
805 604
619 345
235 917
221 65
533 821
498 10
95 777
573 111
123 600
747 461
17 311
317 403
623 191
291 367
116 29
409 845
851 895
693 919
769 732
841 581
285 205
643 445
434 317
327 736
826 603
372 751
501 435
183 367
302 598
583 812
513 515
667 10
884 893
4 514
161 337
475 201
755 834
865 339
410 699
299 850
535 976
489 737
303 341
19 219
172 617
978 12
615 801
406 881
669 97
720 601
83 231
235 717
421 247
668 621
417 828
727 375
305 121
171 759
807 332
187 944
553 864
179 174
599 431
32 289
815 972
825 63
873 331
888 577
371 947
224 327
127 919
749 73
273 178
619 917
914 341
912 483
359 649
912 543
324 882
323 415
462 247
161 42
473 28
721 521
867 17
832 588
723 617
122 485
207 480
727 277
441 266
359 297
791 169
110 731
923 876
137 280
781 493
551 289
540 39
43 400
401 341
538 637
883 621
453 738
787 525
83 869
141 438
39 677
311 951
233 945
109 277
407 670
582 873
541 924
601 694
393 636
477 751
393 283
63 591
123 781
933 701
638 325
687 343
280 179
408 901
217 427
977 971
7 337
478 449
437 296
651 11
869 649
825 757
66 694
251 208
557 719
629 471
467 327
899 245
261 923
122 629
770 751
291 855
83 3
453 639
655 495
887 295
757 130
787 750
356 901
143 235
190 403
357 471
411 231
148 223
756 968
40 29
177 566
719 87
40 692
363 934
235 957
11 431
563 527
456 398
47 501
88 197
766 490
769 683
535 905
470 757
377 601
533 71
663 916
125 887
747 443
399 124
709 211
163 952
183 897
473 894
703 816
62 759
284 15
23 749
778 919
591 729
131 11
955 511
949 324
244 381
899 443
143 531
653 906
339 871
665 948
12 333
306 683
139 507
803 176
561 508
192 479
189 556
101 269
421 732
683 845
769 397
385 25
369 629
303 589
633 800
374 729
463 772
664 885
842 249
647 652
863 859
394 106
143 385
318 942
908 9
965 935
483 591
675 503
34 3
819 1
405 910
773 861
937 179
587 788
167 325
559 249
637 87
581 98
701 471
723 25
97 75
181 715
435 589
371 460
475 9
529 70
592 799
553 889
977 760
230 950
136 885
933 150
474 585
639 904
448 593
377 59
369 659
277 759
691 781
237 623
317 237
675 307
323 231
685 551
117 133
387 791
767 103
109 215
827 238
372 653
519 323
861 585
337 315
575 177
858 10
534 512
965 823
383 982
557 549
381 395
483 352
721 300
310 447
644 728
929 146
365 737
179 598
193 531
481 457
93 81
595 884
437 197
269 271
237 289
423 67
723 949
807 254
805 111
615 545
710 197
666 99
973 495
465 428
353 411
839 901
302 740
475 922
686 801
462 592
41 326
951 84
42 950
355 713
583 589
889 600
856 141
267 383
17 473
359 789
721 281
747 207
329 109
169 858
235 551
223 205
763 313
239 958
795 557
481 269
355 785
711 316
189 73
321 615
335 523
391 261
154 355
825 168
739 307
828 621
785 99
551 779
46 957
669 564
63 290
67 21
767 106
625 267
413 749
847 435
769 917
883 11
858 971
146 103
297 857
345 353
837 773
77 373
83 893
301 879
407 781
357 21
45 837
121 578
547 757
276 1
369 253
35 52
225 453
807 81
673 232
533 422
703 265
156 879
350 374
793 783
779 87
721 755
771 321
327 727
848 9
17 763
915 695
239 921
833 4
285 307
536 659
154 217
488 701
773 184
241 469
434 452
109 443
350 359
123 659
301 577
805 379
297 734
517 524
386 53
945 870
809 617
495 245
287 371
57 71
364 146
527 857
629 3
666 447
619 413
965 603
537 609
852 279
713 933
787 243
953 675
893 695
599 969
339 313
693 447
391 97
279 637
481 779
549 603
646 631
757 583
283 534
33 383
424 445
214 289
943 347
219 627
918 579
837 180
886 297
342 759
549 284
157 576
877 759
130 915
753 495
933 672
181 823
423 161
440 819
154 877
504 231
550 904
642 646
451 775
902 245
918 609
819 73
233 199
401 111
635 493
969 741
19 227
374 231
535 35
520 676
183 89
754 591
183 231
941 717
423 447
386 429
593 163
439 671
927 461
544 875
572 286
260 175
749 375
415 341
761 585
214 146
373 951
221 181
818 584
535 858
943 399
257 211
389 595
797 60
301 93
83 737
853 15
239 441
758 159
215 801
653 115
977 759
555 735
721 534
923 115
147 53
342 63
332 21
559 973
685 862
927 872
703 331
127 323
321 561
319 903
839 795
613 29
733 584
91 249
783 383
130 54
247 609
721 287
867 271
528 511
779 126
407 879
77 821
688 431
395 497
427 435
353 403
191 642
293 291
205 741
793 511
785 803
786 179
360 67
958 319
920 933
119 3
665 149
299 445
938 261
33 563
441 519
100 286
155 411
749 119
795 672
789 60
427 72
661 117
615 543
381 869
938 23
35 489
651 328
89 67
799 397
573 429
789 879
27 295
920 493
89 895
703 525
28 715
143 561
769 901
819 799
824 474
39 722
775 445
151 968
493 489
161 661
143 945
64 99
12 198
647 15
36 595
860 455
415 639
756 353
965 547
393 603
337 659
306 11
91 791
939 99
686 433
265 855
367 163
13 339
457 412
928 543
443 604
555 411
117 205
221 137
723 267
816 701
151 197
350 577
803 337
541 163
158 739
581 919
119 794
967 13
437 497
970 699
199 197
553 161
545 112
491 48
946 683
357 197
773 575
809 448
877 881
171 903
645 305
417 33
709 579
896 877
854 97
224 395
104 953
415 169
815 1
775 484
513 625
111 791
537 777
367 487
872 913
310 497
597 461
229 469
229 614
784 499
877 259
505 447
691 429
129 587
73 887
237 919
723 402
187 190
309 575
807 481
583 737
509 629
131 90
959 691
135 52
747 957
569 757
453 429
272 860
829 559
425 415
439 499
572 755
379 300
718 813
594 925
416 783
178 205
363 131
83 825
222 793
107 531
83 621
565 737
956 905
66 73
877 29
792 597
101 295
935 961
757 810
253 419
867 31
554 77
213 719
944 575
306 947
283 794
876 752
691 431
95 675
339 813
547 914
445 87
132 487
793 595
911 798
272 343
335 478
607 443
361 437
606 238
51 505
962 701
579 67
435 561
455 621
693 589
673 195
373 903
145 869
481 787
955 437
685 209
165 287
35 577
161 813
56 595
263 676
483 25
969 885
29 765
817 952
573 557
491 259
69 79
199 92
247 497
681 488
254 1
934 485
897 472
876 546
667 488
537 630
155 517
796 383
183 85
275 431
62 743
330 222
566 479
279 506
551 726
486 771
898 974
822 359
587 135
410 265
814 463
520 240
39 303
464 67
233 103
371 507
467 95
173 559
129 191
867 968
789 722
79 497
239 717
701 185
641 244
863 153
445 319
222 195
973 393
129 91
167 211
900 179
40 492
804 647
961 897
929 191
854 729
217 9
467 506
790 715
324 697
79 869
893 801
816 59
429 585
357 354
743 589
743 767
665 955
521 423
213 694
685 135
861 680
19 879
257 143
680 313
833 223
171 684
902 455
110 142
173 697
405 631
607 411
440 739
213 617
455 67
337 817
659 87
550 21
456 62
324 46
589 915
239 605
620 209
321 115
747 871
601 247
186 331
341 695
955 319
880 323
155 822
487 227
685 691
169 106
708 571
423 383
166 29
372 602
789 357
78 159
494 688
803 132
293 713
272 135
451 847
357 755
393 591
324 535
147 523
322 752
2 99
509 452
217 40
198 327
251 813
435 629
457 769
273 67
463 595
465 397
519 716
285 741
501 85
162 452
215 422
769 127
751 89
337 880
401 783
589 3
627 715
537 600
199 484
867 73
193 979
129 572
131 743
245 112
903 71
611 810
599 241
517 671
221 496
4 775
213 848
808 654
147 245
481 759
756 271
79 935
402 43
768 63
803 447
757 307
131 537
981 11
384 169
689 741
509 759
104 382
827 159
683 601
197 144
215 469
57 341
151 659
811 917
599 383
405 607
981 50
767 903
147 555
443 455
258 21
863 89
745 777
899 107
685 305
667 132
183 74
932 877
965 690
496 99
657 209
161 130
661 315
745 159
751 105
941 297
668 307
311 825
47 349
533 371
856 533
37 731
68 343
706 476
406 265
221 285
703 474
231 290
355 865
659 609
727 296
516 24
178 869
440 133
917 337
648 701
703 497
413 601
941 186
310 747
366 374
955 353
345 49
23 512
481 475
825 395
961 269
203 206
204 402
635 330
141 873
284 559
635 319
256 317
745 325
77 634
207 255
554 445
405 348
789 955
810 174
775 497
563 345
590 361
233 183
379 237
935 699
967 609
239 228
800 363
927 357
972 345
696 247
665 691
143 607
467 117
207 883
849 631
655 775
494 678
750 939
407 287
956 55
681 118
365 855
768 750
215 523
888 977
791 798
479 397
355 709
393 154
978 258
183 703
869 403
632 247
57 419
756 349
503 525
59 851
119 665
949 881
578 225
425 917
465 159
753 743
268 283
905 511
795 133
803 550
725 49
140 895
86 371
799 205
932 443
635 855
175 347
465 241
651 370
856 377
478 648
405 547
427 819
535 233
225 19
413 585
948 250
260 915
404 197
63 429
119 965
785 485
301 41
405 73
194 145
442 801
128 213
771 558
255 487
703 718
864 224
34 683
299 744
100 432
527 445
660 295
898 35
173 113
334 403
423 848
806 517
637 163
339 265
33 768
703 273
205 1
913 799
509 73
263 159
171 97
301 773
487 881
357 767
257 823
302 805
813 385
247 71
260 351
9 295
545 93
217 259
661 370
547 929
889 632
691 887
668 823
79 303
313 765
89 3
504 625
935 485
955 537
633 497
879 241
931 531
981 873
203 387
643 9
135 315
615 486
721 453
379 761
554 489
730 823
787 71
157 543
491 293
342 320
783 85
673 14
503 89
453 911
406 465
201 846
218 712
955 231
571 489
513 455
844 819
545 611
673 915
41 151
528 816
766 977
605 673
135 845
293 368
425 547
638 95
559 309
361 677
587 116
547 538
785 191
581 977
803 842
263 406
972 651
37 901
866 99
278 316
423 153
635 223
37 149
865 751
651 326
837 619
703 881
911 561
573 218
701 631
433 337
239 947
655 683
745 383
191 537
932 465
805 821
57 1
481 295
376 179
679 692
129 493
27 777
412 695
925 431
849 429
821 21
273 662
505 823
303 631
37 779
189 317
437 737
70 629
865 419
325 502
65 815
951 901
426 874
529 601
947 933
283 701
780 238
329 135
407 767
299 969
962 457
559 737
649 325
64 849
443 146
384 57
285 3
925 471
505 845
963 341
317 181
938 745
176 114
109 365
838 387
776 22
176 475
77 247
927 95
311 229
447 397
828 98
361 765
937 341
46 25
663 327
592 136
948 283
905 893
317 591
83 475
253 963
102 396
977 315
727 145
91 807
923 678
867 767
481 37
938 919
515 921
917 853
317 752
473 174
671 909
769 345
979 567
766 605
656 384
481 87
499 823
61 759
285 459
743 731
972 855
533 923
850 979
353 741
277 893
606 709
607 915
953 369
485 511
383 897
665 389
351 759
207 367
327 151
292 513
221 923
430 110
555 101
943 791
157 475
143 701
447 205
367 489
809 315
30 617
398 87
949 347
946 277
701 1
35 343
519 765
467 960
773 655
909 364
667 915
967 707
132 511
427 857
189 665
301 877
807 923
828 643
862 759
35 625
661 757
559 975
847 267
875 793
115 211
45 431
953 317
684 792
335 166
499 74
705 490
701 290
61 597
188 709
671 229
551 766
119 10
334 801
46 225
839 372
287 446
807 757
575 532
393 767
284 759
861 469
811 565
221 474
871 735
379 609
651 59
500 971
257 849
775 325
361 3
11 710
976 388
289 919
213 790
569 208
945 731
63 847
225 327
257 215
588 756
720 803
143 943
938 29
365 801
399 191
439 67
357 739
607 89
668 489
138 463
329 969
693 35
925 243
324 487
730 305
173 429
561 548
654 319
838 469
925 285
417 813
237 75
943 721
213 805
837 601
12 539
835 873
165 935
787 848
818 816
977 801
838 271
213 941
107 144
763 553
359 236
156 827
173 633
507 112
749 723
123 551
661 439
14 2
720 517
809 487
501 439
29 531
807 937
491 265
571 356
697 89
491 208
645 702
384 885
645 719
885 746
117 259
396 677
843 818
235 291
433 135
839 629
397 78
466 511
645 920
187 881
619 262
679 923
339 349
738 845
907 783
815 223
45 261
309 251
955 699
371 585
129 221
199 937
519 691
143 869
89 887
408 767
647 429
173 856
453 741
49 595
513 738
406 111
417 49
115 94
852 35
366 944
322 101
865 931
960 205
234 414
649 589
287 699
405 509
835 133
481 981
776 185
76 715
883 317
233 806
687 291
917 764
773 370
796 145
41 384
623 66
363 55
249 303
192 979
100 205
334 367
529 236
902 271
615 889
109 217
554 725
290 831
451 3
88 919
493 596
409 695
310 83
437 539
499 489
408 525
706 823
359 955
697 552
201 99
221 73
883 175
125 57
645 151
763 947
363 591
475 185
262 129
215 744
911 323
673 577
753 901
566 2
177 383
30 611
803 211
323 960
217 313
545 277
369 71
833 627
940 591
632 185
456 596
705 185
303 181
931 375
249 898
979 428
721 36
829 273
525 429
261 120
121 231
713 419
361 350
833 105
338 61
111 774
195 926
399 890
770 511
437 611
534 381
730 15
402 215
963 603
405 921
505 127
913 13
279 175
643 241
499 715
17 122
311 738
503 569
310 353
689 425
853 677
310 146
779 625
856 443
711 568
513 287
140 81
889 465
359 881
667 591
513 314
109 439
395 717
930 261
187 435
27 551
871 531
410 855
41 341
161 53
143 407
955 331
15 859
413 962
335 878
761 649
844 9
504 167
79 158
145 9
789 447
781 585
269 869
451 303
442 603
592 741
393 407
535 871
711 309
857 870
883 539
137 234
254 379
45 271
681 45
925 858
437 303
637 270
156 185
281 878
961 3
367 277
536 298
266 163
957 195
143 683
494 356
473 306
317 505
814 859
644 87
288 876
313 666
507 167
257 567
708 299
713 396
817 855
468 153
39 24
523 901
599 47
411 468
689 649
663 953
55 216
724 113
873 97
331 15
361 55
563 277
979 35
233 139
109 783
79 243
188 786
15 25
315 737
411 731
447 53
805 397
581 81
119 49
15 98
203 803
157 683
815 905
265 50
551 919
516 803
543 381
121 793
93 9
192 133
417 181
571 516
714 672
947 319
961 351
555 819
329 392
757 819
363 325
542 499
95 737
380 127
932 494
193 447
457 437
34 876
557 967
473 679
16 56
521 680
101 471
929 509
225 695
531 762
662 717
145 442
681 195
708 573
375 869
665 947
361 568
237 735
192 229
958 73
587 187
689 706
137 938
811 51
711 951
701 649
869 603
181 202
141 247
311 189
928 395
285 503
797 1
428 400
255 767
745 864
281 89
685 811
773 609
659 275
459 569
333 815
231 541
381 144
126 887
663 19
913 649
723 543
761 261
249 893
249 585
667 681
327 285
963 811
779 471
469 759
221 646
192 121
653 20
885 85
226 7
251 755
457 237
201 3
642 475
155 839
503 303
745 935
685 317
220 456
723 953
608 498
599 59
725 420
969 799
221 327
720 609
399 873
939 49
433 683
425 195
427 577
811 781
283 712
311 422
57 577
35 13
413 725
306 583
941 12
441 694
792 733
451 885
61 197
459 247
303 25
