68718149978006308
68718149978006308
68718149978006308
262151034316
262151034316
262151034316
68719180306711264
262151034316
262151034316
68742188391678608
68700509723969416
68700509723969416
68700509723969416
262151034316
262151034316
68732065375532408
68732065375532408
68718227422593096
68718227422593096
262151034316
262151034316
68719945488578704
262151034316
68719945488578704
68688111322694472
262151034316
262151034316
68722956331350280
262151034316
262151034316
262151034316
68719638409295428
68719638409295428
68719638409295428
262151034316
68742789280467516
262151034316
68742789280467516
262151034316
262151034316
68700526349824704
262151034316
262151034316
262151034316
68689345665620788
68689345665620788
68689345665620788
262151034316
68743711501695440
68743711501695440
262151034316
68700895523857308
68711523120250732
68711523120250732
262151034316
262151034316
68711523120250732
68711523120250732
68711523120250732
262151034316
262151034316
68711523120250732
262151034316
68687258941140636
262151034316
262151034316
68687977128889292
68687977128889292
262151034316
262151034316
68742940125708224
262151034316
68742940125708224
262151034316
262151034316
68754684900825936
262151034316
262151034316
68719731357252992
262151034316
68719731357252992
262151034316
262151034316
262151034316
262151034316
262151034316
262151034316
68700430429914000
68710919318113464
262151034316
68711194115708688
262151034316
262151034316
68701037363939236
68701037363939236
68701037363939236
68701037363939236
68701037363939236
262151034316
262151034316
262151034316
68732012257552252
68732012257552252
262151034316
262151034316
262151034316
68732012257552252
68732012257552252
262151034316
68722914136607164
68731760285727032
262151034316
68731760285727032
262151034316
68731070226381532
262151034316
68742100852052040
262151034316
262151034316
68742100852052040
68742100852052040
262151034316
68723777927549056
262151034316
68723581521727924
262151034316
68722972563061900
68722972563061900
68722972563061900
68722972563061900
262151034316
262151034316
262151034316
262151034316
262151034316
68712054615169228
68712054615169228
68689338384823904
68731821347458456
262151034316
262151034316
68731821347458456
262151034316
68731821347458456
68731821347458456
68731821347458456
68700748986166560
262151034316
68723849881030608
68723849881030608
262151034316
262151034316
68701407113680128
262151034316
68701407113680128
262151034316
262151034316
262151034316
68722961366519332
262151034316
68722961366519332
262151034316
68710893908052808
68710893908052808
262151034316
68710893908052808
68718779325524672
68711838165987992
262151034316
68730378949832836
68730378949832836
68711055061564420
68711708078064276
68711708078064276
262151034316
68755144405596436
68755144405596436
262151034316
262151034316
262151034316
262151034316
262151034316
262151034316
68687985720688288
68687985720688288
68723943506381532
262151034316
262151034316
68718807684254152
262151034316
262151034316
262151034316
68710895718043896
262151034316
68710895718043896
262151034316
68700883055053556
68719949663493668
262151034316
68699231168802872
68699231168802872
68723650114452604
68722958647702360
262151034316
68755099027828556
68755099027828556
68755099027828556
262151034316
68731848620826900
68731848620826900
262151034316
68731848620826900
262151034316
68730826823949628
262151034316
262151034316
68723181309559416
68723181309559416
262151034316
262151034316
68723181309559416
262151034316
68700851807215964
68700851807215964
262151034316
68724046647966428
68724046647966428
68724046647966428
68724046647966428
262151034316
68724046647966428
68724046647966428
68724046647966428
68732523156213904
262151034316
262151034316
68741481480083028
68741481480083028
262151034316
262151034316
68700462394558760
262151034316
68720394870716644
262151034316
68719590163021300
68718796174227432
262151034316
262151034316
68743630526837960
262151034316
68710388311032264
68710388311032264
68701446042610104
68731743728088056
262151034316
68731743728088056
262151034316
68754440258784188
262151034316
262151034316
68688261812571776
68688261812571776
68688261812571776
262151034316
262151034316
262151034316
262151034316
68723874573876632
68723874573876632
262151034316
68723874573876632
262151034316
68754923927976164
262151034316
68754923927976164
262151034316
262151034316
68730958670528372
262151034316
262151034316
262151034316
262151034316
68754983071922380
262151034316
262151034316
262151034316
68711325272227872
68711325272227872
68711325272227872
68711325272227872
262151034316
68700023790403328
68723917363335388
68723917363335388
