1516
1 826
1 1231
2 125
3 859
3 1429
4 1331
5 1414
6 854
7 518
8 544
8 975
8 1145
9 52
9 960
9 1303
10 316
11 1431
12 962
13 135
14 328
14 813
14 1258
15 90
15 183
16 103
17 32
17 644
18 538
19 1132
20 620
20 925
20 1231
20 1483
21 472
21 1512
22 135
22 666
22 955
23 438
23 967
23 1292
24 366
25 356
25 631
26 204
26 213
26 1170
26 1237
27 255
27 516
27 570
27 603
27 765
27 1370
28 1140
29 804
29 1437
30 1477
31 708
31 1240
32 845
33 360
33 807
34 901
34 1453
35 541
35 653
35 1388
36 538
37 42
37 858
38 625
39 440
39 472
39 1195
40 509
41 733
42 200
42 342
42 462
42 1221
42 1247
43 564
43 978
44 147
44 593
44 620
45 58
45 538
46 1466
47 1315
48 337
49 1304
50 573
51 1438
53 105
53 226
53 498
54 62
55 708
56 270
56 368
57 623
57 732
57 895
59 185
60 244
61 679
62 877
63 512
64 70
64 336
64 1150
64 1517
65 284
66 110
66 750
66 1252
67 959
68 1452
69 565
69 1158
70 312
71 1061
71 1305
72 450
73 251
73 661
74 86
74 1437
75 256
75 357
75 581
75 1322
76 85
76 686
77 496
78 733
79 396
80 100
80 1358
81 174
81 597
81 1027
82 435
82 624
83 129
83 1143
83 1435
84 226
85 220
85 1224
85 1315
86 888
87 970
88 452
88 490
88 970
89 444
90 232
90 441
90 526
90 1098
90 1271
90 1320
91 692
91 924
92 764
92 811
92 812
93 1250
94 207
94 765
94 781
94 1249
95 160
95 422
96 553
97 274
97 732
98 1381
99 217
99 241
99 467
99 1464
101 842
101 1029
101 1282
101 1361
101 1453
102 875
102 1161
102 1362
103 184
103 1290
104 1054
106 1374
107 740
108 1350
109 842
110 950
110 1394
111 380
112 115
112 747
112 1360
113 499
113 503
113 755
114 303
114 986
115 1116
116 607
116 1243
117 744
118 604
118 783
118 1156
119 736
119 1475
120 129
120 1027
121 858
121 909
122 320
123 1308
124 712
124 994
125 811
126 988
126 1412
127 344
127 457
128 532
128 1356
129 355
129 534
129 1175
130 211
130 510
130 580
130 1122
130 1334
131 133
131 246
131 702
131 723
131 1069
132 1206
134 768
135 884
136 328
136 1026
137 183
138 1244
139 228
139 421
140 232
140 1223
140 1379
141 512
141 1346
142 684
143 393
144 692
145 164
145 669
145 915
146 166
146 583
148 420
149 1439
150 173
150 740
150 977
151 188
151 205
151 659
151 1092
152 729
152 987
153 791
153 983
154 281
154 767
154 1164
155 888
156 1011
157 292
158 392
158 667
158 1290
159 893
159 1246
159 1477
160 801
161 1271
161 1403
162 1285
163 238
163 1176
163 1265
164 1073
165 514
165 952
166 1478
167 265
167 1160
168 1166
168 1302
169 348
169 1152
170 386
170 756
171 898
172 186
175 436
176 563
176 744
176 773
176 795
176 1114
177 909
178 1269
179 1460
180 266
180 354
180 485
180 827
181 351
182 327
182 1164
183 267
185 214
185 689
185 897
185 1416
186 462
186 808
187 499
188 1390
189 381
189 391
189 1122
190 350
191 900
191 1389
192 433
192 870
192 950
192 1028
193 392
193 423
194 305
194 506
194 1476
195 258
195 610
195 640
196 859
196 1131
197 273
198 308
198 1132
198 1467
199 731
200 749
201 1198
201 1502
202 1352
203 1105
204 622
206 276
206 1007
207 1018
207 1498
208 384
209 550
209 641
209 1337
210 310
211 458
211 976
212 733
212 985
212 1008
215 833
215 1504
216 1065
217 745
217 1396
218 357
219 1344
221 542
221 663
221 1130
222 1429
223 293
224 308
224 432
224 1269
224 1407
225 681
225 954
225 1422
226 235
227 869
227 1235
228 1098
229 288
230 1367
231 318
231 579
233 875
234 755
235 847
235 885
236 306
237 1187
239 603
240 346
241 335
241 1427
242 479
242 1054
242 1334
243 506
243 832
244 710
245 1452
247 545
248 1032
248 1266
248 1301
249 454
249 1064
250 1333
251 1410
252 1078
253 413
253 609
254 661
255 1311
256 1193
257 559
257 1107
257 1485
258 690
258 1490
259 417
259 1197
260 400
260 1061
261 301
261 617
262 648
262 675
262 1105
263 1274
264 821
264 1232
265 269
265 450
265 751
265 1179
266 318
266 566
266 729
268 924
269 395
271 750
271 1489
272 303
272 803
272 1118
272 1119
272 1251
273 546
273 1483
274 1457
275 1177
275 1397
277 393
277 743
278 447
279 1253
280 1140
280 1324
281 347
281 1421
282 1248
283 512
283 530
283 797
283 904
283 1270
284 578
284 1100
285 351
285 860
285 1263
286 1055
287 584
288 492
289 991
289 1048
289 1111
290 746
290 1181
290 1324
291 1029
292 463
293 446
294 871
295 1246
296 626
297 749
298 330
298 1068
299 386
300 996
301 508
302 895
302 972
303 1381
304 507
305 312
305 921
305 1075
305 1513
306 321
306 1314
307 842
307 926
308 820
308 1066
309 458
309 862
310 1173
311 396
311 576
312 883
313 429
313 1266
314 748
314 1108
315 341
315 354
316 574
316 828
316 1459
317 661
317 974
317 1117
319 363
319 437
320 684
320 993
321 757
322 638
322 891
322 1091
322 1392
323 956
324 859
325 1387
326 1014
327 556
327 1146
328 735
328 879
329 1446
330 385
330 1152
331 595
332 550
332 914
332 1443
333 720
333 1160
333 1440
334 1259
335 810
336 853
337 339
337 1253
337 1291
337 1411
338 612
339 793
339 1094
340 723
340 1167
341 1090
343 513
343 666
344 473
345 918
346 405
349 1502
350 518
350 781
351 567
352 462
352 1275
353 564
354 910
354 1484
356 904
356 1200
357 535
357 540
358 434
358 580
359 444
359 1140
360 880
360 1320
361 944
361 1217
361 1484
362 772
363 583
363 694
363 1014
364 415
364 1500
365 965
365 1043
366 514
367 625
367 872
368 1083
368 1188
369 705
369 866
369 923
370 495
370 786
370 906
371 661
371 1080
371 1195
372 758
372 787
372 1197
373 630
373 1011
374 802
374 1179
375 482
375 704
375 730
375 1017
375 1037
376 400
377 1238
378 496
378 789
379 1356
380 563
380 1001
382 470
382 1007
383 471
384 835
384 1028
385 1254
385 1413
386 469
386 994
387 1361
388 834
388 997
389 914
389 1419
390 603
391 839
393 462
393 1485
394 1148
394 1494
396 784
396 1294
397 801
398 1299
399 917
400 703
401 1181
402 609
403 751
404 1443
405 411
405 1046
405 1261
405 1445
406 594
407 1332
408 673
408 1199
409 1409
410 1419
412 689
412 890
413 621
413 918
414 847
415 1226
416 727
416 1454
416 1482
418 1072
419 792
419 889
420 516
424 1496
425 830
426 483
426 530
427 977
428 1253
428 1436
430 1132
431 1213
432 561
434 1352
435 598
435 1010
436 1019
436 1053
438 657
438 863
439 1435
441 662
441 838
442 521
443 484
445 501
445 658
445 1355
446 916
447 554
448 837
448 1158
448 1205
449 1010
450 493
451 1118
452 894
453 796
454 844
454 1369
455 552
456 625
457 560
457 700
457 738
457 939
457 1019
457 1328
457 1439
459 654
459 1161
459 1213
459 1384
460 1062
461 1472
463 506
463 594
464 1032
464 1228
465 568
465 759
466 473
467 468
467 1147
468 685
468 688
469 927
469 995
470 889
470 1431
471 1288
472 1045
473 699
473 711
473 848
474 986
474 1290
475 841
476 1159
476 1246
477 1137
478 572
479 552
479 793
479 1219
479 1506
480 1474
481 615
481 1030
481 1367
482 1330
483 527
483 1486
484 812
485 924
486 717
487 1022
488 748
488 928
488 1157
489 1322
489 1367
490 929
491 1462
492 969
492 1494
493 504
493 1286
494 1147
496 632
496 836
496 1298
496 1301
497 781
497 1139
498 1334
499 791
499 940
499 1321
499 1435
500 558
500 1081
502 790
502 1039
502 1248
504 1013
505 1115
506 1206
507 1346
508 994
509 1306
509 1357
511 1306
515 1472
517 945
517 1370
518 525
519 610
520 637
521 725
521 1244
521 1273
521 1447
522 1288
523 914
524 1463
525 1434
526 698
526 1429
527 912
528 928
528 1239
528 1480
529 1304
531 1222
532 586
532 866
532 1081
532 1493
533 987
535 601
536 695
537 720
538 1344
538 1472
539 749
541 922
541 936
542 1172
542 1193
543 1316
544 717
545 870
546 809
547 781
548 857
549 1430
550 1079
551 913
551 1364
553 840
553 1229
554 615
555 893
556 886
557 976
560 1049
560 1166
561 1151
561 1424
562 1043
562 1208
562 1302
564 855
564 919
564 1447
567 941
567 1393
568 749
568 1171
569 1371
570 652
570 877
570 957
571 1345
572 1009
572 1126
573 981
573 1513
574 722
575 1050
576 709
576 1105
577 1463
578 743
579 1338
580 817
580 1281
582 1316
582 1515
584 764
584 905
585 818
585 935
585 1114
587 1305
588 1062
588 1312
588 1319
588 1339
589 1015
590 616
591 1236
592 1343
595 703
596 1466
599 1156
600 743
602 1462
602 1476
605 687
605 1491
606 813
607 1188
608 1192
608 1276
608 1288
609 934
609 1165
610 1095
611 846
611 880
611 894
612 637
612 1039
613 907
613 1193
614 904
616 984
616 1452
617 1128
618 986
619 933
620 1141
620 1487
623 1082
625 749
625 1384
626 1255
626 1373
627 735
627 1134
628 1048
629 942
629 1449
630 1155
633 1089
633 1511
634 1491
635 993
636 670
636 742
636 1203
636 1295
636 1297
637 715
639 1338
640 1245
640 1371
641 1343
642 1084
643 1189
644 829
645 1490
646 680
646 1166
647 1000
648 807
649 956
649 1201
650 1299
651 1441
653 1173
654 964
654 1138
655 1136
656 658
657 1180
657 1210
657 1317
659 958
659 1382
660 1444
661 906
661 1334
662 1272
664 1020
664 1078
665 669
666 1423
668 983
668 1377
670 1449
671 883
671 949
672 816
674 1038
675 976
676 910
677 1046
678 992
679 1197
680 851
681 895
682 1236
682 1491
683 1039
685 1100
686 1133
686 1211
687 754
688 1492
689 1285
690 1034
691 1372
691 1380
693 765
693 908
695 870
696 952
696 1451
697 1130
698 820
698 1445
701 1010
701 1102
703 1103
703 1316
703 1335
703 1356
703 1369
704 1040
706 851
707 882
708 932
709 1494
710 1311
713 1058
714 715
714 1204
715 771
716 737
716 1165
717 1450
718 785
718 990
718 1253
719 1134
721 961
724 904
724 1199
726 787
726 882
726 1192
728 980
728 1389
728 1462
731 779
732 1356
734 854
734 1147
734 1230
738 1345
739 1040
739 1041
740 841
740 1229
740 1494
741 1064
742 1028
747 1290
748 1259
748 1441
749 816
749 873
751 1214
751 1331
752 1302
753 1393
754 1089
757 808
757 1164
760 1324
761 958
761 1004
762 1292
763 991
765 1345
766 922
766 1349
766 1404
768 1014
768 1323
769 931
769 1099
769 1483
770 1291
771 1284
771 1511
772 1048
773 1085
773 1266
774 1267
775 824
775 1110
776 1428
776 1467
777 937
778 1049
778 1289
779 1215
780 884
781 857
782 1044
783 1449
785 1003
785 1036
786 1101
788 1193
790 996
793 909
794 937
794 1009
795 1386
796 1298
797 898
798 1490
799 863
800 918
801 1271
801 1372
804 934
804 994
804 998
805 1381
806 1004
807 1501
808 1442
809 1404
811 875
811 1172
811 1323
813 1435
814 1504
815 1481
819 852
819 1252
820 1215
821 988
822 1476
823 951
824 1069
825 949
828 1238
828 1304
830 863
830 1065
831 1368
833 860
834 1074
834 1256
835 874
835 1113
836 1433
836 1444
837 1414
839 864
842 1021
843 969
843 1318
845 1152
845 1262
846 1374
849 1503
850 934
850 1368
852 1274
852 1348
854 1050
856 1211
857 860
858 1206
860 1125
861 1376
865 915
865 1264
865 1442
865 1451
866 975
867 996
867 1481
868 1029
868 1503
869 1184
871 1355
872 1040
874 958
874 1051
874 1163
874 1378
876 968
877 1353
878 940
881 1216
884 1147
885 1010
885 1266
885 1325
887 1314
888 1070
892 1453
895 931
895 956
896 1202
897 1412
899 1250
899 1476
900 1241
900 1414
902 1476
903 1077
908 1390
909 962
909 1248
910 948
910 1401
910 1412
911 1320
913 1072
913 1380
913 1460
914 969
914 1006
914 1093
915 1431
916 919
917 1111
918 1496
920 1361
922 1255
922 1287
922 1336
923 1022
924 1233
930 1018
930 1415
931 1028
933 1329
937 1101
937 1351
938 1025
938 1399
940 1342
940 1452
941 1207
943 1372
946 985
947 971
947 1105
951 1077
953 1427
954 1465
957 1376
959 1395
959 1428
960 1028
960 1209
961 1333
963 1208
964 1471
965 1280
966 1503
968 1069
973 1049
976 1189
978 1087
978 1306
979 1206
979 1394
981 1057
982 1182
985 1021
986 1292
988 1212
989 1148
992 1234
993 1451
995 1340
998 1354
999 1412
1000 1473
1001 1468
1002 1152
1004 1149
1005 1099
1006 1446
1009 1162
1011 1262
1012 1036
1015 1084
1016 1227
1016 1363
1016 1384
1018 1182
1020 1510
1021 1076
1021 1084
1023 1347
1023 1382
1023 1397
1024 1396
1028 1062
1031 1384
1033 1423
1034 1169
1034 1438
1035 1172
1036 1071
1038 1211
1038 1494
1042 1448
1044 1465
1047 1061
1050 1202
1052 1208
1055 1062
1056 1391
1056 1441
1058 1470
1059 1115
1060 1140
1060 1368
1062 1097
1063 1285
1065 1293
1067 1502
1069 1494
1074 1386
1075 1220
1077 1370
1078 1191
1081 1191
1082 1237
1082 1507
1082 1509
1086 1384
1088 1422
1093 1279
1094 1346
1096 1420
1099 1188
1100 1183
1103 1225
1104 1329
1106 1194
1106 1240
1106 1392
1109 1328
1111 1411
1112 1458
1115 1267
1115 1490
1120 1354
1121 1203
1122 1292
1123 1290
1123 1497
1124 1371
1127 1369
1127 1417
1129 1156
1135 1169
1135 1288
1136 1313
1136 1358
1137 1324
1142 1374
1143 1277
1144 1342
1146 1409
1147 1505
1149 1405
1151 1299
1152 1198
1153 1387
1154 1180
1154 1387
1156 1359
1166 1470
1168 1195
1169 1489
1172 1495
1174 1318
1175 1398
1178 1412
1183 1500
1184 1224
1185 1359
1186 1243
1187 1357
1189 1399
1190 1199
1191 1333
1194 1295
1195 1458
1195 1463
1196 1228
1198 1367
1210 1420
1213 1425
1216 1377
1218 1305
1218 1496
1222 1301
1231 1344
1234 1390
1240 1479
1241 1268
1242 1441
1250 1257
1250 1355
1251 1308
1251 1448
1258 1447
1259 1432
1260 1327
1262 1456
1265 1347
1267 1475
1278 1435
1283 1469
1285 1327
1285 1435
1285 1459
1292 1416
1296 1414
1299 1455
1300 1442
1303 1473
1305 1426
1307 1326
1308 1309
1310 1507
1314 1474
1314 1499
1326 1510
1329 1381
1331 1401
1332 1365
1332 1376
1336 1366
1337 1341
1350 1376
1355 1514
1358 1428
1363 1402
1370 1508
1372 1400
1372 1488
1375 1457
1383 1385
1383 1508
1391 1404
1397 1516
1401 1418
1406 1419
1408 1504
1430 1439
1432 1466
1438 1503
1440 1454
1461 1471
1468 1469
1477 1494
