8
12
0
11
3
17
13
2
1
0
8
2
2
16
2
0
2
0
5
0
11
11
6
2
1
0
2
16
0
5
2
2
5
0
0
4
4
5
4
4
4
3
13
0
12
15
11
0
1
3
2
4
6
7
14
5
1
0
0
7
4
1
21
1
15
17
0
2
0
3
18
1
0
0
2
9
1
0
0
5
0
1
4
0
0
2
0
1
2
2
2
2
4
8
4
11
2
3
11
1
17
12
14
15
0
2
7
2
5
4
4
1
18
2
2
5
15
0
2
2
15
0
2
5
0
0
2
4
0
0
2
2
0
5
6
2
2
19
0
2
3
0
14
3
0
0
0
4
7
22
16
10
9
4
2
3
11
18
2
0
0
2
4
16
2
6
14
1
19
4
13
2
15
0
0
1
0
15
17
0
1
3
3
3
14
1
6
0
0
5
4
11
5
9
17
2
2
0
2
3
2
9
21
2
1
0
4
0
3
13
6
14
3
6
6
6
12
5
2
16
0
17
16
2
1
0
11
13
16
3
4
12
10
1
1
2
5
1
2
11
6
5
2
1
1
13
9
2
20
1
2
2
4
0
0
16
18
11
4
4
6
2
2
1
0
12
16
5
11
2
17
4
1
0
6
3
5
18
2
6
2
0
7
2
6
7
20
0
14
6
0
1
0
15
13
0
6
3
7
1
4
2
1
14
7
0
2
2
2
5
0
5
3
1
1
6
2
2
15
1
0
8
15
1
2
5
2
8
5
2
0
1
1
20
0
0
13
10
5
5
2
13
17
5
18
0
8
4
2
0
2
2
0
15
4
1
4
6
