1
7
6
29
18
44
3
95
142
0
52
19
7
49
40
4
78
15
7
0
162
53
64
22
35
7
62
0
0
125
6
3
8
4
1
32
0
104
58
19
124
2
227
12
99
74
79
11
148
43
92
26
29
6
12
0
236
15
184
110
21
5
35
2
0
26
15
14
9
61
34
18
170
0
161
90
63
16
4
79
25
3
172
336
9
14
3
2
37
2
1
3
148
5
7
1
71
35
421
15
13
0
85
39
132
62
0
54
69
28
15
2
6
9
64
1
0
7
0
1
81
3
1
0
335
10
34
4
54
105
4
61
23
137
3
3
231
16
16
0
3
17
61
23
1
291
8
4
6
9
2
58
12
70
27
0
15
2
154
2
1
0
3
2
5
0
12
236
60
23
3
3
5
28
0
111
23
31
1
0
16
23
0
0
8
84
13
30
10
5
71
165
16
26
1
86
10
15
2
292
64
143
1
0
2
1
31
69
45
1
2
216
13
0
31
238
0
4
79
13
1
15
153
68
276
113
12
21
43
17
283
36
0
7
0
156
5
25
78
49
49
35
70
24
2
11
149
13
59
34
0
94
352
6
42
101
115
156
6
16
5
383
1
1
4
149
0
14
27
29
24
0
91
346
4
0
249
19
4
23
5
170
5
7
4
7
7
10
51
197
142
1
0
32
148
2
163
3
59
0
0
65
104
2
7
3
5
58
17
14
24
97
5
6
4
2
5
64
0
4
219
28
52
173
0
93
97
6
4
80
6
4
253
28
10
5
181
99
18
62
5
5
30
130
3
7
16
274
50
15
16
35
2
2
1
12
5
246
2
162
12
22
1
1
18
335
2
191
95
43
88
1
8
26
79
0
1
0
0
180
0
2
4
106
4
0
35
4
29
113
0
31
89
0
133
17
41
210
58
8
11
15
121
0
21
7
9
1
11
100
126
210
9
0
55
0
0
1
1
78
4
2
6
0
47
17
11
40
1
67
17
0
274
12
117
1
2
80
149
88
22
1
44
1
186
32
51
14
34
56
54
54
72
88
3
43
288
14
52
55
17
6
152
1
0
134
27
9
4
177
3
2
4
51
3
33
33
0
0
218
18
0
20
300
84
57
111
71
22
6
94
2
110
60
7
214
15
14
58
4
40
76
24
13
183
79
7
0
0
89
2
39
7
5
23
12
73
458
65
20
4
2
124
6
191
52
244
85
97
0
0
12
25
7
19
0
4
8
191
110
50
11
425
7
8
122
29
63
143
104
3
332
4
0
15
252
0
57
16
7
25
183
13
23
0
10
0
2
9
3
0
350
28
68
103
16
2
62
7
10
2
167
12
49
8
28
4
175
9
45
7
4
92
10
7
21
187
3
4
0
13
33
0
72
0
0
20
67
0
3
323
1
0
0
83
3
20
379
2
43
3
141
23
181
0
135
29
1
6
1
9
0
51
0
3
5
101
18
44
6
90
197
1
2
82
32
74
25
26
2
101
0
89
37
189
1
119
128
17
13
3
5
164
81
1
42
118
27
12
0
17
1
4
50
0
41
13
66
18
5
5
1
1
0
81
136
0
83
2
283
262
5
6
1
49
4
73
0
78
51
157
2
81
0
107
0
0
85
2
11
15
5
2
62
2
1
9
76
253
1
6
1
14
0
0
1
27
16
23
35
27
62
55
4
0
2
42
118
313
0
229
1
9
12
121
0
0
213
1
3
2
41
144
149
100
17
41
2
52
20
5
47
106
7
2
11
19
26
88
4
181
2
44
3
9
0
42
39
0
117
284
20
77
136
2
2
10
12
14
154
292
80
19
26
6
19
12
13
0
71
6
220
6
55
3
297
218
15
7
141
43
3
3
9
8
5
118
0
0
4
6
65
3
67
5
32
2
114
76
192
27
2
11
43
6
4
68
42
41
106
42
47
8
0
12
184
52
117
8
2
205
104
39
47
2
15
43
4
6
39
32
6
200
2
4
4
6
5
50
126
13
10
205
2
101
1
2
3
47
1
2
2
0
33
31
198
3
0
123
261
19
72
38
127
0
10
276
3
72
15
15
0
13
0
33
0
3
212
0
1
43
23
0
171
15
40
71
33
2
0
6
0
38
65
77
113
3
3
1
32
7
28
30
48
70
5
0
1
1
32
0
66
26
152
214
11
39
20
21
37
4
85
2
12
10
3
33
0
3
12
5
2
54
173
29
0
62
13
192
13
53
194
