642 14
miqojheasakclw
oktucposcopvks
fjqqbaesyiwkni
wzavskqjljoujl
egwkivwpmnwgug
twonoexywgzcmw
lvqmwykyveejcm
qrsomybtuphnqh
kgcgidvuunyoga
bcqqksluuommui
cmyyyihkmbxwqo
mssygbciecisoc
mugcvvmonkaryy
gewysouqoweeqr
acsukoamqofkwo
bmeoaiaczedslb
gyzqmarpmxksei
ekokoohycuyjeg
cygzcggevpqkqd
pcfgagnkoeiaph
eqsikyqmuiqalv
vpmxyqocsggcjg
giwqmeofgcbqmy
torneyggycesyy
gcestkscjsmlpi
emgkumpzyiwuvk
kuamzwszergcca
pqsujwvwsnsooa
biamwihhuyssuq
omxkisskuiouos
kgkwiuoakkudfs
scwcnomskmiyqk
iewmsksygypsfs
yhkwpcsmlqdymh
pwcsogwepszuac
ibkeeqgawessat
gzabsewovckgkq
kckluygazurjyk
rugvayvkaseqau
urgsukskwkuqoa
verissskioygcq
dsffqqahcnoiys
jofociuecsrhuk
mjwpmzaqbgjbke
wkwpgbipimicci
rmekucmkykwgpi
uzeujmkeynkjqd
ailkohevebacws
momdzsjyyvucsg
usqocwgqzytbsp
ieymkpeggyimka
yhoeysyuiqknsd
aquqgzjadmgcmo
psutgcaywwseoq
sowyawiyobscse
wuwvfwuuelrmek
gswcycciqahema
uimsqepwqmlmmp
qfwdagmisagoia
khukgkdynsovmc
uqmriowysjzzwj
xepjugacnganyu
cusyjcjomweakj
ssebqevygugjgf
uqifgzsyygkcse
ypsmzyvoivoqww
lyhstasiwawavw
sfcgcdwibkmisl
wwoymnyeykwtoh
cwmkcmicnoudks
kndafqqgiquyie
swofmagmmpcdwi
gqevikxangsikj
qzaiqiiwucewgh
yhqqbafsvyqawu
wxmsbilbjymmme
hrkjleyggmfqxt
quwkqwkoswcuca
uesyoaauycjcox
dkgomwuseszaam
goukzfqcllifeu
njgyewoooscimu
skmscmyqeqmgzo
cugownsdvlfuud
namskuityyqecq
ygloyoewscsdra
glwaagalweybyk
scugkqpmmzymrd
conismzzuisocu
measlpkqiyskpk
usszkqeipugyqt
skahtvagiyxyak
wkomqewbsdsmms
uylpimsvmcqkdq
wnnaaqihiaipys
myoueumlqdaqni
gsuomuygeqggco
yaggopqyeoiyud
iekgzqgedpvola
mdnguamqqofndx
asbdwogbwejrrm
zmmsskegeqikyk
oorgosoieqgiya
gxubosomkaivdg
nqkoumoesotkfi
koiouukikebkdi
loeqdasqcetaae
sijameegsuwymg
pkgbgqswghegys
twdkyggwvlkest
ikxemskuoprkpy
fwowiwsxsstrca
ecuoynzgaogiym
wzfwjkiwnkfxec
uyyqywpsatyijq
qyaqneumyeuwwi
ggayrikgaeyyob
wiicsynchsubip
kvkekytwyockim
uigftuyuzqiyaq
eqwhqsqncigsee
newtwyqadcdrce
wjkggdggvaaicf
mexfkmmcduuzfv
kwhggecswmkolk
cywlmrwpeetiow
keelzkmxilrrqm
uayaktehbyecbg
ikmksilcsymeev
kcikuwwyhuqnxi
wwkrqqzfyeyeua
tgxgkivsghoydg
hbukalkqpnugim
uqgqrgbuyqmmgg
ypmwfowigkqeas
ikubewnssiokoe
mnwduyggbgkpgo
utgpytgwympmao
qwkwdyosslosry
ofnhzsvxcnwgyy
yxzwocqstqaeeq
guripfuowuohlo
zhslictfxuovyk
qohsasgewcmsye
lzutyqwosmvlta
ibeyegusovugqk
cakksrwoqmican
uacujiygkpgqoy
xoorviewpzimli
xutauozalkjyfx
zmxgwsirihgtsh
cingvlsnguzymm
uwlyzzccqmhsyq
etbkomaczmecom
kacckupceaksal
ymsqwocugmsekt
hjqdeusuzakoey
swaqskjctibxab
hocwtniysqywec
emaueitsiymayr
iigxcumcnkimyw
ewdemwqsquixae
icmasdeuizoioa
uoipagsqyiuzmc
wcrqgeswkikanh
siswykmosizqeh
luewbuqumqymdq
sdiksqjisjlgwd
ykqmuljegwwcqd
aaqjkevqumidow
qcalbequotoswe
sucxpckoyabxsi
mlodihsanqmlci
jzmbouqwclnuiy
nksjgcmeiesioo
ayegmnowchzaor
sqsacssekyqkuh
megvhckwihqcry
sccqcsuhcskqqi
koqsppsriaokih
cxueufiuaciwio
kxdocgumqygqdi
megnacvsijyycc
guusomkuxdhwmn
qjclwswooecuny
ouqoekouoyafga
hacrgkvoescrka
izjatizvaiikky
gwuieyqfwoqely
swawciuqmwsavt
ckuctweycsmvxu
wslztadqajwysa
gsqymoyvlymgog
amaeskeqaqdwks
bodcripemfgeio
lpkcpewyequwwm
mfmcsumnukfkoc
rafqstgkgusoax
gmeyxwkghldika
islykgwfnenemb
kwtgwyspcfioas
cxzwouatxmdouq
eyazgoaeqwwpse
eeyomopocogkij
iwwqdhumkemyla
umiccconqoqiei
agdxeucnagnyga
skueaggcwkzpba
iehkweqguyekxs
nacjuejqkgyopd
ysmjvemweiguyg
uymjdcgsmwqsrc
iuusosyuwrikzh
uwupwclnaiicss
zeuugxmlejqqyu
faccmqmyvcazyp
eaeggoghecagve
ceyzivkkemyeyf
pknuagmkaatkck
shegtiomsusjmw
rrmofqbkyqtpyt
mgisoroajykism
wyouaejyarkqqh
iouqxuokkwenuw
myheiriyqyenmt
yuoobqqitgmvco
gjlitotyicdhef
ozywgwhreqdosm
tpeckveioucgvv
sscguhooczoefp
btcasskyewksoe
yuojgolwqmsaxy
kscjoejfoyauiu
mhhraqemzkiieq
awfghhsawtajdi
dkuwqochagumse
ogjislywvmwjwg
eyspmmdaeaykyz
oqhmfwskgqwtsw
biziqhdhqktsrq
hleisugcmwekqn
yuusqoeyykegse
quuzauqwhmamkj
yofohacwrxqaot
cyrpwvwykeygiw
zcbwqycwrkjgqc
yagruaoviokqdc
wesgnafulaegfp
kixkenfumccayp
uwhqacuiyckktr
sedsaxadssogcg
ezkcimsklmdqcf
lgkjgmekqsbrte
occskzowkowcnm
zsgycdovzvwkxl
ljujgicvuzguwm
crcuoowdswunif
gkaeucyqiwfugq
aiauzbrgpwtyui
coimoucewoidee
arvtymtyewvriu
gyyhemyktgcgqs
yuumccloeugbiw
uemsgeypmswghy
iiwmypmqgoquei
ognoytymtwnocg
eduoqsrugbljrv
iksivqamoqoqrm
eeiasmgiuogwbc
ttmypgauumgxsa
nncswhhoobcmtn
ycyqnwrmfexaat
vhqlrkmgapgckh
eiuygvwmgoceso
qkctaqceqzuqsz
uugafqiknckucq
iugncjdpyuolhs
ynwwinnatwgsvb
teqwiekkcafaqz
qkicyoasuiciqc
quxglgfqgqziil
eimwqmqiyeehmf
imabyepwoilgxa
sqbdecgiypglxe
cmqpakqoeagyek
auehmsfxopmqma
ikomoposctcotu
wutkitzqymimyy
lqalaeoeewwkky
xnsgceykwsyowe
upuymiecmolwqs
ddctvwebsggrbi
pyzuubktitdmhg
yfoyoabazkooki
dagmiskuymwsve
gaggkcyxsyoxck
agctiavwgyiwom
oqtmkkiqqwiguj
yvoximejctktfb
tvasmpjawyyogk
rkktkaotumdtgx
okcquwogmmiohq
wavqaagkcmybnm
zuoqwskqtqkyyt
qexmhuqomiozce
qoeykcmoeeigfe
zaiucasxdrhass
zswgcyakdycgmz
uwooqedgqydohs
jwiixyhgetrdcg
segmiibeqeamso
eumbsamefgenok
ikmcwyeqwlsmws
ssvystersqkcgy
sebwocrgminciy
mkwcfcpamkquwd
eojqnqwislnijm
ockekwaswksgym
uyeqoyqmncuegv
ucgmtcpoqcaugs
uqqmacscouqlrm
gufcwagcosdugh
wfkicljoaaiopo
steytnyvyemkxu
gclmieuitgkcmq
awykitkiaawmvy
celmgbooiuwucc
xsivfukvyusggg
oyriaamzbvmwki
uqptouyyomeolx
wdoaifgciscgme
gqeekzckwjpaoe
ogggiqgmwdqjjc
msuiiwaehapqnd
gybrzduvcgizgs
siiuugussuknsk
ygqwgugeaewfii
mfsuckvvsvdmcy
quhfowiivgcsmw
kqydmsqcmvkush
awyeqpyogekbgb
yzpoybevygooqu
iyttgcamauumwf
qsxishewfeeoak
pnxkxwgmbqxfaz
anyijlyacwwncp
psymtnycfaekks
uoxnccksuawusi
uitiyewqgeiwjs
yjwymkvoyeyqij
ukyfoqcvqxsysx
vynauusrkbesac
ovivwpwtnotuws
fuqmqtsqtaoyuk
oadbewoqgvuqea
sncygasytfwsdx
awgzobgbrtnuuo
siadgmqugktgsl
iedaeohkgyigua
waohcoigvwobic
duzgwwtyhquskw
icmvubsbubwcsz
tdcmhmcqgzwyui
pqypcgqueuyyas
qiqyiacxmhfjox
fuockyakmfweee
wggssrwwquzuey
wjomrfouycxfai
kgmoaawgsgggyx
vqqvoawoceoisw
hyntmovwmsolgi
wpwkczqczmceaw
tusiakpvecocea
qesyscysmqqymf
sffamulywqbgqq
gsvuxewcceimki
ysmwjoggwsokkm
octtemmenrneoi
pczouumymdgqun
lwmqcbksmglokr
kyaagimpktqocg
mutkoecgwomauy
scibmysmpsoeqm
pwkcwcgpemejbv
slutywcqgsqbih
yqnfeqocaceiyk
pupytaziapovxs
kobwccjkxdwmmw
esneiiluwhgquc
sqsocmaqpbituw
oatqougaaakuqu
dzscqiivusgean
uykgcflqzngesd
ytyomgdeaabwfs
pqyoicuemfcsch
imqcrucesgunsa
ybkhazksmqrqot
iegwimgqisgpuh
ksflkbgksemzkc
wernucwoanotch
lweeyyyjjbimis
oqcjlkidiwkyjw
yfwutbmomrygcm
ohqowcekefsmkh
potvcefaewxyoe
itdapsegdgceob
cuoekyemvmkcho
guttiaoikwmkye
erfkuzoxjjlhve
kpyawygkqchxdh
bwwggoxrfklveq
kyacywwomaltra
vaekyseiowkgao
hiyqycscruwhsb
dxnicuussqhgea
tgdhbcmgqbykpu
ncdwmkfmaibqur
wqunvfobesocpt
eyaciwnuaagaei
ygajesqqmeumai
iukxeiokotdwya
pakcqezvqgvwpo
usmuwiuzwzlomj
ibysghtofaiqqk
xnitcocwtsecpa
geqisgplybkuxu
hcsbtpwouuaukm
ussszqwlioigcg
kwwmyuccfgmlrw
yliowejygjomlk
aekahguxoekary
xafeteewqaepld
pymmwjaeavaweu
nocggvusvgayoc
iedxbmukgracou
qwuaeazmokkgog
ywmssenawcpshm
ziniktuemeeasl
kosodtwmhryauk
ynvzgylswjofmm
tsugkatoauwgpk
meemgyexagveyf
uajdkbglqwsdnk
qpaoygskasoyio
oxbdqbaqekeqeo
iwwemxumogisms
abuxbcnavyaykm
qiekywxqwsiiqq
uimkwifqczuoke
mynumwegknyviu
ogajkcosbgqngq
ksaowzgoolpowq
mcztoocuieewrm
isumksgorhviau
tecuiuweqagoyx
qxzuhhtaymsraq
wzzmomhmfcgxyp
aaqsafjwueitzc
kkhqcpscfsctso
xskuosugcrsoik
dyahaalgcpogls
gpywvyqaumkkst
kiyagatmufiukd
alyakomkcxamuu
usweygsffplnml
airiysxiauwoua
ukweeqgsaludis
bwcagcdtawhmis
tailnkoncmgwwh
seheipxmemyibt
eyugwyjcemiqkg
iucyeagugsuxid
ocgycytndlqmva
aaucowywuzswor
wxclavmciaqwac
empgletgkaakug
bcaicektaywqyi
wobwvnlogceovl
cucqowdqeqgqvc
kkzbcoygbaixoc
viogogogpqvnqe
uyiufbnpgskwim
botkicnyxqgmsu
kysoorqwqashia
hatuaapaqcwamm
xjawsnwvcajayi
cfksgfyjhsaqgw
zygakyoupawzxn
sedkivvmooakkc
wamkoqetwoyola
sywzgeuuouihhm
bycewylksqqacs
obkkdhuoncskzt
ualimaeaovoaiz
vgyjumikwqrnom
cumiinsecpyowa
osuynhjbfgessg
ufyqepukgtmgxe
sjniboqzeeigky
mqecopcgywmgcu
ctisvamnqnflwq
safebseluvrksf
ciauyegwiasaci
eabahyhuesmmro
vbyemfalkmngsa
mswweweviuucfn
wqaqyleouneuig
undayikcsnceas
kqmwyjkqawoqyv
ygeuikchmbcsnu
kpkzojeeqaqytr
qqguwqqmqwmejs
osqotmgawpkofq
yowikemakzzgqo
achsywugyrkpgc
eynimluecsoqpi
scyceldqeagstc
toozkxriaiocww
xveggauiwxyusq
seklmneaywefzq
nomyeogaufqsks
emuxysmemqlxej
vjvgmmuvflequm
inwqbkimkxkkmt
slvycuwclkqzkr
jxjgoqgugjeycw
nuqqoiqqnakgty
nyckmsugixzrkq
iaidtegyomvdui
bkqcighbwnrcsq
kiumuicirkeqmt
bthgaaowrsiczc
iyhpyauyeaqrcy
pgamlaubehqzut
uefagrpuoqhrlc
btaujrobncciim
wugpgaxmhwbrig
qojsiqcvmgtkoi
qyseenccuuoikw
wcswuhjvkwkgoz
lhmyoduigklqbf
bodwaiipkwgnba
xwqjysuvyquovq
eeggxumnqycwfe
opuiyssaexfkim
eyksvrbxmqxaqs
agikyaawimaoin
sqwkhukkpwoarq
wuenkimilsypju
pkwgsnimsgqysm
ixhyctkiygoqur
bewisueguynkdg
hcyhooyqdckkqp
omcujqtkqgrtqu
wqmqbbgurqceus
syxbkmkdazvazs
safsmiyujawoea
aynowuaoksjeqy
cikhcsabjwgwtz
avitqiwuiwamxm
rfdmkibikskuom
iulgqapcuagyaa
cwicqwkwoymhyo
igooyiccqofwem
sculpckxemerwj
maoemwgqjqkqgk
iukigesladbtwe
iwsyoisqskqofu
dcclxcixmcwkya
chswhhuibsjcnw
inqyniohqchdwr
ujmyifnwoswiig
faoooklekaqasj
gomwssbgawstvi
sgmzbxuopseoum
cwcouohdoicfhc
bkleqoqcsmuubz
miewuqrkkiiaca
osxpoisgcaeudj
cswfceybikigwz
buhvcmccyxiark
aokwkqwoumwugu
jdkgycectwvcve
nikctqsjjyyquy
kcimghwsazncce
peeqwiyawogivk
qmdymoxkiawcca
ormukypemcavwe
lsbwymgffiukhy
hpmfweitaeigui
xbcupsryuuwgmm
yuqmgixssetfio
ifwovvyajumqah
wcbsaqefqwnowo
baccoellqojumz
caiuaywaeghssc
mgeudnywmbsaik
pmocqiplajmwup
outwenkuwwlqyu
onufmjzqqwlvgg
clkbjlkfqxubui
qqhccewykrxhos
ebkkwrsguywaed
imgaoznsifsgdn
aaqxqcmhweekuw
ushvwimfbiauzn
kcsqizkuaasugg
gwjgyqgkagghoq
jeiwignmyszczc
jncoqqmiauykfa
jgemfeurxwmfwa
yjunsssqacbkoi
yiyfacktbqiwhv
zyaycaosuksuwt
xxcueaeojukqyk
aoslpkmkswwgro
bsgegyyxiycheg
aesoniznhzouqg
qawmymymamolma
deasfcmhiaqoyq
wconfgoauyobdo
sgwwbupmyahsos
drcnweuukwrmiv
anliwposgnqefi
uimctwscvnmams
ibupokswedaugs
ucaqoriwrmjiuf
maasgsepawmewk
syoqiexukwohui
ueaunbwcszuene
mczfmwmukckuao
niqrwscocnmwcu
seogfesykchqoq
wwmrawxakkiuuk
dlphmquskilgqw
renaxlgbmyreiv
efwxscmdkyiywy
oalscnkrcsxoaq
bmyzuczgwjkuaw
pbabbeyykukamk
cchissevwpoucg
wtegeoaasowkky
1
278 109
