1301235605442
1359127852097
2395254078017
3444110237430
1804007912035
1939603582838
1356631797797
1277106262824
1171168390819
1292704673490
1433448594516
1297841186746
1415529098163
1340290782079
1290483148324
1713981912533
2833292630737
3791765739675
5014028844328
6957927591674
7334962910875
6189411961966
4196269730333
3294025366926
2873604088198
4701404180442
3239790647610
4363788652572
2959729956727
2055566604265
2844684538589
3732384966015
3989151053860
3634399705146
5469361762183
4203861697043
6083502745901
4993812235521
3888874467129
4009652623331
3199048024177
3039538265960
2040571963436
2797071895357
4179197699703
6358831786020
4492318483830
5083552494825
3187501995443
4727090683694
4156372443641
2909970330453
4434596488545
3936991844609
5649194291023
6442925912952
7518330907561
8194305096013
9495830102482
11776811007697
10896817555615
10133758084503
7817210875629
8955459474712
10082408591910
10487039930185
9716061858530
7692721944898
7123564935411
6462018510251
8618354734176
6587310406121
8367912957146
9056334618524
9276543559094
11371239345793
11456489844962
13732884373477
13987650847643
13272795359703
14204521976906
13127109685855
14528495944231
14853556906115
16670200229617
14706953025683
14950779710959
14093563090251
12564296776118
12441160244486
14595743168770
13971832271437
15946248117474
15742345026533
17602654846817
18979104020550
21137694320577
19288357348345
19915437036199
18253447033454
20229648074239
18822688087712
20768025839849
20892149722932
22368987232676
21881267045367
21226126414872
22486650144887
21411395778995
23600980673074
25502664500223
23796234136932
24078633647121
22536325260768
23458218406953
21198016349110
22342307092076
21172724926125
19370980808190
20993967285672
21119211920909
20192781521145
22088239283721
22287467064160
22939763675479
22691178333363
24979589168832
24303556079197
22938007814917
24397104195217
23640884012852
22775756008742
22490201211070
23430484563767
25693401896303
27518744901253
28903061457109
28537635724045
28371645671643
29808621049156
31317795541178
32225092601718
33271636016657
34075434386226
32504001576584
34126635345401
33581593132105
31952121005785
31840589171259
31037069243646
32458452337245
32058040698345
32546249788754
30450862320574
32145886574542
30105081179690
30510985994135
29569527644321
30253852530532
31106904628072
31914144177032
32316817574797
30366149847626
28627207195374
27397798888320
26730169111730
28387101295500
27329673035067
25838121404501
27349939698239
25507625702633
26106472633328
24237729234569
25724432343249
25981694085713
27507388846295
27701759956463
28330748927328
28470397579135
27937684803588
29172401899875
28790679629622
30715363321083
30254851522533
31824716350090
33758019636015
32857292967517
33559694696634
34617518037334
32871764033655
34983615895755
35601629224836
34844894064539
35865508852786
37647098056829
39266272254186
41341815611159
39304237908011
40951396453190
39935777323381
40537199376547
40469618533845
39793683224830
42074807308810
43845503518974
43569237181769
45430533887882
47548386220696
47965773273661
45876998569125
47813927886375
45568005524028
44718000922478
43030059477563
44240829867201
45857535336714
45718053843205
44666179754799
46449958080675
47021591500769
47344323887031
49268978477117
47279784952855
46360241568093
45909319487444
48137052559172
48380072554333
49068781271674
47693987616962
46288922944786
45753706286934
46665530590180
45527889162185
43784020461984
43051512778402
44422031324721
42213571511628
41458965873548
43771621879368
43141438355262
41229236825566
39099368884231
36936205943353
39166940647304
41131216177425
39093488078371
40438311041809
41689774698948
40902818109930
42690539788524
43276042691132
44803659073708
44064668302209
46216484500569
45994730859014
46047111471526
47179537700310
45464338277893
44724801564599
46081018065566
44628581011110
42935719804143
41896648923871
40146675686439
40699789457105
42963203142693
44081573872974
43074085201718
41503136173334
42742323473632
40517991537803
42579088040982
41119262263819
42945488320892
44277229867051
45024928235572
46435083785885
48571418052745
49438488166217
50982216001237
48707442535715
47828216894311
47102321741562
46975790592739
46518325824557
45701614360062
45659516078176
43735620917572
42206214684028
42149865109588
41267271857069
39308221769843
39488201435235
37357315411397
35928780829500
33769317255412
32007784020586
30217184565221
29560735769717
28815435587307
30958022226383
32958222821914
33859669109213
34456360210048
34704308115646
33982356548426
35942578140604
33890642051842
32077180789088
31001208434072
32514474113797
30818528393891
31018791252036
31940632714179
31006624781987
32104378934163
33375260192757
31974059484748
30034826502653
31994864872574
29923740268381
28962003149223
30850981548858
31318588495444
30096876454428
29999943732090
29171277888367
30111743066455
30350262592175
28485200866570
30342455973723
28331540717539
27813607948327
27400272272384
28388071186126
26601968940848
27228156264139
27391287863083
26500985307110
27019150887322
26744362201534
27190705355435
26232070442852
25145786190213
23634684488733
22703046805332
22716759373232
22638108367480
21383231235459
20620731907613
20717843661610
20593052775012
22741229904631
23838268628604
22345545027464
20853315451266
22351773652958
23494009373227
22970952899527
21590037479570
20418309960254
22376406919246
20483764540093
20542049937998
22574174974715
24350470289429
22783238088660
21658044599213
21006699952073
22369349486592
23139252902671
22099678917828
24125756223198
23614832229141
23126834531120
21509505128127
21263348237552
22816889754655
22301290217285
21215901355752
20834750636504
20594099260457
22536648402436
21693925663344
20738028608121
21068540141137
22758546386811
21613969286315
23152728468973
22795848063664
22582847650087
24225253125890
23443110137108
24424344013461
26716741970116
25564283518837
24568755745517
25490285939353
25291475356226
25518019084106
24805713342238
23361917300858
24493173421556
22324169718310
20396989128874
20441807108862
22630939651168
21674624700200
20583414399612
19020128112482
20914187379381
20328499159217
18038403237730
16666894779039
17595109442307
19658923781100
18921264921332
18644762513773
17852101124011
18628240149914
20109824675948
21523796231362
22481106449355
22828961470627
24096725622742
25998090033199
27748250217864
28477583290650
29295978211486
27857971946865
29218568321175
28580505774396
30344220448292
29290258510838
29870222141323
29263845404455
28996353713840
27083579236273
29057353688005
28429678003991
28013222427837
27729064496165
25925007866567
27563836666977
29006279145203
28426465910624
27758294615648
27061795576625
24936432295329
23422477727855
22021428579807
21027972125954
19119121212170
20479034984628
18274122745553
17910495244653
18668225904786
19115181817239
18901425699156
18312772863718
18957197902316
18334269933025
18336575925980
18771813995181
18421768688021
18267511844397
17910457063649
17217486508142
16120790016339
18314440488911
19768309331017
20386734735568
22396477788367
20363906452963
19027365275228
19445119936762
18168390233037
17823659302574
18819373557505
17399003890189
16395362187897
16609537598591
16109409050604
14862250767288
14543488041387
13425349889295
13429066716910
12205829065411
11713710147068
9802147683567
8374630020118
8563276773418
8165081960860
9122797502804
10578648032142
10883152713970
10793459249677
11387199471087
13258621593212
13113208541045
12440358676213
13063445189795
15207166549685
14990682585115
13116154065817
15421063518423
13849325959182
12215771491977
13324932219098
14611103107306
15576632484843
16529840340205
16504173858699
15887020067830
16876630018341
14764436156882
16632044369205
16945089489757
18061897126984
18328618678811
16066016572369
14179036389547
14588855222524
16861174860106
15508413041568
14367905011730
14786627934213
13820533058757
15511475437462
16581828433371
15677449193094
13553896948567
11349529254421
12402579503999
12309689544676
12717615624223
11528361860016
12039908623498
9781053377290
9435370017026
10041342128376
10153874118958
11684595269030
10148626326207
11723794355533
10624222880691
10986272388633
10147045306706
10740014923706
12242771049269
14245227117768
16299099262806
14433112811909
15056753648482
13236248223301
14949627529320
14482536026288
16666168408719
15423121800474
16025171512096
14109755793734
14536928358651
13914923950597
13158654412300
14943874303888
13628660243430
13814320031600
12402149036460
11195823940056
10211727885269
10598225341943
12471721344456
12147810236101
13788579050574
14641246078720
15162480806345
15149562822388
16509895189024
15227093774419
14505920028750
13579521058471
13328758467883
12195985117898
13873350657516
15212898123694
15911948538466
17732646731155
19505950424519
18529606976032
20579377456872
20456844138541
20276082461000
21308494248239
21422066205558
23117835454726
24498407478458
24949801932626
25026641435987
25166462135123
24979795206567
26286459050239
27516972743921
27313065229571
27330922764515
28735736466433
30342731854758
29476617896063
27340779982255
27125834432773
24800529106890
24487886050935
24259892608958
22382466989576
20422839065448
19702493661317
19322543781207
18472241181577
16617142369906
16267384351520
16305435446982
15805380467271
17712388216368
19215958947620
18766581102334
19197997811781
17880287551781
19179016498140
20190638495890
19712487073492
19276854156835
19551776010515
21584731716880
21230901368482
20217434110746
18081954260256
16047007321408
14679682476387
