321
2 1 4
2 1 7
2 1 14
2 1 15
2 1 20
2 1 27
2 1 40
2 1 42
2 1 43
2 2 4
2 2 7
2 2 8
2 2 11
2 2 14
2 2 24
2 2 27
2 2 30
2 2 32
2 2 40
2 2 42
2 2 43
2 2 46
2 2 47
2 3 4
2 3 5
2 3 11
2 3 14
2 3 15
2 3 24
2 3 27
2 3 30
2 3 32
2 3 37
2 3 42
2 4 10
2 4 13
2 4 16
2 4 17
2 4 22
2 4 25
2 4 35
2 4 38
2 4 41
2 4 49
2 5 10
2 5 12
2 5 22
2 5 23
2 5 25
2 5 33
2 5 35
2 5 36
2 5 38
2 5 39
2 5 41
2 5 49
2 5 50
2 6 14
2 6 19
2 6 20
2 6 30
2 6 32
2 6 37
2 6 42
2 6 46
2 6 47
2 7 12
2 7 13
2 7 16
2 7 17
2 7 22
2 7 23
2 7 25
2 7 33
2 7 35
2 7 36
2 7 38
2 7 39
2 7 41
2 7 48
2 7 49
2 8 12
2 8 13
2 8 16
2 8 17
2 8 22
2 8 26
2 8 33
2 8 35
2 8 36
2 8 38
2 8 41
2 8 48
2 8 49
2 8 50
2 9 14
2 9 19
2 9 29
2 9 30
2 9 31
2 9 32
2 9 42
2 9 43
2 9 46
2 9 47
2 10 11
2 10 15
2 10 18
2 10 32
2 10 37
2 10 43
2 11 17
2 11 21
2 11 22
2 11 35
2 11 36
2 11 39
2 11 41
2 11 44
2 11 48
2 11 50
2 12 15
2 12 18
2 12 19
2 12 24
2 12 29
2 12 31
2 12 32
2 12 40
2 12 42
2 12 43
2 12 45
2 13 14
2 13 15
2 13 18
2 13 19
2 13 31
2 13 40
2 13 42
2 13 45
2 13 47
2 14 22
2 14 25
2 14 26
2 14 33
2 14 34
2 14 35
2 14 38
2 14 39
2 14 44
2 14 50
2 15 21
2 15 25
2 15 33
2 15 36
2 15 44
2 15 48
2 16 19
2 16 20
2 16 28
2 16 29
2 16 31
2 16 37
2 16 40
2 16 42
2 16 43
2 16 47
2 17 18
2 17 19
2 17 24
2 17 27
2 17 28
2 17 30
2 17 31
2 17 40
2 17 42
2 17 43
2 17 46
2 18 22
2 18 26
2 18 34
2 18 39
2 18 44
2 18 49
2 18 50
2 19 21
2 19 22
2 19 25
2 19 33
2 19 38
2 19 39
2 19 49
2 19 50
2 20 23
2 20 25
2 20 26
2 20 33
2 20 38
2 20 41
2 20 44
2 20 48
2 21 28
2 21 29
2 21 32
2 21 37
2 21 40
2 21 42
2 21 45
2 22 28
2 22 30
2 22 31
2 22 32
2 22 37
2 22 46
2 23 24
2 23 27
2 23 28
2 23 30
2 23 43
2 23 45
2 23 46
2 24 25
2 24 33
2 24 34
2 24 38
2 24 41
2 24 48
2 24 49
2 25 27
2 25 29
2 25 30
2 25 37
2 25 40
2 25 42
2 26 31
2 26 32
2 26 37
2 26 42
2 26 45
2 26 46
2 26 47
2 27 35
2 27 39
2 27 41
2 27 44
2 28 33
2 28 35
2 28 36
2 28 39
2 29 33
2 29 34
2 29 35
2 29 36
2 29 39
2 29 44
2 29 48
2 29 49
2 30 34
2 30 35
2 30 38
2 30 41
2 31 33
2 31 34
2 31 41
2 31 44
2 31 48
2 31 49
2 32 33
2 32 34
2 32 38
2 32 39
2 32 44
2 32 50
2 33 40
2 33 42
2 33 46
2 34 37
2 34 40
2 34 43
2 34 45
2 34 47
2 35 37
2 35 40
2 35 43
2 35 45
2 35 46
2 36 37
2 36 40
2 36 43
2 36 47
2 37 38
2 37 48
2 37 49
2 37 50
2 38 40
2 38 42
2 38 43
2 38 45
2 39 40
2 39 43
2 39 45
2 39 46
2 39 47
2 40 41
2 40 44
2 40 48
2 40 49
2 41 43
2 41 45
2 41 46
2 41 47
2 42 48
2 42 50
2 43 44
2 43 48
2 43 50
2 44 46
2 44 47
2 45 48
2 45 50
2 47 50
