1593
2 1 3
2 1 11
2 1 15
2 1 17
2 1 19
2 1 20
2 1 22
2 1 25
2 1 32
2 1 35
2 1 36
2 1 38
2 1 39
2 1 46
2 1 51
2 1 52
2 1 54
2 1 57
2 1 60
2 1 62
2 1 67
2 1 77
2 1 82
2 1 86
2 1 89
2 1 94
2 1 95
2 2 10
2 2 11
2 2 12
2 2 17
2 2 18
2 2 25
2 2 30
2 2 43
2 2 44
2 2 45
2 2 50
2 2 53
2 2 56
2 2 59
2 2 62
2 2 63
2 2 64
2 2 66
2 2 68
2 2 72
2 2 73
2 2 74
2 2 77
2 2 79
2 2 81
2 2 84
2 2 87
2 2 88
2 2 90
2 2 91
2 2 94
2 2 96
2 2 97
2 2 98
2 3 6
2 3 7
2 3 8
2 3 14
2 3 18
2 3 21
2 3 27
2 3 28
2 3 30
2 3 33
2 3 35
2 3 37
2 3 38
2 3 39
2 3 40
2 3 42
2 3 48
2 3 53
2 3 56
2 3 58
2 3 65
2 3 71
2 3 72
2 3 74
2 3 77
2 3 78
2 3 83
2 3 85
2 3 95
2 3 96
2 3 97
2 3 98
2 4 8
2 4 10
2 4 15
2 4 18
2 4 22
2 4 26
2 4 32
2 4 33
2 4 35
2 4 43
2 4 45
2 4 46
2 4 50
2 4 52
2 4 55
2 4 58
2 4 59
2 4 61
2 4 63
2 4 64
2 4 65
2 4 67
2 4 69
2 4 80
2 4 83
2 4 86
2 4 90
2 4 91
2 4 92
2 4 93
2 4 97
2 4 99
2 4 100
2 5 11
2 5 13
2 5 20
2 5 22
2 5 23
2 5 26
2 5 29
2 5 32
2 5 36
2 5 46
2 5 48
2 5 51
2 5 55
2 5 60
2 5 61
2 5 64
2 5 67
2 5 68
2 5 72
2 5 78
2 5 80
2 5 81
2 5 82
2 5 87
2 5 94
2 5 95
2 6 12
2 6 18
2 6 25
2 6 28
2 6 30
2 6 31
2 6 38
2 6 39
2 6 42
2 6 43
2 6 44
2 6 46
2 6 50
2 6 56
2 6 66
2 6 74
2 6 78
2 6 89
2 6 96
2 7 10
2 7 19
2 7 20
2 7 21
2 7 24
2 7 26
2 7 33
2 7 36
2 7 41
2 7 49
2 7 50
2 7 51
2 7 53
2 7 57
2 7 62
2 7 63
2 7 64
2 7 65
2 7 67
2 7 68
2 7 72
2 7 75
2 7 77
2 7 79
2 7 86
2 7 87
2 7 88
2 7 90
2 7 92
2 7 93
2 7 98
2 7 99
2 7 100
2 8 9
2 8 10
2 8 17
2 8 18
2 8 19
2 8 20
2 8 21
2 8 25
2 8 26
2 8 29
2 8 32
2 8 37
2 8 41
2 8 42
2 8 44
2 8 46
2 8 51
2 8 53
2 8 55
2 8 56
2 8 57
2 8 64
2 8 67
2 8 68
2 8 74
2 8 75
2 8 78
2 8 80
2 8 83
2 8 85
2 8 89
2 8 90
2 8 93
2 8 95
2 8 99
2 9 12
2 9 15
2 9 16
2 9 17
2 9 22
2 9 23
2 9 31
2 9 32
2 9 36
2 9 38
2 9 40
2 9 42
2 9 43
2 9 46
2 9 49
2 9 50
2 9 59
2 9 60
2 9 64
2 9 66
2 9 70
2 9 72
2 9 74
2 9 80
2 9 91
2 9 94
2 9 99
2 10 12
2 10 17
2 10 20
2 10 22
2 10 23
2 10 32
2 10 39
2 10 43
2 10 44
2 10 45
2 10 52
2 10 53
2 10 54
2 10 56
2 10 57
2 10 58
2 10 60
2 10 65
2 10 67
2 10 69
2 10 70
2 10 71
2 10 73
2 10 75
2 10 77
2 10 83
2 10 87
2 10 89
2 10 98
2 11 12
2 11 15
2 11 18
2 11 26
2 11 27
2 11 30
2 11 34
2 11 35
2 11 38
2 11 42
2 11 45
2 11 46
2 11 61
2 11 63
2 11 64
2 11 66
2 11 68
2 11 69
2 11 71
2 11 78
2 11 80
2 11 81
2 11 82
2 11 89
2 11 91
2 11 97
2 11 98
2 11 99
2 11 100
2 12 17
2 12 19
2 12 20
2 12 27
2 12 28
2 12 32
2 12 35
2 12 40
2 12 41
2 12 42
2 12 43
2 12 47
2 12 48
2 12 57
2 12 58
2 12 69
2 12 70
2 12 78
2 12 85
2 12 93
2 13 14
2 13 15
2 13 16
2 13 17
2 13 20
2 13 22
2 13 27
2 13 30
2 13 42
2 13 44
2 13 47
2 13 48
2 13 50
2 13 53
2 13 56
2 13 60
2 13 61
2 13 63
2 13 64
2 13 65
2 13 66
2 13 70
2 13 72
2 13 73
2 13 81
2 13 82
2 13 83
2 13 85
2 13 91
2 13 93
2 13 96
2 14 18
2 14 21
2 14 23
2 14 24
2 14 25
2 14 26
2 14 27
2 14 28
2 14 29
2 14 30
2 14 34
2 14 36
2 14 38
2 14 39
2 14 45
2 14 48
2 14 51
2 14 52
2 14 55
2 14 56
2 14 57
2 14 59
2 14 65
2 14 66
2 14 70
2 14 73
2 14 75
2 14 77
2 14 80
2 14 83
2 14 84
2 14 86
2 14 87
2 14 90
2 14 91
2 14 94
2 14 95
2 14 99
2 15 17
2 15 23
2 15 25
2 15 27
2 15 30
2 15 33
2 15 35
2 15 36
2 15 43
2 15 48
2 15 49
2 15 52
2 15 53
2 15 55
2 15 60
2 15 72
2 15 80
2 15 88
2 15 95
2 15 99
2 16 18
2 16 27
2 16 28
2 16 37
2 16 39
2 16 41
2 16 42
2 16 51
2 16 56
2 16 61
2 16 64
2 16 73
2 16 79
2 16 81
2 16 85
2 16 86
2 16 87
2 16 89
2 16 93
2 16 95
2 16 97
2 16 98
2 17 18
2 17 21
2 17 22
2 17 30
2 17 33
2 17 38
2 17 53
2 17 55
2 17 65
2 17 67
2 17 78
2 17 79
2 17 86
2 17 87
2 17 90
2 17 93
2 17 94
2 17 95
2 17 97
2 17 100
2 18 22
2 18 23
2 18 24
2 18 25
2 18 26
2 18 31
2 18 37
2 18 39
2 18 42
2 18 44
2 18 46
2 18 48
2 18 50
2 18 53
2 18 54
2 18 56
2 18 59
2 18 60
2 18 65
2 18 66
2 18 73
2 18 76
2 18 77
2 18 79
2 18 81
2 18 83
2 18 87
2 18 88
2 18 91
2 18 92
2 18 95
2 18 97
2 18 99
2 18 100
2 19 22
2 19 28
2 19 35
2 19 40
2 19 43
2 19 48
2 19 50
2 19 52
2 19 60
2 19 63
2 19 76
2 19 77
2 19 79
2 19 82
2 19 85
2 19 88
2 19 92
2 19 94
2 19 96
2 19 97
2 19 98
2 20 21
2 20 23
2 20 26
2 20 31
2 20 39
2 20 40
2 20 44
2 20 46
2 20 57
2 20 58
2 20 60
2 20 62
2 20 63
2 20 64
2 20 65
2 20 71
2 20 75
2 20 81
2 20 87
2 20 89
2 20 93
2 20 95
2 20 96
2 20 99
2 21 23
2 21 24
2 21 25
2 21 26
2 21 31
2 21 33
2 21 37
2 21 42
2 21 48
2 21 51
2 21 52
2 21 54
2 21 59
2 21 62
2 21 65
2 21 67
2 21 68
2 21 70
2 21 71
2 21 74
2 21 76
2 21 78
2 21 81
2 21 82
2 21 90
2 21 92
2 21 95
2 21 97
2 21 100
2 22 23
2 22 25
2 22 27
2 22 37
2 22 38
2 22 39
2 22 48
2 22 49
2 22 50
2 22 51
2 22 52
2 22 58
2 22 60
2 22 62
2 22 63
2 22 66
2 22 71
2 22 72
2 22 76
2 22 90
2 22 91
2 22 96
2 22 99
2 23 26
2 23 29
2 23 30
2 23 33
2 23 34
2 23 35
2 23 39
2 23 46
2 23 47
2 23 50
2 23 52
2 23 54
2 23 59
2 23 60
2 23 62
2 23 63
2 23 67
2 23 70
2 23 74
2 23 78
2 23 81
2 23 83
2 23 95
2 23 97
2 23 99
2 24 25
2 24 27
2 24 30
2 24 35
2 24 38
2 24 46
2 24 50
2 24 52
2 24 53
2 24 54
2 24 55
2 24 56
2 24 57
2 24 59
2 24 61
2 24 63
2 24 65
2 24 67
2 24 68
2 24 70
2 24 72
2 24 74
2 24 75
2 24 76
2 24 78
2 24 82
2 24 83
2 24 85
2 24 88
2 24 89
2 24 91
2 24 92
2 24 93
2 24 94
2 24 95
2 25 30
2 25 34
2 25 37
2 25 39
2 25 41
2 25 45
2 25 47
2 25 49
2 25 50
2 25 53
2 25 60
2 25 61
2 25 63
2 25 65
2 25 70
2 25 80
2 25 82
2 25 84
2 25 88
2 25 93
2 25 98
2 26 30
2 26 33
2 26 37
2 26 40
2 26 42
2 26 43
2 26 46
2 26 48
2 26 52
2 26 54
2 26 60
2 26 65
2 26 72
2 26 76
2 26 82
2 26 85
2 26 86
2 26 92
2 26 97
2 27 29
2 27 32
2 27 41
2 27 49
2 27 51
2 27 52
2 27 56
2 27 57
2 27 61
2 27 62
2 27 67
2 27 69
2 27 70
2 27 74
2 27 76
2 27 78
2 27 80
2 27 81
2 27 83
2 27 92
2 27 94
2 27 96
2 27 99
2 28 30
2 28 31
2 28 33
2 28 37
2 28 41
2 28 47
2 28 49
2 28 64
2 28 73
2 28 76
2 28 78
2 28 79
2 28 82
2 28 86
2 28 95
2 28 97
2 28 99
2 29 30
2 29 31
2 29 32
2 29 35
2 29 36
2 29 39
2 29 44
2 29 48
2 29 49
2 29 51
2 29 54
2 29 55
2 29 56
2 29 57
2 29 58
2 29 61
2 29 62
2 29 64
2 29 67
2 29 68
2 29 69
2 29 71
2 29 73
2 29 82
2 29 84
2 29 87
2 29 90
2 29 97
2 29 99
2 29 100
2 30 31
2 30 36
2 30 41
2 30 44
2 30 46
2 30 54
2 30 55
2 30 57
2 30 64
2 30 67
2 30 73
2 30 75
2 30 76
2 30 78
2 30 79
2 30 80
2 30 83
2 30 85
2 30 88
2 30 89
2 30 90
2 30 94
2 30 95
2 30 99
2 30 100
2 31 34
2 31 37
2 31 38
2 31 41
2 31 45
2 31 49
2 31 52
2 31 60
2 31 62
2 31 65
2 31 66
2 31 73
2 31 76
2 31 78
2 31 79
2 31 82
2 31 83
2 31 88
2 31 90
2 31 93
2 31 94
2 31 97
2 32 33
2 32 34
2 32 37
2 32 47
2 32 48
2 32 50
2 32 52
2 32 55
2 32 59
2 32 60
2 32 64
2 32 70
2 32 73
2 32 81
2 32 89
2 32 92
2 32 96
2 33 34
2 33 35
2 33 38
2 33 42
2 33 44
2 33 45
2 33 51
2 33 52
2 33 54
2 33 57
2 33 61
2 33 63
2 33 65
2 33 68
2 33 69
2 33 70
2 33 75
2 33 77
2 33 83
2 33 87
2 33 91
2 33 92
2 33 93
2 33 94
2 33 95
2 33 97
2 33 100
2 34 39
2 34 40
2 34 41
2 34 46
2 34 48
2 34 54
2 34 55
2 34 62
2 34 64
2 34 66
2 34 67
2 34 69
2 34 74
2 34 79
2 34 87
2 34 89
2 34 96
2 34 100
2 35 39
2 35 40
2 35 41
2 35 42
2 35 43
2 35 46
2 35 47
2 35 56
2 35 57
2 35 59
2 35 60
2 35 64
2 35 65
2 35 66
2 35 69
2 35 71
2 35 73
2 35 74
2 35 83
2 35 88
2 35 91
2 35 95
2 35 98
2 35 100
2 36 39
2 36 44
2 36 46
2 36 48
2 36 53
2 36 54
2 36 55
2 36 62
2 36 63
2 36 69
2 36 72
2 36 84
2 36 89
2 36 90
2 36 91
2 36 93
2 37 40
2 37 41
2 37 43
2 37 44
2 37 46
2 37 50
2 37 54
2 37 58
2 37 60
2 37 63
2 37 64
2 37 67
2 37 73
2 37 74
2 37 75
2 37 78
2 37 82
2 37 85
2 37 93
2 37 95
2 37 99
2 38 39
2 38 40
2 38 43
2 38 47
2 38 49
2 38 53
2 38 57
2 38 58
2 38 59
2 38 65
2 38 71
2 38 72
2 38 75
2 38 78
2 38 79
2 38 83
2 38 84
2 38 87
2 38 91
2 38 93
2 38 97
2 39 40
2 39 43
2 39 50
2 39 51
2 39 52
2 39 54
2 39 55
2 39 58
2 39 59
2 39 60
2 39 62
2 39 64
2 39 66
2 39 69
2 39 72
2 39 75
2 39 78
2 39 80
2 39 82
2 39 87
2 39 90
2 39 98
2 39 100
2 40 41
2 40 42
2 40 43
2 40 44
2 40 48
2 40 50
2 40 53
2 40 57
2 40 60
2 40 61
2 40 63
2 40 65
2 40 72
2 40 76
2 40 77
2 40 80
2 40 82
2 40 85
2 40 92
2 40 93
2 40 94
2 40 98
2 40 100
2 41 46
2 41 49
2 41 51
2 41 52
2 41 53
2 41 54
2 41 55
2 41 61
2 41 62
2 41 63
2 41 67
2 41 72
2 41 77
2 41 81
2 41 83
2 41 84
2 41 85
2 41 86
2 41 88
2 41 91
2 41 94
2 41 95
2 41 96
2 41 97
2 41 98
2 41 100
2 42 50
2 42 56
2 42 61
2 42 63
2 42 64
2 42 72
2 42 85
2 42 86
2 42 88
2 42 89
2 42 91
2 42 97
2 42 98
2 43 48
2 43 51
2 43 53
2 43 54
2 43 58
2 43 60
2 43 61
2 43 65
2 43 67
2 43 72
2 43 75
2 43 76
2 43 79
2 43 85
2 43 86
2 43 93
2 43 97
2 43 99
2 44 49
2 44 50
2 44 54
2 44 59
2 44 60
2 44 63
2 44 67
2 44 68
2 44 69
2 44 71
2 44 73
2 44 76
2 44 77
2 44 83
2 44 87
2 44 93
2 44 94
2 44 96
2 44 98
2 44 100
2 45 46
2 45 50
2 45 55
2 45 57
2 45 59
2 45 61
2 45 63
2 45 65
2 45 66
2 45 67
2 45 70
2 45 71
2 45 76
2 45 78
2 45 85
2 45 89
2 45 91
2 45 94
2 46 54
2 46 59
2 46 60
2 46 61
2 46 64
2 46 66
2 46 67
2 46 68
2 46 71
2 46 76
2 46 78
2 46 83
2 46 87
2 46 92
2 46 97
2 46 99
2 46 100
2 47 50
2 47 54
2 47 55
2 47 56
2 47 59
2 47 60
2 47 68
2 47 69
2 47 75
2 47 81
2 47 82
2 47 83
2 47 88
2 47 91
2 47 92
2 47 99
2 48 51
2 48 52
2 48 54
2 48 56
2 48 60
2 48 61
2 48 62
2 48 63
2 48 65
2 48 67
2 48 69
2 48 75
2 48 84
2 48 85
2 48 89
2 49 53
2 49 54
2 49 56
2 49 58
2 49 60
2 49 63
2 49 69
2 49 72
2 49 73
2 49 79
2 49 90
2 49 91
2 49 92
2 49 95
2 49 96
2 49 98
2 49 99
2 50 51
2 50 54
2 50 55
2 50 57
2 50 60
2 50 63
2 50 64
2 50 65
2 50 66
2 50 67
2 50 72
2 50 73
2 50 75
2 50 76
2 50 81
2 50 83
2 50 85
2 50 90
2 50 99
2 51 53
2 51 57
2 51 60
2 51 62
2 51 64
2 51 65
2 51 66
2 51 67
2 51 68
2 51 72
2 51 73
2 51 83
2 51 89
2 51 90
2 51 93
2 51 94
2 51 98
2 51 100
2 52 54
2 52 57
2 52 60
2 52 61
2 52 66
2 52 67
2 52 69
2 52 71
2 52 75
2 52 77
2 52 78
2 52 80
2 52 83
2 52 85
2 52 90
2 52 93
2 52 98
2 53 56
2 53 58
2 53 59
2 53 64
2 53 65
2 53 66
2 53 69
2 53 73
2 53 75
2 53 76
2 53 77
2 53 81
2 53 82
2 53 84
2 53 86
2 53 88
2 53 92
2 53 93
2 53 94
2 53 95
2 53 99
2 53 100
2 54 57
2 54 61
2 54 62
2 54 63
2 54 66
2 54 72
2 54 78
2 54 80
2 54 81
2 54 84
2 54 85
2 54 88
2 54 89
2 54 90
2 54 94
2 54 96
2 54 97
2 54 98
2 54 100
2 55 56
2 55 57
2 55 61
2 55 62
2 55 63
2 55 66
2 55 70
2 55 72
2 55 75
2 55 76
2 55 79
2 55 84
2 55 85
2 55 93
2 55 95
2 55 96
2 55 97
2 55 100
2 56 58
2 56 62
2 56 63
2 56 73
2 56 76
2 56 79
2 56 81
2 56 90
2 56 91
2 56 92
2 57 58
2 57 65
2 57 67
2 57 70
2 57 79
2 57 80
2 57 84
2 57 85
2 57 86
2 57 88
2 57 91
2 57 99
2 58 62
2 58 65
2 58 68
2 58 82
2 58 86
2 58 87
2 58 95
2 59 61
2 59 66
2 59 68
2 59 70
2 59 73
2 59 77
2 59 81
2 59 84
2 59 86
2 59 88
2 59 92
2 59 93
2 59 97
2 59 99
2 59 100
2 60 67
2 60 71
2 60 73
2 60 77
2 60 78
2 60 83
2 60 86
2 60 94
2 60 96
2 60 98
2 61 65
2 61 67
2 61 69
2 61 71
2 61 74
2 61 76
2 61 79
2 61 82
2 61 83
2 61 87
2 61 88
2 61 90
2 61 91
2 61 98
2 61 100
2 62 64
2 62 70
2 62 73
2 62 78
2 62 79
2 62 80
2 62 81
2 62 82
2 62 83
2 62 84
2 62 85
2 62 89
2 62 91
2 62 93
2 62 96
2 62 97
2 62 98
2 63 67
2 63 69
2 63 70
2 63 71
2 63 73
2 63 74
2 63 75
2 63 79
2 63 81
2 63 89
2 63 90
2 63 96
2 63 97
2 63 98
2 63 100
2 64 65
2 64 66
2 64 77
2 64 80
2 64 82
2 64 86
2 64 88
2 64 89
2 64 90
2 64 92
2 64 93
2 65 67
2 65 68
2 65 69
2 65 74
2 65 79
2 65 81
2 65 82
2 65 83
2 65 85
2 65 89
2 65 91
2 65 93
2 65 94
2 65 96
2 65 97
2 65 100
2 66 71
2 66 77
2 66 78
2 66 83
2 66 84
2 66 91
2 66 94
2 66 95
2 67 71
2 67 74
2 67 76
2 67 77
2 67 78
2 67 86
2 67 87
2 67 92
2 67 94
2 67 100
2 68 71
2 68 83
2 68 90
2 68 91
2 68 94
2 69 70
2 69 71
2 69 72
2 69 76
2 69 79
2 69 89
2 69 92
2 69 96
2 69 97
2 69 99
2 70 72
2 70 81
2 70 82
2 70 83
2 70 87
2 70 89
2 70 93
2 70 95
2 70 96
2 70 98
2 71 73
2 71 74
2 71 79
2 71 84
2 71 85
2 71 100
2 72 82
2 72 85
2 72 87
2 72 88
2 72 91
2 72 95
2 72 100
2 73 74
2 73 75
2 73 76
2 73 85
2 73 87
2 73 90
2 73 92
2 73 95
2 74 75
2 74 86
2 74 88
2 74 90
2 74 91
2 74 92
2 74 93
2 74 94
2 74 95
2 74 96
2 74 98
2 74 100
2 75 77
2 75 79
2 75 82
2 75 84
2 75 87
2 75 89
2 75 92
2 75 93
2 75 97
2 75 98
2 76 82
2 76 83
2 76 89
2 76 97
2 77 81
2 77 82
2 77 83
2 77 86
2 77 90
2 77 91
2 77 92
2 77 96
2 78 83
2 78 88
2 78 89
2 78 91
2 78 93
2 78 96
2 78 99
2 79 80
2 79 82
2 79 87
2 79 88
2 79 91
2 80 81
2 80 87
2 80 89
2 80 91
2 80 95
2 80 99
2 81 86
2 81 87
2 81 88
2 81 89
2 81 91
2 81 98
2 81 100
2 82 86
2 82 88
2 82 89
2 82 93
2 82 94
2 82 98
2 82 99
2 82 100
2 83 85
2 83 87
2 83 89
2 83 91
2 83 96
2 84 86
2 84 87
2 84 90
2 84 91
2 84 93
2 84 97
2 84 99
2 85 86
2 85 88
2 85 89
2 85 92
2 85 97
2 85 99
2 86 90
2 86 93
2 86 94
2 86 100
2 87 91
2 87 92
2 87 93
2 87 95
2 87 100
2 88 89
2 88 92
2 88 93
2 88 94
2 88 96
2 88 99
2 89 91
2 89 92
2 89 96
2 90 91
2 90 93
2 91 92
2 91 99
2 92 93
2 92 100
2 93 94
2 93 96
2 93 98
2 94 95
2 95 100
2 97 99
