2477
2 1 5
2 1 6
2 1 8
2 1 9
2 1 12
2 1 15
2 1 16
2 1 19
2 1 20
2 1 21
2 1 25
2 1 28
2 1 29
2 1 30
2 1 31
2 1 32
2 1 33
2 1 38
2 1 41
2 1 43
2 1 44
2 1 46
2 1 47
2 1 48
2 1 52
2 1 54
2 1 57
2 1 58
2 1 61
2 1 63
2 1 70
2 1 71
2 1 72
2 1 76
2 1 78
2 1 79
2 1 80
2 1 81
2 1 86
2 1 87
2 1 90
2 1 92
2 1 94
2 1 95
2 1 96
2 1 98
2 1 99
2 1 100
2 2 3
2 2 6
2 2 7
2 2 8
2 2 12
2 2 13
2 2 16
2 2 18
2 2 19
2 2 21
2 2 28
2 2 30
2 2 31
2 2 32
2 2 34
2 2 36
2 2 40
2 2 42
2 2 44
2 2 47
2 2 51
2 2 52
2 2 57
2 2 58
2 2 59
2 2 61
2 2 63
2 2 64
2 2 65
2 2 66
2 2 67
2 2 70
2 2 71
2 2 75
2 2 78
2 2 79
2 2 84
2 2 86
2 2 87
2 2 89
2 2 92
2 2 93
2 2 96
2 2 97
2 2 98
2 2 99
2 3 4
2 3 5
2 3 6
2 3 8
2 3 10
2 3 11
2 3 12
2 3 13
2 3 14
2 3 16
2 3 17
2 3 21
2 3 22
2 3 23
2 3 24
2 3 26
2 3 29
2 3 30
2 3 32
2 3 33
2 3 34
2 3 36
2 3 38
2 3 39
2 3 40
2 3 42
2 3 45
2 3 50
2 3 51
2 3 52
2 3 53
2 3 56
2 3 57
2 3 59
2 3 60
2 3 61
2 3 63
2 3 64
2 3 73
2 3 74
2 3 77
2 3 84
2 3 85
2 3 86
2 3 92
2 3 93
2 3 95
2 3 96
2 3 97
2 3 98
2 3 100
2 4 6
2 4 7
2 4 8
2 4 10
2 4 13
2 4 15
2 4 16
2 4 18
2 4 19
2 4 20
2 4 21
2 4 24
2 4 25
2 4 26
2 4 27
2 4 34
2 4 37
2 4 38
2 4 40
2 4 42
2 4 46
2 4 48
2 4 49
2 4 50
2 4 51
2 4 52
2 4 54
2 4 55
2 4 57
2 4 60
2 4 63
2 4 66
2 4 68
2 4 71
2 4 75
2 4 76
2 4 80
2 4 81
2 4 84
2 4 85
2 4 87
2 4 89
2 4 90
2 4 91
2 4 92
2 4 95
2 4 96
2 4 97
2 4 99
2 4 100
2 5 6
2 5 8
2 5 9
2 5 12
2 5 13
2 5 14
2 5 16
2 5 19
2 5 22
2 5 24
2 5 28
2 5 30
2 5 32
2 5 33
2 5 34
2 5 35
2 5 37
2 5 39
2 5 43
2 5 44
2 5 48
2 5 49
2 5 52
2 5 53
2 5 54
2 5 55
2 5 59
2 5 61
2 5 62
2 5 63
2 5 68
2 5 69
2 5 72
2 5 73
2 5 74
2 5 75
2 5 77
2 5 82
2 5 84
2 5 85
2 5 86
2 5 87
2 5 92
2 5 94
2 5 95
2 5 96
2 5 98
2 6 10
2 6 11
2 6 12
2 6 14
2 6 16
2 6 17
2 6 20
2 6 22
2 6 24
2 6 25
2 6 27
2 6 29
2 6 30
2 6 33
2 6 34
2 6 35
2 6 44
2 6 45
2 6 46
2 6 48
2 6 50
2 6 51
2 6 52
2 6 55
2 6 58
2 6 59
2 6 60
2 6 64
2 6 66
2 6 67
2 6 69
2 6 75
2 6 76
2 6 77
2 6 78
2 6 80
2 6 82
2 6 83
2 6 84
2 6 87
2 6 88
2 6 90
2 6 92
2 6 97
2 6 98
2 7 10
2 7 11
2 7 12
2 7 13
2 7 15
2 7 16
2 7 19
2 7 20
2 7 22
2 7 25
2 7 27
2 7 28
2 7 31
2 7 33
2 7 34
2 7 36
2 7 37
2 7 39
2 7 40
2 7 41
2 7 43
2 7 44
2 7 45
2 7 47
2 7 48
2 7 50
2 7 53
2 7 54
2 7 58
2 7 59
2 7 60
2 7 61
2 7 62
2 7 63
2 7 64
2 7 67
2 7 69
2 7 70
2 7 71
2 7 72
2 7 73
2 7 74
2 7 75
2 7 76
2 7 79
2 7 80
2 7 81
2 7 82
2 7 84
2 7 86
2 7 87
2 7 88
2 7 90
2 7 92
2 7 93
2 7 94
2 7 96
2 8 10
2 8 12
2 8 14
2 8 16
2 8 18
2 8 19
2 8 21
2 8 23
2 8 25
2 8 26
2 8 28
2 8 31
2 8 34
2 8 37
2 8 41
2 8 43
2 8 45
2 8 46
2 8 48
2 8 53
2 8 56
2 8 57
2 8 58
2 8 60
2 8 62
2 8 65
2 8 66
2 8 67
2 8 70
2 8 71
2 8 75
2 8 76
2 8 80
2 8 81
2 8 83
2 8 84
2 8 87
2 8 88
2 8 90
2 8 92
2 8 94
2 8 96
2 8 98
2 8 99
2 9 12
2 9 13
2 9 14
2 9 15
2 9 16
2 9 17
2 9 18
2 9 24
2 9 25
2 9 27
2 9 28
2 9 31
2 9 32
2 9 33
2 9 34
2 9 35
2 9 38
2 9 40
2 9 48
2 9 49
2 9 51
2 9 53
2 9 56
2 9 58
2 9 59
2 9 61
2 9 62
2 9 64
2 9 67
2 9 69
2 9 71
2 9 72
2 9 73
2 9 75
2 9 76
2 9 79
2 9 80
2 9 81
2 9 83
2 9 84
2 9 85
2 9 88
2 9 89
2 9 91
2 9 93
2 9 94
2 9 95
2 9 96
2 9 99
2 10 11
2 10 12
2 10 15
2 10 16
2 10 19
2 10 22
2 10 23
2 10 24
2 10 26
2 10 30
2 10 31
2 10 33
2 10 36
2 10 37
2 10 41
2 10 43
2 10 44
2 10 45
2 10 46
2 10 48
2 10 49
2 10 50
2 10 52
2 10 55
2 10 56
2 10 57
2 10 59
2 10 60
2 10 62
2 10 64
2 10 69
2 10 70
2 10 71
2 10 75
2 10 76
2 10 77
2 10 78
2 10 79
2 10 80
2 10 81
2 10 82
2 10 83
2 10 84
2 10 85
2 10 88
2 10 89
2 10 91
2 10 92
2 10 93
2 10 94
2 10 95
2 10 96
2 11 12
2 11 14
2 11 15
2 11 16
2 11 22
2 11 23
2 11 24
2 11 27
2 11 32
2 11 33
2 11 37
2 11 38
2 11 39
2 11 40
2 11 41
2 11 43
2 11 44
2 11 48
2 11 49
2 11 53
2 11 54
2 11 55
2 11 56
2 11 59
2 11 60
2 11 61
2 11 62
2 11 67
2 11 71
2 11 78
2 11 81
2 11 83
2 11 84
2 11 89
2 11 90
2 11 91
2 11 93
2 11 95
2 11 97
2 12 14
2 12 15
2 12 20
2 12 21
2 12 22
2 12 23
2 12 24
2 12 26
2 12 28
2 12 33
2 12 37
2 12 38
2 12 40
2 12 43
2 12 45
2 12 49
2 12 51
2 12 55
2 12 58
2 12 59
2 12 61
2 12 65
2 12 68
2 12 71
2 12 72
2 12 73
2 12 75
2 12 78
2 12 80
2 12 81
2 12 83
2 12 86
2 12 89
2 12 91
2 12 92
2 12 93
2 12 94
2 12 97
2 12 100
2 13 14
2 13 16
2 13 17
2 13 19
2 13 20
2 13 21
2 13 22
2 13 24
2 13 26
2 13 27
2 13 28
2 13 29
2 13 30
2 13 32
2 13 33
2 13 34
2 13 38
2 13 39
2 13 41
2 13 45
2 13 46
2 13 48
2 13 50
2 13 51
2 13 52
2 13 54
2 13 55
2 13 56
2 13 59
2 13 60
2 13 61
2 13 64
2 13 65
2 13 68
2 13 69
2 13 70
2 13 72
2 13 73
2 13 76
2 13 78
2 13 80
2 13 82
2 13 85
2 13 87
2 13 88
2 13 90
2 13 92
2 13 94
2 13 97
2 13 100
2 14 15
2 14 16
2 14 17
2 14 19
2 14 21
2 14 22
2 14 24
2 14 25
2 14 26
2 14 27
2 14 28
2 14 31
2 14 34
2 14 35
2 14 36
2 14 37
2 14 39
2 14 41
2 14 42
2 14 45
2 14 46
2 14 48
2 14 50
2 14 51
2 14 52
2 14 55
2 14 57
2 14 61
2 14 65
2 14 67
2 14 70
2 14 71
2 14 73
2 14 74
2 14 76
2 14 77
2 14 81
2 14 82
2 14 84
2 14 85
2 14 88
2 14 90
2 14 91
2 14 93
2 14 94
2 14 95
2 14 96
2 14 97
2 14 100
2 15 16
2 15 19
2 15 20
2 15 21
2 15 23
2 15 24
2 15 26
2 15 27
2 15 29
2 15 33
2 15 34
2 15 37
2 15 38
2 15 39
2 15 40
2 15 42
2 15 43
2 15 44
2 15 47
2 15 49
2 15 51
2 15 53
2 15 55
2 15 57
2 15 58
2 15 59
2 15 64
2 15 65
2 15 68
2 15 70
2 15 71
2 15 73
2 15 74
2 15 75
2 15 76
2 15 77
2 15 78
2 15 79
2 15 81
2 15 83
2 15 84
2 15 87
2 15 90
2 15 91
2 15 92
2 15 96
2 15 97
2 15 98
2 15 100
2 16 18
2 16 19
2 16 20
2 16 22
2 16 24
2 16 25
2 16 27
2 16 28
2 16 30
2 16 32
2 16 33
2 16 34
2 16 36
2 16 37
2 16 38
2 16 39
2 16 41
2 16 43
2 16 50
2 16 53
2 16 54
2 16 56
2 16 57
2 16 59
2 16 64
2 16 65
2 16 66
2 16 68
2 16 69
2 16 71
2 16 72
2 16 74
2 16 79
2 16 80
2 16 82
2 16 83
2 16 85
2 16 86
2 16 87
2 16 88
2 16 89
2 16 90
2 16 92
2 16 94
2 16 95
2 16 96
2 16 97
2 16 98
2 16 100
2 17 18
2 17 22
2 17 23
2 17 26
2 17 27
2 17 30
2 17 31
2 17 32
2 17 35
2 17 36
2 17 38
2 17 39
2 17 41
2 17 42
2 17 45
2 17 46
2 17 49
2 17 50
2 17 55
2 17 58
2 17 61
2 17 62
2 17 63
2 17 64
2 17 66
2 17 69
2 17 71
2 17 74
2 17 75
2 17 77
2 17 78
2 17 80
2 17 82
2 17 83
2 17 84
2 17 86
2 17 88
2 17 91
2 17 93
2 17 96
2 17 97
2 17 99
2 18 19
2 18 23
2 18 27
2 18 30
2 18 31
2 18 32
2 18 33
2 18 35
2 18 36
2 18 38
2 18 40
2 18 41
2 18 43
2 18 44
2 18 45
2 18 47
2 18 48
2 18 49
2 18 50
2 18 51
2 18 55
2 18 56
2 18 61
2 18 62
2 18 63
2 18 65
2 18 66
2 18 67
2 18 69
2 18 71
2 18 76
2 18 77
2 18 78
2 18 79
2 18 86
2 18 93
2 18 97
2 18 98
2 18 99
2 19 20
2 19 23
2 19 24
2 19 25
2 19 26
2 19 30
2 19 31
2 19 33
2 19 34
2 19 35
2 19 37
2 19 40
2 19 43
2 19 44
2 19 46
2 19 50
2 19 51
2 19 53
2 19 55
2 19 56
2 19 57
2 19 58
2 19 63
2 19 64
2 19 65
2 19 66
2 19 67
2 19 69
2 19 75
2 19 77
2 19 78
2 19 80
2 19 81
2 19 84
2 19 85
2 19 86
2 19 87
2 19 89
2 19 91
2 19 97
2 19 98
2 20 21
2 20 22
2 20 25
2 20 26
2 20 27
2 20 29
2 20 34
2 20 36
2 20 38
2 20 39
2 20 40
2 20 41
2 20 42
2 20 47
2 20 49
2 20 51
2 20 52
2 20 54
2 20 58
2 20 59
2 20 61
2 20 63
2 20 67
2 20 68
2 20 70
2 20 72
2 20 74
2 20 75
2 20 79
2 20 80
2 20 84
2 20 87
2 20 90
2 20 91
2 20 98
2 20 99
2 20 100
2 21 24
2 21 29
2 21 32
2 21 36
2 21 37
2 21 42
2 21 43
2 21 44
2 21 45
2 21 47
2 21 48
2 21 50
2 21 53
2 21 55
2 21 58
2 21 60
2 21 61
2 21 66
2 21 68
2 21 69
2 21 70
2 21 72
2 21 73
2 21 74
2 21 77
2 21 78
2 21 80
2 21 82
2 21 84
2 21 87
2 21 90
2 21 91
2 21 92
2 21 93
2 21 97
2 21 98
2 21 100
2 22 23
2 22 25
2 22 26
2 22 31
2 22 33
2 22 34
2 22 39
2 22 44
2 22 45
2 22 48
2 22 49
2 22 50
2 22 51
2 22 55
2 22 60
2 22 61
2 22 65
2 22 67
2 22 68
2 22 73
2 22 74
2 22 75
2 22 77
2 22 80
2 22 81
2 22 83
2 22 84
2 22 85
2 22 92
2 22 93
2 22 96
2 22 97
2 22 99
2 22 100
2 23 24
2 23 25
2 23 26
2 23 27
2 23 28
2 23 32
2 23 33
2 23 35
2 23 36
2 23 38
2 23 39
2 23 41
2 23 42
2 23 45
2 23 46
2 23 50
2 23 53
2 23 54
2 23 59
2 23 60
2 23 61
2 23 62
2 23 63
2 23 64
2 23 65
2 23 69
2 23 72
2 23 73
2 23 75
2 23 76
2 23 81
2 23 85
2 23 86
2 23 87
2 23 90
2 23 91
2 23 92
2 23 97
2 24 25
2 24 26
2 24 27
2 24 29
2 24 31
2 24 32
2 24 33
2 24 34
2 24 35
2 24 36
2 24 39
2 24 41
2 24 43
2 24 44
2 24 48
2 24 50
2 24 51
2 24 52
2 24 53
2 24 54
2 24 56
2 24 57
2 24 58
2 24 59
2 24 60
2 24 61
2 24 62
2 24 63
2 24 64
2 24 65
2 24 67
2 24 68
2 24 71
2 24 73
2 24 74
2 24 77
2 24 79
2 24 80
2 24 83
2 24 85
2 24 86
2 24 91
2 24 93
2 24 94
2 24 95
2 24 99
2 24 100
2 25 26
2 25 28
2 25 29
2 25 32
2 25 33
2 25 34
2 25 37
2 25 39
2 25 40
2 25 43
2 25 44
2 25 46
2 25 47
2 25 48
2 25 52
2 25 54
2 25 55
2 25 57
2 25 58
2 25 60
2 25 61
2 25 63
2 25 65
2 25 67
2 25 68
2 25 75
2 25 76
2 25 78
2 25 79
2 25 80
2 25 83
2 25 84
2 25 91
2 25 93
2 25 95
2 25 96
2 25 97
2 25 99
2 25 100
2 26 30
2 26 32
2 26 33
2 26 34
2 26 39
2 26 40
2 26 42
2 26 44
2 26 45
2 26 47
2 26 52
2 26 56
2 26 60
2 26 64
2 26 65
2 26 68
2 26 71
2 26 72
2 26 73
2 26 74
2 26 77
2 26 79
2 26 82
2 26 83
2 26 88
2 26 89
2 26 91
2 26 96
2 26 97
2 26 98
2 27 28
2 27 30
2 27 31
2 27 33
2 27 36
2 27 37
2 27 38
2 27 39
2 27 40
2 27 44
2 27 45
2 27 46
2 27 50
2 27 51
2 27 53
2 27 57
2 27 58
2 27 59
2 27 65
2 27 66
2 27 69
2 27 72
2 27 73
2 27 74
2 27 80
2 27 88
2 27 89
2 27 90
2 27 91
2 27 93
2 27 94
2 27 95
2 27 96
2 27 100
2 28 32
2 28 33
2 28 37
2 28 38
2 28 41
2 28 43
2 28 44
2 28 45
2 28 46
2 28 47
2 28 48
2 28 50
2 28 54
2 28 57
2 28 58
2 28 59
2 28 61
2 28 64
2 28 65
2 28 68
2 28 69
2 28 73
2 28 75
2 28 77
2 28 78
2 28 83
2 28 85
2 28 88
2 28 90
2 28 93
2 28 96
2 28 97
2 28 98
2 28 99
2 28 100
2 29 30
2 29 31
2 29 32
2 29 34
2 29 35
2 29 38
2 29 39
2 29 43
2 29 44
2 29 45
2 29 50
2 29 54
2 29 55
2 29 57
2 29 58
2 29 60
2 29 61
2 29 63
2 29 66
2 29 67
2 29 68
2 29 69
2 29 70
2 29 72
2 29 73
2 29 74
2 29 75
2 29 76
2 29 78
2 29 79
2 29 81
2 29 82
2 29 84
2 29 85
2 29 87
2 29 88
2 29 89
2 29 90
2 29 91
2 29 92
2 29 93
2 29 94
2 29 97
2 29 100
2 30 32
2 30 38
2 30 39
2 30 42
2 30 48
2 30 49
2 30 50
2 30 52
2 30 55
2 30 56
2 30 57
2 30 59
2 30 60
2 30 62
2 30 63
2 30 65
2 30 68
2 30 70
2 30 72
2 30 73
2 30 77
2 30 80
2 30 83
2 30 84
2 30 85
2 30 87
2 30 88
2 30 90
2 30 91
2 30 94
2 30 96
2 30 99
2 31 34
2 31 35
2 31 39
2 31 44
2 31 46
2 31 51
2 31 52
2 31 54
2 31 57
2 31 59
2 31 63
2 31 64
2 31 65
2 31 66
2 31 67
2 31 68
2 31 69
2 31 70
2 31 72
2 31 74
2 31 75
2 31 76
2 31 79
2 31 81
2 31 82
2 31 86
2 31 87
2 31 90
2 31 93
2 31 95
2 31 96
2 31 97
2 31 99
2 32 33
2 32 34
2 32 35
2 32 37
2 32 38
2 32 39
2 32 40
2 32 41
2 32 42
2 32 43
2 32 46
2 32 47
2 32 48
2 32 49
2 32 51
2 32 53
2 32 54
2 32 56
2 32 57
2 32 59
2 32 62
2 32 63
2 32 65
2 32 69
2 32 70
2 32 72
2 32 78
2 32 81
2 32 82
2 32 88
2 32 89
2 32 90
2 32 97
2 33 37
2 33 41
2 33 43
2 33 45
2 33 48
2 33 49
2 33 51
2 33 52
2 33 54
2 33 58
2 33 60
2 33 62
2 33 66
2 33 70
2 33 72
2 33 77
2 33 79
2 33 82
2 33 83
2 33 84
2 33 86
2 33 87
2 33 88
2 33 89
2 33 90
2 33 96
2 33 97
2 33 99
2 34 35
2 34 36
2 34 39
2 34 40
2 34 41
2 34 42
2 34 43
2 34 46
2 34 52
2 34 54
2 34 55
2 34 58
2 34 63
2 34 64
2 34 67
2 34 68
2 34 71
2 34 72
2 34 74
2 34 76
2 34 78
2 34 80
2 34 81
2 34 82
2 34 84
2 34 87
2 34 92
2 34 94
2 34 95
2 34 98
2 34 99
2 35 36
2 35 37
2 35 40
2 35 41
2 35 42
2 35 43
2 35 45
2 35 47
2 35 48
2 35 50
2 35 52
2 35 53
2 35 55
2 35 57
2 35 58
2 35 60
2 35 62
2 35 64
2 35 65
2 35 67
2 35 72
2 35 73
2 35 75
2 35 78
2 35 80
2 35 82
2 35 83
2 35 85
2 35 86
2 35 93
2 35 99
2 35 100
2 36 38
2 36 41
2 36 42
2 36 46
2 36 47
2 36 49
2 36 50
2 36 51
2 36 53
2 36 56
2 36 58
2 36 61
2 36 63
2 36 67
2 36 68
2 36 69
2 36 71
2 36 74
2 36 75
2 36 80
2 36 82
2 36 83
2 36 84
2 36 86
2 36 87
2 36 89
2 36 91
2 36 93
2 36 95
2 36 97
2 36 98
2 36 99
2 36 100
2 37 38
2 37 41
2 37 43
2 37 45
2 37 48
2 37 50
2 37 52
2 37 53
2 37 55
2 37 56
2 37 57
2 37 59
2 37 61
2 37 63
2 37 65
2 37 66
2 37 67
2 37 68
2 37 70
2 37 72
2 37 74
2 37 75
2 37 77
2 37 78
2 37 82
2 37 83
2 37 85
2 37 88
2 37 90
2 37 91
2 37 96
2 37 98
2 37 99
2 38 42
2 38 45
2 38 46
2 38 55
2 38 57
2 38 58
2 38 60
2 38 62
2 38 68
2 38 71
2 38 72
2 38 76
2 38 78
2 38 79
2 38 82
2 38 85
2 38 86
2 38 88
2 38 94
2 38 95
2 38 99
2 38 100
2 39 40
2 39 42
2 39 44
2 39 46
2 39 47
2 39 56
2 39 57
2 39 58
2 39 59
2 39 60
2 39 61
2 39 62
2 39 63
2 39 64
2 39 66
2 39 71
2 39 74
2 39 75
2 39 81
2 39 82
2 39 84
2 39 85
2 39 87
2 39 89
2 39 90
2 39 91
2 39 94
2 39 96
2 39 97
2 40 42
2 40 46
2 40 49
2 40 51
2 40 53
2 40 55
2 40 56
2 40 57
2 40 58
2 40 59
2 40 60
2 40 61
2 40 62
2 40 63
2 40 64
2 40 67
2 40 68
2 40 72
2 40 74
2 40 76
2 40 77
2 40 81
2 40 83
2 40 84
2 40 85
2 40 86
2 40 87
2 40 88
2 40 90
2 40 95
2 41 43
2 41 44
2 41 46
2 41 47
2 41 48
2 41 59
2 41 60
2 41 62
2 41 64
2 41 67
2 41 70
2 41 74
2 41 75
2 41 76
2 41 77
2 41 81
2 41 82
2 41 86
2 41 89
2 41 90
2 41 92
2 41 94
2 41 95
2 41 98
2 41 100
2 42 43
2 42 44
2 42 46
2 42 47
2 42 48
2 42 50
2 42 52
2 42 54
2 42 55
2 42 56
2 42 57
2 42 60
2 42 63
2 42 65
2 42 66
2 42 69
2 42 70
2 42 72
2 42 73
2 42 84
2 42 86
2 42 88
2 42 90
2 42 92
2 42 96
2 42 97
2 42 98
2 42 99
2 42 100
2 43 45
2 43 47
2 43 48
2 43 53
2 43 55
2 43 58
2 43 60
2 43 61
2 43 66
2 43 67
2 43 70
2 43 72
2 43 76
2 43 77
2 43 79
2 43 80
2 43 82
2 43 85
2 43 88
2 43 90
2 43 92
2 43 94
2 43 98
2 44 46
2 44 49
2 44 51
2 44 53
2 44 56
2 44 57
2 44 59
2 44 63
2 44 65
2 44 66
2 44 68
2 44 69
2 44 70
2 44 76
2 44 77
2 44 78
2 44 84
2 44 86
2 44 90
2 44 94
2 44 96
2 44 98
2 44 100
2 45 48
2 45 50
2 45 53
2 45 55
2 45 59
2 45 60
2 45 61
2 45 64
2 45 66
2 45 68
2 45 69
2 45 70
2 45 73
2 45 76
2 45 80
2 45 85
2 45 92
2 45 93
2 45 94
2 45 95
2 45 99
2 46 50
2 46 54
2 46 55
2 46 56
2 46 57
2 46 62
2 46 68
2 46 69
2 46 70
2 46 73
2 46 74
2 46 77
2 46 78
2 46 79
2 46 80
2 46 82
2 46 86
2 46 87
2 46 88
2 46 89
2 46 90
2 46 91
2 46 92
2 46 93
2 46 95
2 46 99
2 46 100
2 47 50
2 47 52
2 47 53
2 47 57
2 47 62
2 47 64
2 47 65
2 47 69
2 47 70
2 47 71
2 47 72
2 47 73
2 47 74
2 47 77
2 47 79
2 47 80
2 47 81
2 47 82
2 47 83
2 47 86
2 47 90
2 47 91
2 47 92
2 47 93
2 47 94
2 47 95
2 47 96
2 47 98
2 47 99
2 48 49
2 48 50
2 48 53
2 48 55
2 48 57
2 48 58
2 48 61
2 48 62
2 48 64
2 48 66
2 48 69
2 48 70
2 48 71
2 48 72
2 48 75
2 48 76
2 48 79
2 48 80
2 48 81
2 48 84
2 48 85
2 48 86
2 48 87
2 48 95
2 48 96
2 48 97
2 48 99
2 49 51
2 49 52
2 49 53
2 49 55
2 49 57
2 49 58
2 49 59
2 49 60
2 49 61
2 49 63
2 49 64
2 49 66
2 49 68
2 49 70
2 49 71
2 49 72
2 49 74
2 49 75
2 49 76
2 49 79
2 49 80
2 49 83
2 49 87
2 49 88
2 49 93
2 49 97
2 49 99
2 49 100
2 50 51
2 50 54
2 50 56
2 50 57
2 50 59
2 50 63
2 50 65
2 50 67
2 50 68
2 50 69
2 50 72
2 50 73
2 50 76
2 50 77
2 50 78
2 50 79
2 50 81
2 50 82
2 50 84
2 50 86
2 50 89
2 50 93
2 50 94
2 50 96
2 51 53
2 51 55
2 51 56
2 51 58
2 51 60
2 51 61
2 51 62
2 51 64
2 51 65
2 51 67
2 51 69
2 51 70
2 51 72
2 51 74
2 51 75
2 51 76
2 51 79
2 51 80
2 51 82
2 51 83
2 51 85
2 51 86
2 51 87
2 51 89
2 51 90
2 51 91
2 51 92
2 51 93
2 51 96
2 51 98
2 51 99
2 52 55
2 52 58
2 52 60
2 52 61
2 52 64
2 52 65
2 52 67
2 52 69
2 52 70
2 52 73
2 52 74
2 52 75
2 52 76
2 52 78
2 52 79
2 52 80
2 52 82
2 52 84
2 52 86
2 52 87
2 52 91
2 52 92
2 52 93
2 52 94
2 52 95
2 52 97
2 52 100
2 53 54
2 53 56
2 53 57
2 53 61
2 53 66
2 53 67
2 53 68
2 53 69
2 53 71
2 53 73
2 53 76
2 53 78
2 53 83
2 53 84
2 53 87
2 53 88
2 53 93
2 53 94
2 53 95
2 53 96
2 53 97
2 53 98
2 54 57
2 54 61
2 54 62
2 54 63
2 54 64
2 54 65
2 54 66
2 54 67
2 54 69
2 54 71
2 54 73
2 54 79
2 54 82
2 54 83
2 54 86
2 54 87
2 54 88
2 54 98
2 54 99
2 54 100
2 55 57
2 55 61
2 55 62
2 55 66
2 55 67
2 55 68
2 55 70
2 55 71
2 55 72
2 55 74
2 55 76
2 55 77
2 55 78
2 55 79
2 55 84
2 55 86
2 55 89
2 55 92
2 55 93
2 55 94
2 55 95
2 55 96
2 55 97
2 55 99
2 55 100
2 56 59
2 56 63
2 56 64
2 56 68
2 56 69
2 56 72
2 56 73
2 56 74
2 56 75
2 56 79
2 56 80
2 56 83
2 56 85
2 56 88
2 56 89
2 56 90
2 56 96
2 56 97
2 56 99
2 57 59
2 57 62
2 57 63
2 57 64
2 57 65
2 57 66
2 57 68
2 57 74
2 57 77
2 57 82
2 57 83
2 57 84
2 57 85
2 57 89
2 57 91
2 57 94
2 57 97
2 57 98
2 57 99
2 57 100
2 58 59
2 58 60
2 58 62
2 58 63
2 58 64
2 58 65
2 58 70
2 58 73
2 58 75
2 58 76
2 58 78
2 58 79
2 58 80
2 58 82
2 58 83
2 58 84
2 58 85
2 58 86
2 58 87
2 58 88
2 58 93
2 58 95
2 58 98
2 58 99
2 58 100
2 59 61
2 59 63
2 59 64
2 59 66
2 59 71
2 59 72
2 59 74
2 59 75
2 59 78
2 59 79
2 59 80
2 59 81
2 59 84
2 59 87
2 59 88
2 59 89
2 59 90
2 59 95
2 59 96
2 59 98
2 59 100
2 60 62
2 60 63
2 60 66
2 60 71
2 60 73
2 60 75
2 60 78
2 60 80
2 60 82
2 60 83
2 60 84
2 60 85
2 60 88
2 60 89
2 60 90
2 60 91
2 60 94
2 60 95
2 60 98
2 60 99
2 61 63
2 61 64
2 61 66
2 61 69
2 61 73
2 61 76
2 61 78
2 61 80
2 61 81
2 61 84
2 61 85
2 61 86
2 61 89
2 61 93
2 61 95
2 61 96
2 61 99
2 62 63
2 62 64
2 62 66
2 62 67
2 62 69
2 62 70
2 62 71
2 62 75
2 62 81
2 62 82
2 62 84
2 62 88
2 62 89
2 62 91
2 62 92
2 62 96
2 62 98
2 62 99
2 62 100
2 63 67
2 63 70
2 63 71
2 63 72
2 63 73
2 63 82
2 63 83
2 63 85
2 63 86
2 63 87
2 63 89
2 63 90
2 63 92
2 63 93
2 63 94
2 63 96
2 63 100
2 64 66
2 64 68
2 64 76
2 64 77
2 64 80
2 64 83
2 64 85
2 64 86
2 64 87
2 64 90
2 64 91
2 64 94
2 64 97
2 65 67
2 65 68
2 65 69
2 65 70
2 65 73
2 65 75
2 65 76
2 65 77
2 65 78
2 65 79
2 65 80
2 65 81
2 65 82
2 65 87
2 65 88
2 65 91
2 65 93
2 65 94
2 65 95
2 65 96
2 65 98
2 65 100
2 66 67
2 66 71
2 66 75
2 66 80
2 66 84
2 66 88
2 66 89
2 66 93
2 66 95
2 66 97
2 67 68
2 67 69
2 67 70
2 67 71
2 67 72
2 67 76
2 67 77
2 67 79
2 67 82
2 67 83
2 67 84
2 67 85
2 67 86
2 67 87
2 67 88
2 67 89
2 67 96
2 67 100
2 68 70
2 68 71
2 68 74
2 68 78
2 68 79
2 68 80
2 68 83
2 68 84
2 68 85
2 68 86
2 68 88
2 68 91
2 68 92
2 68 95
2 68 100
2 69 73
2 69 75
2 69 76
2 69 77
2 69 78
2 69 79
2 69 83
2 69 85
2 69 87
2 69 89
2 69 91
2 69 92
2 69 94
2 69 96
2 69 98
2 69 99
2 70 71
2 70 74
2 70 75
2 70 76
2 70 80
2 70 82
2 70 83
2 70 84
2 70 85
2 70 86
2 70 87
2 70 88
2 70 94
2 70 96
2 70 97
2 70 99
2 70 100
2 71 72
2 71 76
2 71 87
2 71 88
2 71 89
2 71 90
2 71 94
2 71 95
2 71 96
2 71 97
2 71 98
2 72 74
2 72 75
2 72 77
2 72 78
2 72 89
2 72 92
2 72 93
2 72 94
2 72 97
2 72 98
2 73 74
2 73 76
2 73 78
2 73 82
2 73 83
2 73 85
2 73 86
2 73 87
2 73 88
2 73 90
2 73 91
2 73 94
2 73 96
2 73 97
2 73 98
2 73 99
2 74 80
2 74 81
2 74 82
2 74 83
2 74 84
2 74 88
2 74 89
2 74 92
2 74 94
2 74 95
2 74 97
2 74 98
2 74 100
2 75 77
2 75 79
2 75 81
2 75 82
2 75 84
2 75 85
2 75 87
2 75 89
2 75 93
2 75 95
2 75 96
2 75 97
2 75 98
2 75 99
2 76 78
2 76 79
2 76 80
2 76 81
2 76 84
2 76 86
2 76 87
2 76 88
2 76 90
2 76 91
2 76 93
2 76 96
2 76 98
2 76 99
2 77 78
2 77 79
2 77 80
2 77 81
2 77 83
2 77 84
2 77 86
2 77 88
2 77 90
2 77 93
2 77 94
2 77 96
2 77 97
2 77 98
2 77 99
2 77 100
2 78 86
2 78 88
2 78 89
2 78 90
2 78 92
2 78 93
2 78 94
2 78 100
2 79 80
2 79 82
2 79 83
2 79 85
2 79 87
2 79 88
2 79 89
2 79 90
2 79 91
2 79 92
2 79 93
2 79 94
2 79 95
2 79 99
2 80 83
2 80 85
2 80 88
2 80 89
2 80 90
2 80 91
2 80 95
2 80 96
2 80 98
2 80 99
2 81 82
2 81 83
2 81 84
2 81 86
2 81 87
2 81 90
2 81 95
2 81 98
2 81 100
2 82 84
2 82 87
2 82 89
2 82 90
2 82 92
2 82 97
2 82 98
2 82 99
2 83 84
2 83 85
2 83 87
2 83 90
2 83 91
2 83 92
2 83 94
2 83 95
2 83 97
2 83 98
2 84 85
2 84 87
2 84 89
2 84 90
2 84 91
2 84 94
2 84 95
2 84 99
2 84 100
2 85 91
2 85 92
2 85 95
2 85 98
2 85 100
2 86 87
2 86 89
2 86 90
2 86 93
2 86 95
2 86 96
2 86 97
2 86 99
2 86 100
2 87 90
2 87 91
2 87 92
2 87 94
2 87 95
2 87 97
2 87 98
2 87 100
2 88 89
2 88 93
2 88 94
2 88 95
2 88 97
2 88 98
2 88 99
2 89 91
2 89 95
2 89 96
2 89 97
2 89 98
2 89 99
2 90 91
2 90 93
2 90 96
2 90 97
2 90 99
2 90 100
2 91 92
2 91 93
2 91 95
2 91 100
2 92 93
2 92 95
2 92 96
2 92 97
2 92 98
2 93 94
2 93 96
2 93 97
2 93 98
2 93 99
2 94 98
2 94 99
2 94 100
2 95 98
2 95 99
2 95 100
2 96 97
2 96 98
2 96 100
2 97 100
2 98 99
2 98 100
2 99 100
