1531543786
381675976
1244919773
81997743
1584900494
599058908
1012704461
1414763746
675671966
798255908
484403514
1385370330
260928670
1530240342
2694057129
509899162
718074285
54131015
156127494
1170565434
2596789946
3743409384
3594169708
71340277
404327699
618079908
596203147
1250456663
1989822142
966219148
811876974
1159074109
407328056
34139205
2306481962
864099020
2706296464
878596732
6266908
1737620566
534391169
712632370
90581425
130768574
717175693
1217705894
1645256084
1616659908
1866993521
177611176
371034502
898987596
123457302
2384217112
2155680827
139944090
464568706
2820612881
1870372331
199425137
376243531
153877767
2055591387
2198634441
1573080590
1925020623
138005888
1529380429
1120713435
1881958784
661008395
2326953770
2619265832
483822291
750945627
656166447
2545468372
3520150587
291518072
1462636623
3809726386
16764205
1977490419
678442537
2076050273
3239518346
2431071909
1025640987
1750590593
934787853
2885529615
1689429408
597624438
298549614
1040879645
2688031870
786715400
1888190112
3778665730
2129251160
858691207
1856262577
2572460962
575037527
413808557
1312769786
721210877
194912763
162925602
2806089869
1400988896
1135448555
736247438
66497241
57692828
309441879
528344398
2807141336
575683984
2149843066
2703407587
2652158799
65773865
1388170173
1406736068
1026559478
3170535038
419597440
191527577
1142819867
237126977
321238271
1862719518
2185279561
2934437584
1577363463
2420593502
3050590792
1416096798
1152921402
2786452455
3505038667
1607773971
818794475
3236166792
781407387
1101615584
1124672222
599483039
969927777
428445775
236942721
137642597
1058727754
728554139
1127529903
995670546
327402726
621894957
1028643770
2886972432
2690390115
2125917768
339601116
2501797549
1433917598
489574799
175606196
841572052
2837672069
3292877587
1899345580
2024915431
356561510
763362081
552559091
1113544612
273257908
799208919
1339019680
3161923768
52365534
602286660
118246668
816656505
1001564663
1741954313
47528895
2441519403
1104887609
