1
1
1
8
1
3
36
18
10
1
9
18
1
3
29
1
2
3
1
80
94
29
29
2
1
145
3
12
1
188
2
23
16
83
32
72
9
16
2
43
10
63
34
83
2
2
10
72
10
2
42
592
6
10
29
65
5
117
16
310
2
12
116
18
359
1191
105
218
112
179
108
144
2
126
58
5
11
10
35
10
1
167
266
144
2
117
99
229
2
2272
1301
34
103
80
6
32
27
6
19
95
29
69
27
32
45
585
214
34
30
310
13
23
16
328
13
13
18
2
2
19
232
4
34
484
15
89
38
140
60
63
39
293
205
1210
47
84
15
194
20
354
187
11
297
-1
32
167
1
52
24
854
734
52
131
32
782
1195
452
1
135
27
45
5
15
587
131
52
825
204
90
1311
220
256
43
3133
151
27
34
799
23
450
146
654
176
51
15
154
217
88
27
32
68
690
14
33
18
148
20
418
180
-1
285
1
28
95
76
144
116
1191
1
517
19
520
370
485
45
286
21
855
20
502
912
70
352
16
13
-1
24
89
94
286
2484
8
28
-1
24
125
47
340
1
450
9
29
599
3104
109
72
222
3
363
63
57
392
8
358
3343
496
77
375
270
97
283
279
992
1504
242
141
35
1821
77
394
60
22
13
496
16
36
208
195
6
325
18
1228
26
2567
101
92
24
489
43
66
5
-1
12
-1
27
187
459
410
2249
109
148
-1
211
242
1125
393
728
-1
156
2
899
1204
23
29
24
2163
147
273
20
1968
136
181
75
1562
47
84
900
181
84
411
130
707
757
1267
93
891
115
4
1023
93
19
328
30
65
47
1231
1416
63
32
272
134
117
33
520
115
11
106
248
67
288
1
368
66
-1
21
744
2081
94
320
228
363
13
37
903
109
584
206
320
213
282
19
2157
157
-1
43
99
10
66
84
760
123
1435
10
53
20
2486
264
162
339
192
460
-1
3
460
227
750
41
59
40
2
7
19
48
205
995
255
193
18
24
272
159
106
241
2225
199
1512
159
59
305
1528
40
2666
146
179
297
100
20
206
195
243
123
-1
334
1062
1946
972
48
377
42
995
227
1231
124
22
2324
11
136
67
575
58
505
162
38
531
78
199
457
1495
1126
395
283
203
72
2821
55
84
122
-1
131
734
558
-1
533
1205
2027
111
3427
570
918
129
-1
2298
45
199
163
295
1374
1568
180
693
90
99
1418
1722
18
1211
134
404
108
12
84
751
2
1926
-1
-1
99
90
26
90
8
288
262
1462
580
194
2073
41
332
848
53
615
533
224
395
1455
65
-1
33
84
737
275
275
39
665
762
502
272
254
1018
179
588
35
-1
302
32
311
-1
12
1948
90
3224
40
2387
16
41
480
211
27
18
104
950
287
27
436
344
737
546
597
915
-1
52
40
738
91
6
296
114
14
266
231
233
103
13
421
230
489
3614
43
10
983
1337
89
568
3
841
10
78
201
193
119
24
227
959
1202
308
192
586
1422
171
441
41
1474
399
397
746
404
784
64
6
905
972
56
48
1255
32
524
-1
-1
196
9
904
288
238
766
1439
195
14
349
1058
142
39
2
38
42
568
120
402
1075
1462
875
199
7
428
887
3413
172
70
3291
244
19
1622
96
738
134
393
1394
111
458
818
2344
2163
238
2248
602
224
1962
-1
126
667
884
36
34
131
1995
38
-1
37
43
2490
504
991
217
450
233
1482
36
5
47
318
35
255
205
133
97
-1
1531
782
1260
353
253
540
128
1327
89
822
269
475
388
5
1346
-1
44
-1
48
757
1444
-1
80
441
232
65
154
578
193
975
138
1299
616
-1
-1
992
972
163
113
1569
-1
915
126
1158
1036
458
35
440
-1
329
1767
1357
96
2059
3371
-1
1855
3130
282
67
594
1215
648
148
317
578
124
129
106
310
223
105
47
821
1665
288
7
553
1070
1118
195
-1
465
541
426
-1
767
537
77
-1
702
1288
421
109
2123
3310
521
443
71
2590
78
2363
701
2804
30
1575
63
34
-1
1307
318
973
133
21
67
1698
60
17
1188
1862
182
2546
2184
468
505
181
3416
903
662
53
232
170
-1
45
384
-1
1688
32
1003
-1
52
32
752
1907
620
128
206
-1
464
741
182
401
180
78
48
63
298
885
326
-1
559
690
149
1842
158
1439
193
1351
1056
-1
262
333
12
400
173
70
1107
229
472
158
98
-1
265
434
182
83
18
198
72
4
676
222
174
-1
80
785
352
277
620
304
36
352
885
-1
733
429
2160
426
1933
252
251
503
98
394
320
166
629
236
1058
858
50
-1
964
1422
578
191
-1
3
-1
404
172
248
509
2740
647
1065
896
2449
456
41
374
1027
1400
289
-1
1367
382
49
1454
362
365
2251
66
2067
597
-1
1699
545
1703
494
252
-1
1602
260
1
513
325
39
360
1124
180
375
227
22
11
824
418
46
69
19
206
41
855
1644
174
681
35
-1
168
992
2088
180
3401
453
30
1075
196
2974
1208
196
100
1649
261
310
274
3064
316
1679
1604
53
1830
1578
712
245
1355
206
884
2184
534
328
2014
1490
70
941
426
530
282
1769
1068
61
62
1449
195
689
-1
825
932
632
2798
1770
739
1699
152
234
459
-1
976
2949
196
624
499
1283
365
932
227
574
912
332
-1
2590
517
3119
125
657
83
1139
216
434
1227
153
833
488
707
420
2757
272
7
2095
-1
103
707
290
1388
542
976
339
12
2912
22
265
673
312
3320
1209
594
819
253
375
480
1905
-1
1668
362
3618
56
1039
270
192
367
441
-1
508
194
252
271
842
218
2723
293
535
156
1537
180
-1
-1
47
597
2288
212
914
58
71
205
1487
87
884
34
88
586
1077
1504
10
1
425
14
406
432
-1
801
1590
-1
1025
2178
625
587
29
884
61
88
73
1595
2047
848
560
150
-1
825
2901
232
835
5
7
368
67
176
1
1310
-1
2163
366
815
21
1537
1131
86
1083
217
1513
602
-1
12
2326
201
195
65
159
410
-1
1547
158
19
571
30
1449
462
1829
1353
2513
1054
2978
-1
2014
-1
354
1942
114
72
158
366
131
-1
1155
527
2127
188
106
2132
-1
117
2470
497
2490
589
2027
1267
158
207
981
119
1660
4
247
654
2896
468
27
-1
573
35
3256
477
1840
90
628
59
255
164
1267
1033
29
892
572
868
-1
28
663
415
1216
111
2261
1232
143
1340
1076
65
53
118
-1
557
1562
-1
436
-1
105
270
753
1178
71
967
304
158
1564
1021
233
1
964
82
21
86
206
875
674
2890
1972
1751
34
159
3399
271
1566
126
3010
317
300
654
2280
297
305
144
-1
558
-1
52
628
896
337
35
106
1260
-1
50
3303
71
3460
2513
335
332
245
297
575
1
51
120
860
110
525
444
326
2323
2086
2315
989
1695
573
-1
-1
148
-1
339
353
1065
-1
851
494
26
3617
1016
919
2143
973
3280
109
367
10
512
-1
125
-1
220
-1
108
-1
80
243
13
1193
416
1205
23
1577
24
74
2064
585
953
-1
552
372
287
187
-1
3668
18
633
1085
143
26
103
535
925
760
389
138
589
71
401
-1
-1
533
891
1799
3170
187
65
475
911
-1
271
105
180
524
-1
2080
404
1150
76
1850
3656
-1
572
237
-1
849
1124
137
19
939
141
1405
3506
10
2447
670
218
3142
390
527
213
3099
588
1516
1069
38
840
2364
2389
73
424
2058
-1
333
992
100
235
1435
2245
665
-1
74
-1
1059
2952
64
-1
384
931
221
571
180
479
1189
1290
54
2912
326
-1
-1
141
222
8
27
736
1163
-1
62
1190
390
70
112
152
157
88
1353
3290
341
1316
408
-1
497
473
764
284
1069
2764
2086
79
941
-1
-1
51
306
546
1214
1250
88
3073
341
584
202
-1
1754
561
2357
531
905
2059
419
-1
332
836
79
99
1158
234
84
3530
313
173
1372
1249
3348
1144
16
1282
658
89
1581
91
342
483
86
305
423
693
168
2270
489
521
828
428
857
1502
9
928
572
1298
1688
2770
784
158
54
364
-1
-1
106
88
691
388
2067
364
101
1304
879
-1
1556
366
703
1564
1347
675
1774
776
496
1465
-1
392
1563
360
434
357
196
1864
363
-1
15
3185
3559
1363
152
-1
1618
937
565
344
20
1862
3647
836
-1
234
512
256
742
2592
3559
3198
545
1990
202
431
71
1610
253
2023
324
2155
410
2448
1551
251
809
230
795
567
-1
417
1084
342
640
817
253
27
174
565
215
574
223
282
7
-1
236
995
109
211
1124
183
2465
453
367
2930
-1
37
1866
3244
10
511
98
520
113
4
540
627
-1
-1
-1
-1
405
776
1331
812
20
501
101
3514
82
-1
428
-1
647
-1
62
2726
1365
1337
11
604
127
1019
-1
118
452
1026
228
3360
3222
200
61
-1
939
-1
919
-1
1507
458
2092
727
249
1099
1282
1077
400
567
48
644
1726
-1
-1
-1
320
428
269
963
1664
602
1056
3102
-1
1085
197
368
129
-1
-1
-1
129
881
172
-1
439
669
363
-1
2066
869
774
707
-1
-1
1713
2346
68
705
251
365
315
3382
680
605
968
1124
1433
1011
160
-1
562
1004
54
1995
69
135
118
897
657
1532
1017
815
24
-1
479
111
692
57
1325
51
184
2354
3521
1877
1053
2562
-1
1127
-1
-1
485
697
666
295
1768
-1
1208
2224
1852
112
1883
1865
764
-1
2288
1527
3574
2858
182
950
2624
-1
377
-1
52
801
183
362
109
531
197
512
1285
32
1440
1610
1264
496
1592
589
575
1150
208
498
116
-1
71
420
115
688
1447
1182
332
1603
549
-1
138
-1
2166
2127
538
142
876
605
82
265
927
820
8
3346
468
1264
3149
317
97
-1
299
1880
2057
1510
1946
2990
16
89
549
958
120
187
1153
-1
1804
2237
1403
-1
1575
69
325
89
62
18
682
3349
115
-1
138
3231
281
-1
1446
1495
-1
2689
942
-1
1404
21
1138
168
891
572
1720
931
3010
-1
952
-1
-1
1982
423
1371
144
1200
471
1765
62
3345
255
2390
551
2157
63
331
237
284
-1
481
606
2326
477
2604
573
-1
-1
452
-1
3050
87
62
611
2648
1036
704
-1
1193
1958
696
151
2179
440
1139
3585
-1
622
1278
2084
242
1229
3460
798
3446
524
74
102
-1
480
511
98
1399
2418
635
63
697
-1
2908
-1
1858
1041
-1
25
563
1264
2675
1897
-1
-1
2569
1064
51
1767
799
748
1501
3
1687
136
191
993
92
1500
-1
2443
532
102
443
154
16
186
875
2483
-1
3587
-1
-1
1184
28
971
2215
317
325
-1
3018
516
53
-1
888
565
-1
1602
2455
127
447
-1
1661
133
1402
198
563
436
3169
-1
651
1019
332
-1
551
2777
727
949
260
375
2077
1277
-1
209
2347
382
752
-1
251
24
2097
206
3366
1020
2742
-1
281
1143
1153
1095
-1
-1
3062
1250
2462
2858
2207
579
666
930
480
2445
921
1222
-1
1119
1850
267
380
-1
2293
75
1355
388
-1
761
-1
235
-1
1451
2717
2245
3447
2315
50
1271
2132
1865
202
2431
664
2238
3497
2789
209
328
515
-1
184
1029
-1
-1
61
3041
382
2345
528
1183
216
66
189
-1
-1
1158
3502
558
-1
158
2036
111
1266
-1
2768
3663
228
378
-1
1024
317
906
66
2411
79
1738
797
2442
887
1566
1400
3388
520
1209
1143
208
356
-1
272
1336
3027
295
359
-1
1008
451
1331
973
-1
1105
2109
2937
350
1174
186
104
-1
724
3401
-1
227
3029
587
418
269
41
45
1811
1267
2006
3420
596
1649
-1
2372
-1
2487
-1
2122
2627
2418
238
1215
194
2955
2182
2109
761
851
136
66
1077
459
-1
1519
58
-1
549
278
2053
214
1
183
344
144
236
401
-1
-1
668
866
-1
819
2092
1888
742
2681
2939
313
3069
2939
379
106
3078
1768
2924
882
916
2143
727
1025
407
351
-1
838
2126
534
518
94
550
-1
-1
236
3327
914
1655
2510
431
896
-1
1982
562
4
-1
1361
2096
1441
1398
1559
-1
1083
464
-1
3378
-1
441
256
331
927
-1
549
-1
-1
-1
227
928
1190
1975
1340
344
2353
806
213
365
26
1539
-1
1290
630
272
1630
2648
2753
2410
520
1501
-1
1436
696
1886
1638
2853
2014
1968
165
2265
76
3544
221
154
349
1143
1364
2390
1
503
-1
49
174
264
281
74
-1
949
113
-1
-1
570
153
604
912
592
249
-1
172
-1
-1
-1
3452
-1
2786
141
400
-1
-1
746
-1
1036
-1
1193
1065
264
724
2310
620
1788
524
650
263
2182
921
355
733
2269
478
792
2263
1566
919
140
506
125
2305
2216
274
941
-1
1797
781
-1
54
110
259
-1
1566
2172
1212
281
1879
131
40
-1
-1
820
2211
127
1820
66
677
-1
3475
775
103
1777
377
1433
120
-1
225
2059
-1
682
274
2614
302
525
965
1062
1192
334
1447
1781
2094
7
172
858
1592
809
-1
1001
477
993
1647
689
1586
1
772
-1
2693
-1
912
1825
3483
1688
-1
2218
1151
467
867
409
101
1048
521
473
640
-1
1900
3088
-1
1781
264
1083
406
-1
-1
336
-1
1097
481
1195
-1
2604
-1
-1
390
2064
1958
769
784
1221
-1
2067
-1
3618
669
-1
2315
1816
129
2690
267
70
427
1781
2178
-1
-1
1260
1907
2955
350
2
-1
67
-1
763
1888
186
116
2132
-1
1395
881
1469
2888
3530
-1
850
1180
-1
1017
-1
1548
1438
1125
-1
1263
-1
2379
8
209
836
-1
-1
1754
1351
1027
396
1330
-1
1002
-1
82
20
443
71
-1
796
85
-1
-1
3247
935
201
885
-1
880
66
453
302
900
2676
-1
2232
362
885
202
737
1248
2896
459
3091
136
534
168
-1
1726
194
722
253
2845
1121
429
-1
1553
1799
497
647
-1
-1
2806
3650
1089
-1
520
-1
148
-1
-1
1608
874
1311
2394
-1
-1
-1
2389
-1
1693
933
1810
-1
283
1073
1003
1005
-1
1454
-1
-1
706
-1
25
-1
128
1060
-1
-1
1039
779
1267
1423
630
1603
1301
2018
972
526
109
578
798
3104
69
157
1896
516
1322
1296
1340
-1
448
138
515
-1
145
2062
30
1788
1570
1723
1929
-1
1144
318
550
1063
192
-1
2820
391
22
501
102
-1
3386
-1
100
3498
278
321
1761
-1
3426
2431
95
-1
496
1232
-1
1847
-1
2333
1328
161
-1
423
1061
-1
117
1121
470
835
2064
284
236
890
-1
-1
44
706
57
821
394
-1
2039
129
63
358
124
1577
874
2111
1445
2108
3276
579
1183
-1
-1
-1
1621
424
1946
1354
2649
711
-1
1274
752
563
19
3666
-1
3533
3676
245
2191
4
364
41
1045
558
1657
2685
521
579
-1
-1
-1
223
1081
-1
1605
1574
2753
-1
525
308
3234
2740
-1
2689
1044
100
632
530
937
127
141
1083
-1
1202
694
621
3091
3278
1065
97
1357
1108
-1
-1
922
246
412
2312
277
2776
1616
531
1717
1513
-1
327
2165
-1
1255
127
-1
3131
448
-1
279
20
535
3652
1196
2881
-1
-1
287
-1
102
244
348
-1
714
20
113
277
1115
548
202
625
252
1365
-1
-1
2930
387
1328
1155
69
512
732
-1
650
870
3189
1224
-1
-1
1580
166
109
138
2250
2353
2078
-1
887
3403
945
690
585
3572
606
1654
1174
-1
96
1267
180
-1
83
3222
160
-1
229
-1
-1
1990
311
-1
426
-1
1366
2486
-1
1153
665
-1
-1
3654
815
2614
1242
1045
2608
-1
458
-1
102
-1
1881
-1
1274
21
1483
29
1578
97
1281
-1
1620
-1
2493
122
110
887
2606
-1
2466
1739
-1
-1
1126
-1
2540
1402
92
6
2386
-1
47
945
86
14
71
941
224
2276
-1
762
133
3342
-1
2026
1115
1785
1617
1010
98
958
-1
-1
64
-1
34
2878
1024
181
675
-1
457
2209
1083
1830
-1
-1
192
2038
692
-1
42
1557
357
1936
1138
-1
305
-1
454
-1
30
3452
-1
1648
-1
-1
1299
-1
197
-1
13
293
323
2151
506
2675
3013
3469
-1
-1
967
1182
282
1593
117
-1
-1
45
2845
250
-1
-1
-1
1528
-1
636
-1
73
1550
-1
-1
1900
1669
-1
640
-1
147
-1
541
370
461
1233
106
-1
497
-1
1379
1517
555
455
881
1888
2054
1116
-1
2553
1631
-1
3348
567
117
1713
194
1910
-1
1202
57
831
92
220
1820
1822
94
1354
821
1358
613
-1
373
1425
334
2919
58
1435
1416
790
620
-1
2427
2115
2101
217
393
759
556
2510
-1
3651
2849
885
169
-1
275
1542
2909
1079
-1
1736
1879
2165
-1
2235
2991
1723
594
89
1117
-1
1137
147
127
-1
1546
-1
2866
226
726
1075
883
2058
786
-1
406
131
506
2524
-1
1011
250
49
1896
-1
1188
339
430
1280
1378
3421
119
2377
-1
1485
398
769
-1
3635
419
829
1107
1555
62
1154
576
-1
1380
540
2629
2987
1583
759
2935
599
-1
3161
-1
1127
-1
-1
3
-1
1144
2557
864
116
964
924
-1
1830
2771
1784
1020
1330
-1
67
639
2194
777
2531
2572
713
1259
-1
1446
1673
527
365
2815
39
-1
1017
1226
809
513
115
919
1520
-1
-1
1627
697
1919
110
1039
-1
-1
40
3085
391
718
865
134
760
781
2770
320
1607
2522
-1
1248
474
-1
282
-1
470
80
1915
154
1035
911
3532
-1
2271
1861
-1
3566
1907
802
3214
549
1740
497
1209
411
1436
2530
2713
108
2606
266
244
-1
144
-1
3063
-1
1107
487
1651
-1
443
-1
-1
154
1593
3641
-1
941
2784
3229
2900
233
1089
249
27
175
1641
743
277
345
-1
40
-1
325
634
276
827
-1
1189
353
-1
-1
-1
91
-1
276
424
-1
2242
248
-1
313
208
1026
-1
2017
394
2995
2644
3323
2477
276
1789
376
2597
486
3154
1844
13
842
6
840
-1
-1
630
719
1167
628
944
585
2777
1264
295
2554
-1
-1
3059
45
-1
1309
2010
134
1158
2022
3533
2483
685
3356
1622
532
533
120
1956
962
-1
70
488
1403
39
1096
2471
2937
219
1328
626
1798
2535
2506
-1
165
932
2710
-1
205
256
-1
2389
416
2970
2982
697
2896
472
1872
3317
886
3073
1680
-1
2246
315
3304
289
221
1814
-1
-1
2173
-1
-1
56
2614
-1
1059
3215
145
606
295
-1
1991
-1
81
295
-1
-1
-1
-1
310
-1
-1
459
3501
223
2467
-1
679
41
445
-1
1026
-1
1347
685
370
64
2055
730
147
1356
2693
-1
533
63
920
286
840
-1
-1
-1
530
828
1200
2331
285
594
-1
227
-1
140
1785
3432
103
1771
-1
-1
880
2611
1381
246
86
162
758
-1
1319
540
964
95
855
1682
304
-1
1095
1208
1635
3654
682
-1
901
-1
-1
3034
128
1624
2197
1495
-1
721
848
650
168
-1
185
-1
832
231
-1
3201
2204
-1
1252
1045
566
-1
-1
3620
119
-1
28
552
2820
-1
2605
686
61
1118
2930
2973
884
349
1393
2000
257
180
2574
341
1878
391
-1
-1
1043
2608
234
2208
154
198
-1
-1
465
-1
371
2636
1966
-1
48
763
24
684
553
-1
3501
115
1870
-1
-1
917
3252
738
672
589
556
1659
2475
782
1921
-1
722
-1
1528
1327
54
-1
278
2623
-1
-1
52
-1
2206
1844
1364
-1
2748
128
2236
2519
1419
2594
-1
1831
34
36
1742
1694
-1
1391
3058
-1
369
2956
2654
2431
1200
-1
101
-1
586
940
3674
1677
50
-1
-1
2097
286
-1
1329
221
375
66
311
294
464
1169
214
388
3526
1204
3017
1165
588
-1
767
-1
-1
3217
953
2158
747
2847
1189
1509
-1
888
59
-1
-1
483
739
-1
448
3066
-1
-1
2333
505
1785
1103
456
1567
1095
129
281
36
-1
1065
1383
75
-1
-1
2553
-1
97
-1
2814
3489
1543
1746
1074
1843
-1
2990
640
1330
32
2198
-1
281
487
319
706
919
726
-1
3416
2398
-1
-1
-1
774
1770
-1
2704
-1
3283
622
1511
700
1344
1606
873
470
326
-1
857
2060
2503
2156
-1
-1
-1
2607
-1
3177
73
1256
2645
3029
-1
219
3493
-1
496
-1
789
-1
2107
909
348
-1
-1
-1
-1
1031
65
1172
1957
1045
-1
958
339
1618
994
728
1095
1690
876
-1
-1
-1
2056
765
3536
-1
-1
-1
205
114
-1
2197
1846
2767
106
675
1179
-1
220
2130
1434
921
287
872
917
-1
2317
457
-1
2835
184
1206
156
967
1331
-1
502
2708
462
2054
2036
-1
1216
700
419
421
1259
198
288
377
11
537
1714
2343
3401
-1
-1
768
-1
749
2385
1402
843
1033
1179
1510
-1
3048
1313
1245
664
1419
-1
2271
2845
1859
-1
-1
-1
2066
-1
-1
546
2576
2415
-1
2523
-1
1239
2254
1604
-1
323
1057
209
1838
-1
670
90
304
-1
-1
1080
3576
134
718
235
1329
912
1677
110
557
177
-1
-1
1549
2278
-1
572
-1
3264
-1
-1
2363
269
2329
2760
-1
2626
3296
-1
1600
37
3459
339
603
7
1785
161
1160
3114
2487
285
410
2320
-1
1436
-1
483
-1
734
483
1717
1716
-1
1638
2855
-1
620
206
272
-1
-1
537
730
702
726
-1
-1
896
1217
1694
2979
287
795
3184
444
1472
584
1396
1703
-1
645
479
3168
2493
694
1882
327
153
625
84
291
2318
-1
697
94
2901
610
-1
734
-1
1074
1635
568
701
2662
-1
-1
318
134
-1
1572
1810
1916
1078
1575
2375
2034
351
2224
-1
2234
-1
642
841
-1
640
1421
-1
5
-1
2459
813
388
3646
1076
2675
86
274
-1
2413
538
-1
2091
2130
1855
2045
591
-1
194
843
766
-1
137
1529
470
-1
481
-1
2461
-1
3307
1616
238
542
-1
-1
-1
-1
2003
-1
2663
-1
-1
-1
248
177
687
706
1114
3378
320
352
119
-1
-1
-1
15
-1
291
-1
2352
872
-1
991
1407
1201
2105
1616
187
-1
47
-1
3581
-1
3535
-1
1654
-1
20
2526
3166
-1
-1
769
934
382
745
990
3355
1029
395
-1
316
-1
3503
320
1897
401
2547
-1
426
-1
1729
700
2662
1703
-1
3332
718
1382
2646
3425
-1
1154
2702
-1
3093
3195
2085
-1
3610
1748
260
229
3002
54
616
2717
1094
-1
-1
-1
264
4
498
919
2476
-1
1677
3618
3041
1189
297
502
630
-1
1365
1809
2391
1240
429
52
727
-1
386
2184
2907
2349
-1
-1
1074
-1
2798
1540
-1
-1
169
-1
701
1508
830
-1
1188
1693
3363
127
-1
173
-1
818
1152
-1
412
2179
358
84
473
2451
333
1001
1571
-1
476
950
2697
2756
1357
-1
990
-1
2081
-1
193
1728
298
496
-1
1607
1389
2378
834
560
-1
784
-1
-1
240
298
1810
2162
330
802
-1
441
1577
-1
2
1579
2770
2948
308
378
679
79
-1
532
-1
440
895
216
-1
-1
1374
380
219
2759
1164
2217
299
564
79
2615
-1
3511
3564
1504
2578
121
558
2366
905
3680
-1
1886
2064
1054
-1
-1
-1
2611
658
-1
159
-1
784
-1
-1
1401
2297
-1
-1
2304
1114
-1
637
-1
1069
-1
2820
-1
3077
1988
-1
-1
45
-1
-1
-1
572
622
932
-1
1334
-1
1986
557
-1
1508
3325
-1
2930
-1
892
423
1459
-1
695
2385
243
939
1291
47
147
480
-1
918
818
399
79
3335
137
803
413
999
16
2683
205
3365
966
45
1951
3559
-1
-1
-1
-1
-1
2710
376
-1
-1
2414
621
1713
-1
843
3461
-1
56
287
1766
2980
632
-1
1041
-1
431
1582
-1
-1
578
-1
2231
417
294
3350
158
-1
6
1987
-1
-1
2418
611
408
937
-1
-1
-1
369
-1
2907
1815
3600
476
122
1697
45
-1
39
3019
465
2094
355
1299
1353
1668
-1
-1
-1
-1
271
610
1955
1694
110
527
-1
-1
3432
-1
-1
354
2397
185
-1
1401
-1
1021
67
644
-1
-1
1577
795
573
1076
-1
-1
501
651
-1
-1
745
-1
-1
954
687
408
112
3243
-1
1516
2073
-1
391
1993
390
1774
130
1981
-1
883
937
2921
1845
376
2777
-1
610
266
1616
3576
208
-1
-1
554
183
960
2066
136
61
-1
-1
1912
-1
1527
1887
973
192
401
2105
1085
-1
415
-1
2339
574
-1
1750
921
-1
90
818
731
1650
-1
3564
-1
-1
550
-1
1234
92
102
1436
3529
1774
-1
-1
1549
703
314
-1
1211
1464
376
480
1486
-1
-1
1503
1009
-1
-1
-1
352
-1
2113
3292
3239
-1
294
-1
3511
47
625
1842
381
3298
277
1002
626
65
-1
440
489
1814
232
110
757
988
2905
-1
198
-1
-1
1098
2442
-1
3404
590
-1
1733
1560
203
-1
1195
1577
-1
17
-1
2522
-1
460
-1
3323
-1
855
490
-1
1845
3355
768
-1
3626
1196
-1
3186
1584
449
297
-1
2949
1666
431
305
-1
1273
3142
-1
235
3305
352
726
642
62
281
54
241
706
2806
708
1529
2083
231
1891
572
1974
692
3091
-1
1069
-1
102
3072
1087
173
1929
-1
1850
454
3241
-1
-1
1237
759
-1
-1
1205
-1
874
2589
2198
756
-1
179
-1
176
1888
3084
855
2119
2091
1950
-1
915
-1
-1
-1
237
3478
1727
736
368
-1
1357
-1
1447
678
1281
1219
388
569
744
306
212
-1
-1
-1
1467
872
69
-1
-1
2698
1575
896
2987
643
-1
1750
589
357
-1
3632
2820
1479
2605
311
2348
1430
988
812
-1
1110
1466
-1
623
-1
226
-1
-1
639
2744
2662
-1
245
-1
566
198
1270
-1
-1
2133
1227
-1
2615
278
-1
-1
761
791
922
1620
585
556
-1
-1
824
35
454
3313
57
614
2652
-1
-1
1960
3179
338
-1
-1
-1
2035
1530
1894
3680
833
29
1933
2359
-1
199
265
-1
239
2351
1147
-1
1836
745
179
-1
183
-1
707
-1
136
-1
1929
-1
-1
-1
3237
1248
1063
208
2632
932
-1
1087
554
-1
-1
3085
468
1696
1213
-1
-1
219
175
2445
-1
1145
929
2555
511
-1
175
679
2987
-1
3291
2359
-1
1656
2696
660
1478
-1
-1
3089
381
1773
2184
336
1004
2200
918
797
1619
-1
122
-1
-1
-1
177
1700
2394
-1
-1
705
309
1153
-1
-1
616
3027
-1
2277
834
971
1192
2193
811
686
430
-1
747
-1
1
649
3211
2088
88
241
1929
268
-1
1809
1401
-1
1030
-1
2458
-1
-1
2735
391
1526
-1
2079
277
452
2061
339
2337
1290
-1
1618
-1
-1
-1
2334
32
3000
1975
-1
2012
1891
962
-1
2408
222
130
-1
507
3678
1680
1708
1514
338
1750
537
3174
1283
2240
3325
348
1198
1883
110
-1
1787
530
3536
214
1515
151
-1
282
-1
733
1523
672
240
2369
3537
1661
1599
477
1068
3678
690
-1
-1
3030
-1
264
2427
579
1103
-1
318
74
-1
1420
1059
-1
3333
193
-1
1790
402
1798
-1
1242
-1
1025
-1
1852
2111
2315
3641
315
-1
730
-1
-1
1443
-1
1555
-1
1134
3590
2309
-1
3287
-1
926
2794
2971
1028
1666
259
-1
-1
527
261
-1
3176
289
1967
1681
583
222
74
666
374
1008
729
3107
-1
1746
1942
1222
2768
518
2231
519
-1
-1
-1
-1
146
3359
210
380
3165
-1
2513
-1
-1
713
134
1411
2468
1624
1366
-1
1187
-1
2163
2172
-1
2540
880
-1
1670
1464
-1
-1
-1
-1
-1
-1
-1
-1
-1
611
-1
216
434
935
-1
-1
1659
-1
1429
884
699
-1
-1
-1
-1
-1
480
-1
-1
2153
-1
2100
-1
-1
-1
-1
1631
-1
2583
2647
3409
-1
338
-1
1158
-1
1926
238
-1
898
-1
1503
3149
-1
-1
1282
1792
-1
-1
1647
3373
1703
-1
-1
736
-1
-1
3146
-1
1961
3266
-1
218
436
681
-1
1754
2695
1945
3065
1947
1952
117
-1
-1
-1
384
15
1426
365
373
-1
-1
1641
-1
1930
1664
3241
2824
554
-1
-1
-1
-1
428
-1
978
-1
-1
2337
1174
278
397
2942
1225
-1
1810
193
-1
-1
247
542
72
1618
3163
2464
79
-1
786
1891
-1
1789
897
-1
729
668
-1
-1
-1
-1
-1
524
-1
-1
3131
545
882
2316
1496
3362
-1
1035
534
79
735
-1
322
3381
1184
2297
849
-1
16
2726
2729
1750
408
-1
3652
1728
1421
89
858
-1
2568
718
2798
2083
-1
-1
416
1597
-1
990
405
1893
2859
-1
1698
233
1144
-1
931
1337
-1
-1
938
-1
206
2128
2330
1485
2175
186
1
-1
-1
738
2650
-1
-1
1700
3295
2
2415
3050
58
-1
168
2088
2845
-1
1117
-1
1769
441
1344
231
1613
2108
1820
-1
1809
1933
710
-1
610
14
3449
-1
1016
2596
12
-1
698
1905
707
-1
2585
-1
302
3019
1
-1
-1
3595
267
1176
-1
1774
-1
885
275
1924
1687
-1
-1
236
431
845
-1
1147
787
66
-1
391
-1
3351
225
-1
-1
-1
-1
-1
3275
-1
532
1248
2109
-1
-1
-1
614
3296
825
-1
280
2524
841
-1
262
-1
339
-1
172
172
376
-1
1091
713
1967
352
3460
1707
1139
2347
-1
-1
3684
1913
562
758
677
1560
-1
3117
231
-1
1041
1538
2037
-1
95
-1
918
-1
-1
-1
-1
-1
-1
1529
702
1527
1179
-1
606
2941
1891
-1
46
2168
-1
-1
1872
-1
2384
1685
1969
486
363
149
418
962
437
152
3275
58
-1
115
456
-1
305
786
-1
1064
-1
3104
-1
70
82
537
-1
-1
2562
2723
-1
963
2046
2857
542
1873
-1
389
-1
1519
293
-1
-1
-1
136
-1
-1
48
-1
605
-1
-1
-1
2708
-1
-1
2019
2505
-1
278
-1
918
-1
-1
370
-1
1855
-1
-1
-1
2485
2218
-1
-1
-1
864
-1
1376
-1
1364
1483
1481
17
93
1938
-1
1923
-1
-1
743
639
203
3652
2307
-1
-1
-1
116
345
-1
1530
2131
-1
-1
236
611
439
-1
999
1540
1267
-1
2965
-1
1999
846
569
615
-1
2403
1542
2063
3002
2558
48
823
-1
3256
2707
854
643
3106
567
776
801
-1
1142
1821
593
-1
2940
-1
207
-1
-1
-1
-1
-1
176
-1
-1
3501
11
2234
-1
2928
-1
3439
-1
-1
128
-1
1481
853
1009
-1
1241
947
720
181
1773
2454
1246
591
2697
-1
1618
-1
734
1341
310
631
-1
-1
401
2182
-1
2931
752
1412
1046
-1
81
1436
261
2336
-1
-1
-1
2429
682
-1
-1
1370
968
851
1514
-1
284
1232
-1
-1
235
2847
-1
84
672
1319
-1
-1
-1
1622
-1
746
684
-1
185
901
457
1595
-1
618
-1
-1
-1
166
804
-1
1458
671
-1
2284
1745
861
1343
1964
722
2474
533
1316
262
1787
-1
-1
17
3353
-1
-1
3393
603
1229
-1
1335
91
2397
1769
546
1154
-1
287
1578
2612
1627
57
-1
643
804
-1
1279
210
854
2179
-1
470
-1
-1
593
1080
-1
292
1172
-1
538
751
-1
-1
286
1126
301
-1
-1
-1
-1
-1
1133
2969
-1
2195
1185
130
722
-1
436
-1
-1
-1
2759
1186
-1
1026
1224
2838
202
-1
-1
6
-1
-1
-1
2017
3176
2865
-1
2000
-1
-1
-1
-1
-1
-1
1227
136
968
836
2512
506
-1
783
1111
328
3009
1825
-1
349
-1
-1
-1
-1
-1
189
589
1213
472
-1
492
-1
-1
-1
771
2634
-1
649
2661
1982
1619
-1
1264
-1
2217
1472
3039
-1
211
2166
185
1579
2831
753
3292
1454
976
867
553
1547
198
148
416
-1
3279
-1
-1
2874
148
-1
752
224
25
2256
367
-1
232
1423
3633
-1
1066
3332
721
1761
168
-1
-1
2798
1849
-1
625
21
-1
757
3610
1175
-1
2285
-1
653
-1
3258
1295
664
3262
605
-1
1164
286
2568
-1
659
3584
-1
1370
406
937
294
683
63
1638
-1
1159
941
-1
-1
-1
-1
55
3002
2334
143
-1
-1
1066
3483
1500
143
3534
887
928
-1
982
2251
-1
-1
3518
1022
291
-1
-1
3249
1264
-1
1813
1225
1120
89
425
1996
1056
1041
915
1119
1003
1926
178
1218
2969
-1
-1
-1
-1
-1
-1
-1
9
1077
1785
125
34
3466
3097
86
-1
3346
1858
265
1279
606
28
58
-1
2211
19
2795
1303
-1
-1
832
513
603
1368
-1
1252
315
673
1109
-1
725
1855
2134
1882
1548
6
2102
1949
1126
-1
2088
-1
1365
-1
-1
919
1169
412
3214
3261
340
2304
1634
560
516
1509
-1
1392
2483
-1
-1
3547
2888
-1
745
759
-1
464
537
-1
-1
1281
74
-1
1235
-1
370
-1
218
-1
-1
1546
-1
-1
-1
408
1860
-1
1563
-1
-1
189
225
-1
51
2368
1373
3679
1238
53
3150
1098
-1
1124
-1
1986
68
1076
-1
-1
683
1117
2305
1710
324
846
3198
1125
1066
-1
1480
-1
1010
476
694
-1
3544
-1
-1
-1
1952
510
1868
3138
902
-1
-1
1650
1246
2327
-1
114
356
2530
12
838
-1
-1
735
-1
345
2655
-1
-1
-1
643
2087
3193
-1
-1
799
546
765
-1
191
3204
-1
1912
47
-1
-1
28
1036
1800
-1
-1
1610
743
-1
584
806
658
351
-1
-1
-1
811
-1
1389
2414
-1
2263
226
-1
279
3524
85
1083
502
-1
952
-1
-1
-1
-1
546
-1
117
390
3504
-1
-1
520
-1
-1
781
370
-1
-1
-1
1707
157
-1
1343
-1
497
2789
2529
-1
3659
3308
1925
-1
-1
799
3448
2496
-1
-1
720
2297
32
2482
-1
3668
1815
-1
1915
1900
1834
-1
10
3438
-1
926
203
839
749
-1
558
-1
-1
-1
-1
-1
870
-1
1610
920
2816
-1
849
-1
-1
-1
-1
392
1364
685
86
449
192
-1
2499
1340
769
-1
25
914
1092
-1
-1
1426
850
190
144
1018
606
2226
641
-1
1056
2804
2163
-1
1303
-1
63
-1
296
150
269
2293
-1
-1
262
-1
2350
-1
-1
625
2788
-1
2945
-1
2071
34
-1
1062
1
-1
-1
-1
51
2158
-1
-1
917
-1
-1
909
397
389
-1
-1
1430
3404
95
1432
-1
2782
-1
1421
264
1052
206
2546
926
605
1715
1863
3478
-1
859
-1
3415
207
151
-1
-1
1589
1902
1382
-1
976
-1
1445
-1
-1
-1
1460
-1
1068
2149
-1
2636
-1
1086
3403
301
1583
-1
-1
-1
2591
-1
1330
-1
1543
438
85
1646
100
-1
2258
2530
-1
2314
965
-1
82
789
3034
-1
2836
1528
1934
3673
818
364
265
2941
1124
2227
48
344
3493
141
-1
1827
-1
3001
1445
708
-1
-1
2520
-1
-1
2663
-1
3209
-1
2067
-1
3435
1929
2935
3433
2593
-1
-1
3317
-1
458
948
-1
897
1844
610
1314
592
-1
1489
-1
16
-1
-1
2054
1783
201
-1
1998
1152
-1
391
-1
-1
-1
-1
1896
2070
3514
2761
-1
2064
1077
-1
1304
-1
-1
2811
796
-1
328
1176
-1
-1
-1
-1
1220
-1
1610
2369
133
1298
-1
-1
3651
3089
-1
680
993
-1
3031
1768
49
-1
1965
678
-1
2417
-1
2646
1198
1607
-1
2443
60
1595
3153
-1
863
1516
1921
-1
-1
-1
655
-1
2218
1680
1678
2275
943
3307
-1
1584
3325
-1
-1
2673
1942
-1
515
3655
-1
-1
3303
79
779
610
1308
1742
2007
3188
561
-1
1171
943
1336
854
658
2823
509
1957
-1
638
2538
1952
319
1859
-1
-1
-1
3589
302
750
211
587
-1
1260
-1
-1
-1
1476
-1
-1
2526
15
1873
-1
-1
945
-1
-1
-1
1015
343
-1
1223
1715
887
-1
3512
226
-1
-1
3040
-1
485
-1
310
345
1335
878
913
-1
1120
1569
2990
-1
-1
478
1077
-1
820
2311
-1
1025
767
-1
1838
214
1245
584
645
112
44
585
3501
-1
-1
711
-1
-1
-1
1301
182
1029
-1
-1
-1
234
1877
-1
1609
1922
-1
2239
1628
-1
-1
2571
-1
2420
2656
224
-1
1714
1705
807
2640
3039
1548
-1
1736
-1
300
-1
2220
670
2098
1720
2520
2315
2799
-1
-1
1040
-1
304
-1
3071
162
702
-1
-1
-1
-1
103
-1
-1
-1
-1
695
-1
1199
2344
-1
3227
2291
-1
87
-1
-1
-1
1117
1208
1820
1274
231
2967
1092
-1
1471
3591
-1
2609
3292
1898
1381
1274
3443
1432
1247
-1
2321
1195
-1
815
567
1154
1949
3118
1827
3359
3022
498
3578
21
-1
-1
59
-1
1168
-1
-1
2574
-1
-1
-1
1412
60
-1
684
1106
-1
362
1259
2178
-1
-1
-1
2028
900
968
540
1468
676
-1
3518
830
1325
2361
1044
-1
183
2687
-1
766
679
-1
115
1903
1489
-1
-1
-1
864
-1
-1
-1
2076
-1
721
1085
2121
2386
-1
940
3225
551
1
2681
2014
127
174
1486
2530
-1
2092
2961
2673
-1
136
-1
777
-1
1134
2448
1232
3443
2159
2004
84
2587
-1
397
-1
-1
98
1356
-1
-1
3209
105
1082
162
781
-1
230
-1
553
533
2952
796
3119
1412
191
-1
-1
-1
736
1731
-1
-1
-1
-1
-1
-1
3411
1495
403
2363
2957
-1
2663
2858
1948
916
-1
1327
-1
261
-1
283
187
-1
-1
3527
1309
-1
1183
2320
-1
1969
-1
588
-1
1286
-1
2131
1790
660
260
-1
1680
531
-1
586
2845
-1
-1
9
900
-1
3584
-1
-1
5
1723
-1
311
-1
-1
3004
-1
-1
793
1724
2634
1681
581
518
164
-1
2976
3005
-1
2270
2047
-1
-1
-1
-1
543
-1
265
-1
1397
-1
596
2651
-1
2647
1092
1068
390
1001
331
-1
1949
679
-1
187
-1
-1
-1
1557
2499
-1
3383
-1
409
2629
160
1167
1234
2546
-1
1383
1278
-1
558
183
-1
-1
-1
-1
1492
-1
2939
1292
394
-1
3154
487
912
1684
-1
2126
174
459
90
-1
-1
1575
162
2232
820
2353
-1
-1
2996
-1
-1
2315
3608
-1
-1
3628
79
-1
-1
3275
-1
257
-1
-1
1930
-1
-1
427
-1
-1
1003
-1
-1
719
-1
644
1125
-1
1867
-1
2443
2556
-1
2263
1537
308
-1
1159
2961
-1
1636
3584
-1
2024
989
70
-1
639
2160
-1
-1
-1
814
-1
3363
677
3176
2283
-1
1300
616
-1
-1
2970
-1
385
2002
2808
413
-1
1756
2146
-1
1688
-1
-1
1237
-1
1254
-1
-1
-1
362
-1
2248
-1
1558
126
679
-1
795
-1
-1
1453
694
420
1196
-1
2130
-1
-1
-1
2438
584
-1
-1
2526
-1
-1
203
2937
2367
627
-1
-1
3528
-1
956
1862
1364
-1
3579
-1
1601
484
1047
450
-1
-1
-1
2669
-1
128
-1
-1
3595
2526
1050
487
2760
149
1478
1387
-1
3611
1752
934
1310
792
2050
710
2761
-1
348
-1
-1
855
309
3090
1281
2866
-1
683
-1
608
1123
1255
-1
1134
-1
-1
-1
1327
2896
321
584
3378
-1
-1
-1
2871
-1
-1
-1
-1
1200
2959
2812
3121
2336
-1
2041
-1
3157
-1
-1
515
3568
-1
443
70
769
1774
2623
-1
-1
119
1281
-1
653
-1
879
146
-1
2014
-1
1769
-1
1306
3434
750
-1
-1
1572
-1
1518
-1
1893
1055
-1
168
460
-1
-1
-1
94
983
-1
263
-1
20
-1
-1
2219
-1
798
346
1024
2284
1409
3114
-1
250
-1
-1
-1
-1
1587
431
-1
3347
963
-1
-1
104
-1
1204
334
-1
417
361
3327
-1
1471
1398
-1
2016
-1
321
-1
-1
-1
-1
994
905
-1
-1
-1
45
-1
3257
-1
-1
2881
-1
2999
1381
3276
133
654
269
-1
-1
2331
1276
2650
-1
-1
-1
-1
102
2006
793
2440
-1
-1
-1
1485
177
72
-1
286
-1
-1
2552
-1
1746
1913
-1
-1
2251
3675
-1
1450
-1
710
2
-1
-1
-1
-1
-1
-1
1137
889
3486
823
-1
3076
2275
-1
3655
3127
2326
2027
3051
427
1468
2467
-1
3538
2608
-1
1408
-1
849
1392
-1
189
-1
-1
-1
3124
2659
2887
1284
3058
1346
2919
-1
-1
1356
-1
430
1259
1529
-1
1058
617
694
-1
-1
-1
-1
-1
-1
914
1664
1788
-1
1124
142
1005
-1
2148
-1
-1
1072
2291
1942
1615
-1
-1
-1
-1
-1
1296
606
1716
-1
2488
2574
-1
468
-1
2570
1673
-1
69
-1
-1
-1
-1
-1
1189
393
1427
-1
-1
1370
481
-1
1627
2054
89
-1
791
-1
-1
1001
649
-1
2252
3418
64
95
11
1372
1454
2029
2924
-1
-1
849
1395
-1
2703
1924
-1
-1
1544
620
1465
1263
-1
-1
2592
1737
-1
2172
383
-1
976
-1
2376
-1
2741
-1
1469
765
-1
-1
-1
-1
2609
-1
-1
2180
-1
2646
-1
220
-1
-1
-1
76
2660
-1
132
255
166
421
-1
3455
-1
-1
1200
2223
-1
-1
-1
1421
2398
1710
876
478
-1
2447
1038
-1
2544
-1
2033
1568
2165
3674
-1
3606
-1
-1
3276
716
-1
234
3208
-1
1238
1949
553
238
3425
502
-1
1519
-1
1792
3126
653
928
-1
-1
791
1238
3082
1256
1400
-1
2484
-1
2180
-1
1115
-1
2182
-1
64
494
-1
641
1940
-1
-1
1057
2358
825
-1
57
1714
1147
2465
-1
430
-1
2563
-1
2923
1315
687
-1
2844
1499
1373
-1
-1
1828
2883
-1
2305
-1
-1
-1
-1
1241
-1
-1
-1
601
-1
2267
862
-1
1475
1045
1095
2642
178
-1
2704
-1
974
348
-1
-1
269
-1
235
-1
226
2186
-1
-1
-1
470
203
-1
-1
-1
-1
-1
1641
610
1058
-1
-1
-1
1605
1343
1548
668
338
-1
3426
-1
2380
-1
2163
-1
-1
305
1961
882
3013
1862
170
-1
299
-1
819
1482
-1
-1
586
1037
3299
1288
-1
1785
197
1444
2303
2264
3040
-1
1123
-1
-1
539
661
-1
-1
3013
-1
1682
-1
-1
533
-1
800
2774
-1
-1
-1
453
344
1757
-1
-1
985
-1
296
378
831
904
2893
-1
1049
50
52
3328
-1
-1
3033
1106
323
-1
-1
-1
793
3067
2593
-1
881
-1
2434
2842
2095
1393
-1
-1
-1
2066
2540
1243
-1
3216
169
3415
2512
-1
2746
3567
3164
78
1252
-1
-1
1755
3272
-1
1541
3653
1696
-1
-1
890
-1
-1
2485
345
-1
1905
1663
-1
2821
1943
-1
-1
1581
2234
2474
1079
34
3308
-1
-1
2885
-1
59
-1
223
546
1961
1262
-1
-1
3328
3192
-1
3209
1269
542
2418
3142
418
2849
-1
-1
2907
1153
1297
-1
-1
-1
1533
-1
-1
477
-1
1505
-1
3211
2715
-1
-1
2224
113
-1
420
494
-1
-1
1305
2434
3450
452
1577
-1
1372
1050
-1
-1
-1
930
1657
1239
528
1392
347
-1
-1
-1
-1
-1
194
2157
850
3054
1669
-1
1113
-1
-1
106
2364
1721
-1
711
2263
177
-1
1553
-1
2771
505
-1
179
-1
2786
-1
3179
-1
-1
599
-1
-1
3303
1384
-1
-1
1084
479
1047
40
1277
2002
-1
1385
2454
-1
3251
851
-1
-1
2224
3397
807
-1
1782
2771
141
870
2813
1474
1390
1909
-1
-1
2214
-1
954
15
-1
-1
85
-1
1817
-1
1675
1802
871
-1
2163
1782
-1
-1
483
2770
5
1667
-1
2741
3196
-1
-1
-1
-1
1956
-1
508
-1
1599
808
332
1405
1659
571
2914
1756
-1
-1
528
-1
43
1516
398
-1
1336
-1
-1
107
-1
-1
-1
3355
547
-1
-1
-1
2915
598
-1
-1
1019
401
2151
-1
-1
-1
-1
1657
3336
1788
3514
994
1133
1686
2367
2160
887
533
-1
170
-1
-1
-1
-1
2268
-1
2385
-1
-1
285
-1
1425
-1
-1
-1
1992
355
1140
-1
1407
1780
2700
-1
709
-1
2438
1452
209
-1
-1
-1
1759
-1
-1
153
385
-1
835
87
1834
3594
2873
2216
1206
-1
3246
-1
3472
-1
691
2239
-1
1255
-1
1509
1651
41
2357
961
-1
2145
764
-1
-1
2179
2376
290
309
3327
1196
1113
-1
923
-1
-1
-1
-1
-1
2536
-1
-1
2384
1980
284
-1
1689
1616
2854
-1
1270
-1
-1
521
-1
727
-1
515
584
-1
361
3358
116
128
1443
2065
2212
-1
-1
-1
-1
1002
2994
1197
-1
-1
-1
-1
-1
-1
1413
-1
-1
1935
525
-1
1550
1179
571
904
-1
2282
-1
428
-1
2612
-1
120
-1
-1
3566
-1
-1
398
-1
535
262
757
-1
991
1543
2585
-1
2294
1494
1831
1045
-1
2929
-1
1778
2536
205
1870
-1
-1
-1
2770
880
1038
65
1697
913
180
249
2363
-1
-1
22
-1
973
-1
-1
1927
-1
488
606
-1
-1
1323
-1
283
-1
1957
-1
-1
3333
984
2505
1363
2615
-1
301
2869
-1
2773
-1
2557
-1
-1
2747
1655
-1
1140
3634
3341
-1
-1
2985
-1
3491
-1
812
-1
583
-1
2498
2820
-1
629
-1
1139
3074
-1
1065
1003
-1
881
2969
-1
-1
-1
418
-1
-1
78
1422
2344
2540
1741
-1
-1
388
1135
3647
2001
2418
408
-1
-1
747
705
1529
-1
306
-1
179
-1
1020
-1
-1
-1
1060
-1
3610
641
2957
-1
3641
-1
55
839
561
3202
2005
295
-1
-1
-1
-1
-1
1794
-1
372
-1
-1
1420
294
-1
-1
-1
-1
-1
539
2173
1190
854
1866
-1
2256
670
986
416
1394
1214
3435
-1
-1
-1
-1
1724
507
945
-1
1857
2013
386
3523
-1
-1
-1
532
-1
-1
-1
2822
2608
3603
-1
-1
900
1368
3054
3232
1017
329
2855
-1
1286
88
957
-1
-1
206
348
102
-1
-1
2548
3530
-1
1228
-1
1901
-1
3231
-1
-1
1643
-1
331
3350
2817
2330
-1
1561
-1
2708
-1
-1
1351
-1
1773
-1
-1
3578
1086
-1
3582
-1
-1
3146
981
2440
-1
-1
1135
-1
-1
-1
1883
-1
1417
-1
-1
-1
3588
261
-1
-1
1735
-1
-1
1990
-1
-1
2291
-1
56
-1
1943
-1
400
2568
338
2160
-1
3201
-1
-1
-1
-1
-1
-1
-1
-1
-1
3642
-1
-1
3346
1465
362
1772
648
2314
2429
-1
677
628
416
2700
-1
308
2032
-1
-1
-1
-1
3282
-1
-1
-1
-1
52
2522
104
2418
-1
-1
1141
3118
-1
3377
183
1061
1765
-1
-1
-1
2820
1683
1467
-1
-1
1619
1200
572
3034
2851
74
-1
1185
-1
2981
-1
-1
1399
-1
-1
1710
-1
-1
3629
-1
-1
841
449
-1
2722
2407
36
1864
-1
-1
1597
-1
818
3002
963
2228
-1
122
-1
-1
-1
2231
2641
-1
140
1707
440
2364
-1
388
1259
353
213
408
539
2322
310
-1
889
479
-1
-1
537
-1
2829
2913
-1
-1
2817
1489
2162
1937
-1
89
-1
399
-1
-1
3499
2755
710
-1
-1
262
1760
952
-1
2600
-1
-1
1144
280
-1
-1
-1
2906
-1
24
804
2698
-1
465
1087
2485
601
-1
1151
1209
1600
1713
564
1711
224
2464
-1
1839
-1
-1
165
-1
2395
1061
146
2159
-1
1122
-1
-1
2093
-1
2608
1783
157
165
-1
-1
2025
-1
369
3664
-1
3101
-1
-1
-1
-1
2297
44
2921
-1
2547
-1
1883
891
-1
2711
-1
-1
657
1486
-1
-1
664
679
1138
-1
-1
-1
3180
1097
-1
162
1234
-1
1601
-1
2744
-1
507
1922
1527
-1
-1
549
-1
-1
1883
-1
-1
332
26
-1
-1
-1
-1
-1
-1
2943
-1
-1
570
1304
1940
919
-1
-1
-1
-1
-1
2579
3465
-1
2415
1344
-1
3624
1416
-1
-1
2269
2951
2582
2985
1377
2179
2333
2418
-1
2113
283
-1
-1
3083
-1
-1
1689
460
-1
-1
152
2445
-1
-1
1217
1515
3455
-1
2189
714
-1
843
-1
-1
1601
-1
-1
3228
1557
548
1159
-1
-1
-1
2456
1307
1008
1331
-1
-1
2883
809
-1
-1
235
649
1035
-1
719
-1
582
-1
613
1552
817
-1
1046
-1
1812
2800
397
3122
184
1687
582
-1
-1
-1
950
1605
-1
1829
2015
2982
-1
-1
-1
1627
3639
-1
1718
2089
262
2095
886
-1
680
2783
3535
2802
523
2547
-1
-1
267
2558
1449
-1
-1
-1
1016
-1
-1
-1
2834
841
1506
-1
-1
-1
-1
3309
2977
2312
-1
-1
1071
-1
1486
2825
1374
342
-1
-1
2523
-1
494
-1
-1
956
388
2835
2312
3213
-1
2412
417
-1
-1
-1
-1
-1
245
1603
193
929
-1
3132
-1
3621
2238
1018
1001
139
2574
-1
1571
-1
2248
1263
1593
1692
1042
2176
2586
-1
-1
1972
2530
3502
-1
705
591
-1
-1
2214
2324
-1
759
2981
451
-1
-1
-1
1025
1892
3240
3641
1957
-1
2217
-1
2812
-1
3432
-1
2074
3444
-1
3099
2408
2942
2185
1486
412
1332
-1
2300
867
-1
2015
-1
-1
-1
1009
2442
3111
1602
-1
1272
692
-1
-1
955
-1
