575
727
857
287
1164
624
24
328
1137
272
1154
371
218
0
893
495
797
46
1394
730
162
214
1130
1116
843
1038
1171
629
976
575
1325
930
301
305
272
1169
477
611
1117
1166
399
256
968
237
1098
567
1124
327
532
377
489
359
686
131
1145
812
796
81
242
1317
303
105
70
1027
763
682
815
237
426
1171
1098
781
305
52
918
43
182
1228
465
723
511
1306
434
636
429
249
803
69
969
1399
1182
736
320
673
376
562
82
1388
18
38
546
193
1245
60
9
1202
1097
926
802
983
396
70
1332
515
601
70
806
1121
749
545
1161
662
1161
865
611
18
360
840
1228
554
1064
116
651
327
204
31
189
355
485
873
1243
201
3
886
748
1217
585
1098
633
303
1110
515
442
165
433
425
651
867
189
1185
972
206
425
176
43
1137
371
186
796
502
270
873
738
374
1167
641
472
516
192
184
1181
624
374
1077
50
909
1161
1221
389
1269
246
1097
42
506
1294
1359
458
1296
848
893
536
774
442
389
332
761
442
1137
507
729
84
968
975
980
371
1220
386
110
584
52
458
1407
66
303
546
866
1311
1248
963
701
601
1073
111
114
114
1418
267
1148
471
1089
873
575
522
1291
1320
522
1095
1293
362
68
568
1228
939
69
796
995
1053
394
83
139
203
1085
683
160
365
468
527
656
211
881
1008
1343
285
1014
216
24
115
327
763
57
445
794
253
1399
1155
164
317
508
122
21
1055
1346
1320
325
740
1213
732
815
402
360
692
339
1369
1097
270
939
1128
1000
268
537
803
877
1022
875
1144
128
116
1171
277
295
556
590
1302
803
189
513
1161
68
1077
321
481
202
202
1008
937
1337
490
826
708
843
1339
1340
131
646
621
881
701
913
1213
535
1117
150
429
202
1206
1225
1240
1176
1027
67
239
338
393
150
128
803
539
522
1285
1101
1332
1172
873
796
1284
138
1216
1239
103
1232
561
1207
690
445
824
1380
247
1386
1062
220
849
202
1118
546
1297
454
614
450
803
1349
833
63
226
1266
567
975
513
111
396
790
345
1265
523
360
795
607
415
396
877
928
427
1062
1346
827
509
455
5
810
748
633
1080
461
1016
1054
367
162
235
1098
188
977
804
44
222
826
985
1101
718
861
1378
1128
1232
882
374
1181
1218
280
989
62
1118
415
386
21
818
523
1279
1356
66
160
1183
1411
722
1000
1131
308
571
605
1382
1397
313
1228
1023
1320
496
164
996
1120
522
52
8
119
1294
1302
1240
651
999
389
461
1036
1161
545
347
699
1038
83
1404
90
782
1302
509
1073
848
1297
668
971
270
181
1225
651
155
1009
1038
718
128
926
270
1212
132
1117
358
855
736
253
561
1387
483
641
1019
918
1166
150
1407
797
190
891
1082
546
277
802
980
646
532
794
585
116
924
1265
1345
1085
339
551
702
796
909
798
935
865
796
547
695
918
803
1260
444
679
941
1110
682
35
1280
939
896
1008
509
592
1185
1309
1137
178
1128
986
924
560
14
125
566
341
815
530
1132
561
1350
1201
429
52
192
428
1176
339
463
1171
1095
1347
1103
568
1153
1274
216
127
216
155
429
184
835
590
428
714
232
914
1341
329
123
43
444
774
915
786
120
345
901
858
348
944
425
287
55
604
1006
1302
695
279
1294
630
985
303
339
886
1039
1066
305
606
130
1181
590
1387
509
877
1302
710
892
651
881
1297
763
1239
776
561
1267
1296
651
416
732
1218
1232
886
264
877
956
150
69
128
1102
472
1280
189
941
1289
659
220
562
327
362
814
592
1359
174
530
449
187
1106
1289
792
331
689
321
318
718
679
549
710
781
384
1411
1122
248
83
205
35
185
1225
345
17
911
1363
562
23
1413
928
181
1211
798
726
699
260
1016
938
515
915
1181
443
1187
395
266
1013
763
873
1085
409
1124
1081
1182
937
150
376
769
1032
1035
924
480
1024
1169
970
958
803
546
342
1121
988
881
176
144
220
1014
1243
865
1253
25
540
775
83
774
748
1121
496
114
401
1393
975
1220
568
105
914
1185
265
1421
69
338
844
1001
428
9
388
1340
1139
1208
1034
695
39
282
850
1420
135
313
544
1294
1121
183
462
969
659
871
1117
1128
181
865
874
1008
818
665
1240
952
1274
763
117
493
300
304
1285
428
1322
1300
1321
584
66
769
33
477
932
295
1027
258
377
738
530
845
561
545
220
141
155
1397
68
1137
122
495
1053
1155
850
889
1365
763
1293
377
1082
1134
442
937
131
970
1421
565
1239
1243
164
1164
607
1221
714
1171
179
776
422
516
1294
604
659
1262
1016
426
699
1137
881
927
134
435
1345
1072
1013
539
1171
212
819
358
1092
1349
1141
166
403
508
17
828
8
62
111
590
1387
1086
265
426
738
970
825
575
489
988
575
1376
840
1348
1134
873
548
898
1027
976
332
382
396
120
1308
480
691
1055
162
441
128
1412
607
673
416
1320
1097
853
215
723
237
612
226
519
1275
833
1320
156
1228
1421
1244
355
605
890
445
578
804
132
730
802
1049
1332
633
479
545
267
64
55
192
253
1416
793
763
637
1016
980
416
54
886
890
110
532
1008
963
1201
409
152
1387
419
1387
156
160
1062
1340
8
285
303
1403
476
1184
902
1394
414
1301
514
652
496
194
913
285
1269
205
99
270
459
295
1303
1421
265
515
897
590
1150
326
295
1187
1065
515
468
285
93
8
171
877
674
45
575
119
859
389
965
1049
958
1300
339
66
375
1044
1110
225
1391
592
748
295
778
650
384
618
295
792
506
131
478
1050
1320
718
750
68
206
392
881
573
304
835
212
1130
1347
1099
250
781
797
686
1128
1399
761
1193
1348
190
28
220
1248
640
807
1055
386
1379
881
251
205
376
910
929
1134
1125
664
1025
1105
1387
231
1107
67
924
1017
827
301
1221
399
1070
389
924
523
1346
729
514
871
604
826
1386
1053
886
1009
1379
1357
889
547
1362
1182
754
235
1311
1386
303
270
1208
210
1376
1421
740
1183
22
461
593
555
204
542
444
1332
396
480
1096
225
1340
1408
651
1297
231
895
160
1074
820
678
319
575
226
719
509
358
135
1008
421
1399
695
1170
419
117
1228
1064
399
1416
1021
942
32
1216
903
186
317
224
1181
858
1397
283
303
160
158
1284
723
775
901
1321
794
877
470
71
305
1215
624
105
796
458
498
573
1185
338
1021
686
1279
52
190
25
1183
1013
91
605
185
958
1416
125
1421
1014
1089
892
1047
416
489
1418
225
618
353
978
9
514
1027
1312
1106
443
985
1208
276
903
1059
820
1403
353
827
1220
781
1332
1041
445
1181
597
1347
1305
862
258
864
981
454
548
886
1334
748
1357
1297
128
499
776
516
185
267
338
422
1251
1064
520
470
847
1085
70
622
1093
733
1184
763
206
736
1168
881
416
322
283
1148
449
207
111
279
1372
319
81
1243
357
804
279
850
1144
1069
1056
1340
1179
285
817
846
1404
1421
892
898
1187
1269
13
18
339
1281
906
1055
793
256
509
1359
179
1139
1047
911
276
783
1316
881
865
217
55
1064
321
403
958
1101
130
1121
114
508
1285
309
1376
1347
146
582
535
97
1207
1221
105
1176
491
1321
1106
818
160
527
120
1058
749
374
1121
1215
1171
442
5
445
1267
1349
1048
818
873
397
285
849
865
344
225
206
433
213
1064
476
618
4
909
1135
1285
965
972
1220
1095
1258
374
358
1039
399
1027
1228
1238
1175
54
61
1379
886
1356
1311
109
229
1013
156
375
1006
5
1322
296
69
585
1011
1294
1340
1130
561
708
792
1074
1176
1317
797
284
127
1340
1248
520
1049
5
111
692
886
1337
682
1399
99
682
574
1109
1022
322
1115
432
1140
748
833
1320
569
1294
738
513
547
1279
975
893
790
426
441
386
1223
1408
1291
1106
655
665
190
865
1337
25
1280
549
873
818
495
1161
553
478
774
1027
925
365
162
1362
506
511
585
722
1008
660
440
222
1200
1011
683
1130
893
682
1284
947
943
125
1144
1245
71
1039
17
1208
749
152
877
1028
454
1265
783
1248
69
1228
204
1095
282
1117
247
1354
1014
1105
1008
1166
322
930
131
886
5
964
285
305
523
214
162
190
985
295
1030
739
17
1110
76
44
1399
669
850
754
809
279
345
519
620
1372
1320
1384
262
340
293
917
660
1064
650
723
1064
55
1387
62
722
767
317
624
