0
184700292
303498714
303498714
359198088
594296978
862766712
1097228502
1386906844
1386969378
1385946162
1385946162
1665465074
1665656294
1665656294
1848773180
1848789076
1848794260
1848794260
1848794260
2156726162
2211696710
2214726276
2316346816
2317446656
2406651998
2722189342
2831128712
2831213952
2831167240
2972408234
2972817056
2973005392
3074194704
3074326986
3074892858
3248216964
3258177336
3257956720
3349701000
3628315922
3740938460
3740175884
3883677434
3885255024
3884760944
3943313586
3942566352
4125945284
4194148638
4339454334
4339454334
4771290264
4831411890
5093782508
5093797540
5507986950
5784532478
5945567790
5945567790
6056596874
6056682186
6057313652
6258288184
6616643858
6682733140
6822262676
6826311292
6851944408
6927241846
7155304568
7365995014
7623316598
8021356482
8042513806
8090497960
8092665504
8092444464
8090951664
8089047564
8211791436
8236051876
8262986706
8274133990
8436093374
8583943786
8935983240
8934996982
9145891890
9155452312
9462487890
9519062112
9931802966
9930056904
9930062952
10204675496
10499488884
10615882072
10716161068
10712232430
10939997080
11106361322
11456052380
11601529424
11602372288
11602353216
11924320034
11942176516
12006133692
12138063424
12137381172
12227067482
12442897476
12610352418
12933464364
13142865010
13143308530
13190001720
13193669160
13384135454
13772844958
13772844958
13773399646
13839130078
14035982388
14080893024
14116177102
14259297470
14264074538
14585978888
14678459274
14678762394
14679541334
14676964438
14673337366
15001353336
15350576102
15348068558
15503027466
15690443018
15695681544
16066396036
16302255080
16319047594
16500557884
16865967924
16939448304
17275185668
17482868768
17515597994
17515147974
17614437806
17777343634
17771600148
17780701940
17784340124
17781875996
17916216226
18010028830
18010028830
18101709566
18295246804
18586075586
18785790252
18785790252
18785790252
18785790252
18962121576
19192111776
19424579332
19424579332
19425264548
19495541644
19500981096
19751154070
19842471062
19974526802
20226150810
20559173376
20559492684
20553778414
20772349892
20775627832
21171409604
21325731400
21326430336
21367587676
21365988808
21530903224
21531757224
21535933578
21640726748
21768149830
21763707490
21760984362
21863244446
22023696960
22014730512
22058263496
22280598394
22282748168
22284911616
22281266208
22476553464
22504938360
22504938360
22505290800
22630031496
22634595636
22707504648
22807022006
22916985768
23222970780
23227698168
23480980480
23486487646
23482526598
23511325304
23511325304
23511325304
23591989696
23588289916
23624480610
23718487092
23718819512
24087209594
24230976168
24573356014
24762635004
25001366760
25315457864
25313208442
25392254504
25432035152
25520983422
25574866404
25574866404
25586235828
25715733556
25842649620
26054152890
26061036606
26120112470
26321714456
26326956066
26422824882
26471120936
26463990560
26467913528
26495536598
26853502882
26853132382
26852503742
27094910688
27403928562
27515283140
27520977602
27610039858
27997065880
28114072954
28121305606
28352692874
28415629170
28549640266
28736616858
28763908590
28767413190
28907901146
29156122064
29370263898
29414529560
29645199404
29705432616
29730732512
29927291178
29927291178
29959093296
30019697700
30184222140
30416481666
30416481666
30539633952
30660460486
30946370576
31056428514
31059548404
31059548404
31410541952
31525807054
31677298234
31963791774
32095125364
32190768684
32533189014
32903277188
32929760852
32988187596
33005030434
33007360370
33328014944
33328537178
33424289594
33600936880
33609782116
33609782116
33635069170
34012008226
34111816886
34173435854
34227756050
34234255376
34242788322
34517835516
34751223566
34751157374
35090478328
35090478328
35190191204
35362013988
35368958134
35370915924
35517882942
35760556856
35804952636
36200899140
36275657792
36274959116
36321671990
36350681182
36536693084
36718593736
37039711982
37039711982
37052433720
37332726176
37333581328
37340449418
37519107196
37622183626
37958567404
38043924834
38285045152
38439093710
38479540864
38624627480
38749394634
38850379318
39161034166
39167706920
39167706920
39165815920
39163841648
39187165064
39335023510
39543741786
39575471252
39705018878
39705018878
39710054384
40077366370
40202884394
40490750966
40546383562
40673946492
40896379940
41180268834
41461801192
41592698224
41726105686
42010668346
42041037986
42252094924
42284781486
42330888588
42404766634
42402244894
42691533998
42682137878
43110022902
43161771180
43519631868
43683740932
44095046944
44095046944
44116535136
44197279006
44352562972
44612565630
44942394960
44941692528
44959717984
45262498006
45401326408
45674204346
45674204346
45794386058
45939990908
45928472740
46163676070
46468557192
46495556600
46495556600
46572178770
46674627124
46741176862
47056414922
47192725474
47192725474
47449506398
47594573242
47682918646
47742704286
47752703490
47816514146
47912703108
48211114780
48411395904
48411395904
48476488134
48476488134
48597224258
48853081126
48890722198
48890722198
49270601028
49432548048
49640971940
49842175134
49852896318
49857300970
49886155236
49931060470
50313625324
50465981110
50477383462
50477383462
50609360244
50897852012
50999630724
51008645954
51005120502
51338929462
51328141710
51413133422
51517986030
51523333302
51523333302
51521093686
51541393590
51612480476
51618209036
51720576748
51719155132
51706276564
51714924452
51777657320
51773468168
51857250290
51869288338
51879039574
51862997766
51859325338
52145461314
52449901382
52447119982
52507887710
52488385790
52498126910
52643763356
52857264490
52913876728
52913876728
52913876728
52920467886
52932012138
52961834694
53373215536
53372998684
53598411630
53717180166
53740348722
53740281842
53744903388
53897446096
54006279288
54058979524
54115748070
54249245698
54502270144
54504868254
54665544538
54730705424
54730705424
55059256916
55059256916
55083773612
55266377614
55513908766
55537050624
55543492668
55876169940
56013542390
56200758164
56432342408
56492980334
56693064916
56694924456
56739400544
56746564544
56746564544
56749940624
56911232698
56914306266
57320436836
57314305106
57488335006
57497867342
57496202042
57475171982
57480441638
57513522984
57520357546
57669297264
57669662004
57687279986
57879386348
58172191800
58186100284
58186100284
58308419712
58402847490
58407242238
58702944808
58832761286
59089850740
59070656446
59339374288
59519718328
59515218448
59519617666
59724534110
59726799310
59921829388
60152801110
60219642372
60051466930
60265144044
60372062896
60371173648
60377733512
60742852370
61118807988
61242192642
61281531902
61281531902
61452545104
61445430736
61527532852
61590857848
61837595178
61837595178
61922055180
62061149556
62105257978
62106557584
62512384620
62532128208
62384762512
62384762512
62388312948
62389224948
62638704140
62653026004
62762317312
62765574912
63128898886
63128898886
63203237762
63204012354
63376729624
63547226612
63729971740
63741786868
63780935708
63780935708
64013978978
64013978978
64174245560
64155943848
64228349488
64394051276
64492168108
64496715470
64770595164
64867788674
64873627804
64889680574
64904363526
64894005778
64916191956
64928486172
64928486172
64962368512
65015836692
65370781496
65614231304
65833648278
65829235478
65903085360
65905820418
66249681430
66327244004
66736728448
66819019914
66859380244
66860724652
66867579124
66867579124
66976948790
66979844766
67005257602
67009627114
67009627114
67022129100
67022129100
67252578630
67255389150
67284941372
67279732424
67277757384
67672756584
67719214224
67719214224
67882196790
67872994740
68019046308
68029333676
68041055248
68099559710
68098674786
68217443354
68217443354
68301100356
68295705648
68383379420
68469842460
68545277570
68551172114
68549057402
68588454602
68565274766
68624687150
68637999430
68801433506
68874090578
68874090578
68797554626
69124587354
69124587354
69200501930
69371953228
69814477222
69800692246
69885299976
69963493532
70053469400
70115645130
70167793642
70298279314
70283888370
70298283634
70298283634
70296357334
70286803900
70273583392
70273583392
70618901590
70841955362
70976551038
71221863364
71426661168
71425364152
71413103492
71603370830
71911636992
71967151126
72099202946
72149904682
72417964192
72552072056
72647758144
72718381916
72718381916
72740150684
72725449400
72852620532
72852620532
73086665514
73231387670
73228026110
73230338990
73337115830
73592552786
73765355526
73869825438
73869825438
73895173608
74202299344
74320203910
74474926666
74497745516
74544149838
74722873314
74874444682
74874444682
74906273310
75044095580
75507793728
75600603890
75758866086
75854338298
75854338298
75856688526
75928842898
75942187252
75942187252
75960565766
75966909622
75797540420
76097593412
76092591604
76156508388
76141076484
76295224182
76659270818
76984022246
77248248396
77243873004
77248200096
77341704264
77341704264
77341704264
77612621362
77777602086
77777602086
78024849110
78140362610
78185902694
78444802180
78740019774
78740019774
78918759400
79275345052
79571666704
79636663128
79640129016
80084777126
80086631526
80254714854
80369506978
80369506978
80703083356
81021504124
81189826070
81179743262
81170249442
81175779634
81178684594
81181193674
81185838202
81332896774
81299852724
81299852724
81299852724
81391594472
81646565022
82043186966
82002866526
82083569128
82119171836
82276863258
82433679964
82511176914
82804851978
82802258340
82791046968
82798802174
82799881666
82830367952
82893580532
82935039044
83109915020
83110527260
83112071336
83388670022
83380649002
83665314454
83665314454
83708041508
83713376108
83722086828
83861319334
83879855884
84071571082
84055976542
84185833912
84445684082
84445684082
84766469314
84817631754
84865118886
84900580836
84897640968
85260310514
85398651332
85585449102
85605166836
85605166836
85833081440
85833081440
85840930016
85840930016
85840930016
85959307306
85989965206
85997046410
86104216408
86104216408
86092249222
86148428170
86137570698
86614340296
86608524928
86576635252
86563765580
86627042634
86609126514
86792056676
87036688752
87021422088
87012938004
86989302504
87420615690
87462467334
87462467334
87495712558
87495712558
87796208946
87798196876
87837329582
87839293180
87647671540
87647671540
87815249778
87830730642
87830730642
87964873748
88023753666
88058040976
88326682972
88319286268
88364660498
88368809858
88383360114
88574151220
88574151220
88646469524
88737159594
88785653458
88797673956
88797673956
88816463516
88816463516
88834448084
88834448084
88834448084
88834448084
88834448084
89097311798
89097311798
89241882678
89374490372
89394208774
89624514788
89624514788
89743426280
89743426280
89827817262
89979458270
89987132030
90048972952
90143248970
90331025148
90396016914
90643159122
90969256174
91232220398
91216560250
91209121666
91207978486
91215486470
91209997346
91310340352
91483335296
91471982812
91486269672
91502451748
91787797730
91907751810
91902984210
91924918902
91922794182
91921719234
91940089540
92100775866
92100775866
92104493090
92122762414
92309599086
92325454694
92387755490
92413190762
92806186614
92969468990
92951040590
93075625408
93206999576
93378685700
93395716544
93395716544
93645428520
93656467128
93668103060
93694592282
93694592282
93949870140
94298100330
94331947110
94330759290
94334426730
94334591354
94350529842
94657926564
94648380132
94878113382
94915708920
95009822712
94995611092
94960369192
95019940008
95075648842
95075648842
95083354568
95150440820
95150440820
95164854340
95164854340
95337370546
95535741518
95523358372
95533720612
95515410340
95515410340
95815819556
95825525444
95837965508
96011853772
96155696470
96026172498
95926413016
96115763578
96434526780
96494250368
96500066900
96838483850
96815158790
97019457296
97019457296
97232560488
97487777822
97561395304
97598980348
97602246448
97613041856
97746118518
98147871284
98219619626
98219619626
98219600222
98265698768
98329394542
98338879300
98501088656
98621269872
98620580240
98803393220
98751505188
99079153670
99043987640
99043987640
99197508774
99224546194
99304802240
99580994218
99687969526
99679667638
99681965494
99681965494
99838461792
99848544106
100085037656
100155516818
100223271140
100368902268
100364032452
100371181772
100594526904
100627086598
100635825598
100867292900
100867292900
101196594456
101495574874
101519651756
101483458586
101876528084
102171484642
102342315512
102342315512
102577631832
102577631832
102775394950
102775394950
103072540184
103481307402
103481307402
103210334162
103267910260
103492795900
103554686468
103562572736
103751917154
103717798828
103732082182
103710175154
104092789492
104440236558
104619053794
104640691154
104618772036
104676916364
104681840654
104793600912
104754627468
104989823836
105071995188
105312957404
105340808854
105479939448
105479939448
105838401334
106196340996
106205370988
106309639878
106418092744
106411246400
106553501510
106626672848
106591053440
106581875784
106599620590
106599620590
106815518368
106941978274
106938983074
107197628068
107227654624
107337117964
107353279564
107495386564
107495386564
107502873412
107502873412
107492081508
107497653750
107750527286
107783953292
108138329572
108198785862
108248462256
108335003294
108335849680
108361754704
108166875800
108221361028
108221361028
108228867760
108232297732
108230078200
108476111760
108693084002
108711654648
108694719928
108776638946
108810070120
108810070120
109044844126
109084549828
109169746114
109022194656
109279332484
109277551084
109277551084
109282351660
109282351660
109473774070
109473774070
109473774070
109473774070
109553506422
109553506422
109554786080
109612200182
109665339948
109740878980
109776131566
110133611456
110214773552
110214773552
110320397068
110322075852
110279297256
110449489740
110625290562
110726549304
110753526588
110593209604
110766141428
110781323084
110953059494
111006028892
111009703852
111360625260
111366998550
111553386390
111705654124
111712518772
111981529384
111755178192
111741277008
111741277008
111741277008
111887789622
111881772814
111881772814
112136583694
112136583694
112136583694
112510382986
112555104666
112668734522
112654280290
112793733962
112832685962
112838592522
112885763046
112940934440
112949314032
113056631688
113146381866
113175178122
113393512684
113616228780
113616228780
113758555880
113752640288
113981338810
113977364570
114011829784
114203613878
114524823560
114533235704
114555805256
114636000728
114838610792
115175666132
115172795474
115172795474
115172795474
115271686894
115244975726
115280909880
115312729022
115430298532
115449874108
115445731588
115456665348
115554760040
115554825336
115631937506
115591221506
115591221506
115713439740
115713439740
115713439740
115711558350
115711349662
115711349662
115713572862
115700095668
115774593450
115774593450
115721028578
115940419174
115981583770
115972427188
115972427188
115972427188
116102214910
116227723648
116242693408
116242693408
116331121166
116190483768
116157009172
116152845348
116439236470
116697421084
116837807112
117183715762
117183715762
117290535216
117294107244
117425647644
117789156442
118017536110
118017536110
118127588854
118128304054
118179146826
118217933706
118214025210
118328168778
118328168778
118584880024
118584880024
118584880024
118584880024
118900843294
119000206796
119172820814
119172820814
119261438942
119263696670
119361450492
119421978302
119546074636
119545092908
119545092908
119669235182
119669235182
120089455112
120104124654
120280119472
120300728654
120506664264
120506664264
120604862028
120715007058
120715007058
120763821724
120788555582
120763554682
120732317354
121027692222
121479556040
121698936082
121723965282
121732933260
121733505348
121756604318
121807569766
121891387584
121892714832
121995996948
122177261122
122302922592
122390939722
122445532030
122445532030
122594339934
122616654726
122867853696
122873362978
122849650490
122849765946
123154133904
123292243764
123489405368
123602674828
123597268540
123597268540
123597268540
123778559054
123730365194
124143126170
124097957970
124290579126
124673247156
124821188782
124840668814
124925794534
124925794534
125215778492
125355591570
125480414434
125508921768
125606919076
125654173188
125692877844
125719282066
125719282066
125706069336
125706069336
125709445836
125764619432
125829424944
125829424944
126059292648
126454311962
126058394934
126141909174
126152516436
126152516436
126412375444
126639160168
126639160168
126685269658
126703386774
126762097426
126773813424
126857207626
126857207626
126857207626
126882985502
126882985502
127119953150
127423021752
127455908236
127491160258
127486189234
127500232722
127674958874
127764298786
127764298786
127768929628
127772257304
127777211444
128073286128
128190274908
128180235120
128090498652
128203058900
128244855496
128244855496
128304264202
128436430964
128674897020
128676469420
128780073822
128780073822
128756387944
128674080342
128682593464
128623792000
128871164584
128893787104
128893787104
128894308288
128894308288
128956340824
129088497014
129098068734
129224175564
129266805814
129266805814
129514494128
129521256156
129674068458
129729086624
129729086624
129758997306
129956423412
129956423412
129956423412
130259200578
130500220314
130383525972
130482348370
130530838738
130871176210
130875049274
130870297274
130929342274
130929342274
130921788024
130925469660
130956807188
131242098574
131330225050
131399393718
131400895798
131650376826
131649651786
131590579806
131831731096
132198229970
132481778444
132676779306
132667947802
132730404064
132738456122
132738456122
132805136238
132853626288
133029621132
133179124480
133116687004
133288479670
133582417036
133618665106
133618665106
133991351806
134027750576
134040618424
134214651538
134235625690
134422750014
134417843904
134417843904
134484254680
134509513546
134509513546
134509513546
134509513546
134543270910
134790343794
134790343794
134790343794
134796147110
134944895132
135107357338
135128208042
135128208042
135130003976
135114365676
135115441116
135101739876
135223997430
135223997430
135501168206
135498894670
135498894670
135498894670
135268271566
135266161810
135498582642
135549749916
135952885612
136205119154
136405812284
136797390210
136797390210
136797390210
136816364850
136947495288
137036838082
137046330634
137054289304
137055860088
137304029256
137475884760
137475884760
137468849992
137468849992
137556621954
137793883716
137821313828
137834270228
137906122268
138192376024
138138615026
138140076544
138492927166
138492927166
138538393294
138534134200
138689795282
138670946830
138670946830
138632216566
138466130692
138557013224
138551442744
138696282112
138696282112
138855816334
138886709476
138934439950
138931438262
139138396988
139186568848
139186568848
139189347712
139248827512
139482142604
139665322580
139653976190
139740358618
139740358618
139763835654
140116609334
140330376814
140330376814
140461641408
140461641408
140335629870
140525514394
140534630376
141024647784
141455759972
141535992752
141535992752
141676588522
141776228586
141776228586
142042138838
142042138838
142073489012
142073489012
142163447658
142189871322
142236451656
142322661984
142364037766
142383857482
142383857482
142426442278
142431750548
142465051568
142490772648
142462834088
142462834088
142531838804
142554344276
142594822716
142745034756
142745034756
143043679370
143220427126
143220427126
143220427126
143267499010
143282544426
143600451770
143540050702
143513022632
143462801034
143462801034
143601605370
143742663910
143739432234
143739432234
143714370654
143797553078
143797553078
143796849440
143796849440
143796849440
143795147784
143812711334
143788449788
143786959868
143878490838
143878490838
143805863638
143805863638
143916374602
143991723250
144339512184
144339512184
144330396202
144492825276
144567553814
144663203300
144792495820
144848967872
144848967872
144899004296
144907475304
144907475304
145394346146
145438002406
145527606562
145640564546
145640564546
145916346322
145916346322
145928882542
145988049488
146083361860
146086127060
146221198772
146361574506
146627412964
146627412964
146723622212
146907353166
146908572000
146790602014
146944528858
146738156088
146698377854
146691128566
146668485466
146869248422
147130510980
147087611042
147093877758
147043245172
147234306134
147234306134
147399397646
147428191346
147436175200
147514161168
147484462408
147484462408
147500688854
147592181846
147592181846
147881335248
147839192658
148226743894
148249177656
148215186958
148265315662
148267490638
148342023436
148402854178
148404990342
148258891204
148140549204
148370814386
148468511608
148506056646
148506056646
148545798940
148815845800
148776696126
148780303658
148932003532
148887091204
148879774456
148894098136
149060683136
149440622740
149772387852
149772387852
149858031624
149843588704
149803726618
149772146602
149772011584
149833015316
149830261152
149830261152
149980327746
149919276140
149901556040
149900466512
150080619256
150309451006
150309451006
150416269494
150425400758
150432354754
150404973006
150585913262
150774773750
150774773750
150833894204
150874675516
150874675516
151200458848
151282523668
151618263208
151965465258
151968680558
152060126254
152096604694
152203491768
152169791880
152307299898
152495108194
152495108194
152462945336
152513146364
152715236836
152816830528
152899579612
152899579612
152941762284
152950853240
152950853240
153012810066
153019884210
153019948536
153307941846
153670366834
153678693814
154023480952
154026222526
154021854738
154038384614
154085625830
154270982750
154532539546
154561094962
154672975158
154712529270
154858375016
154864221194
154997778338
155016029378
155040491682
155040491682
155247145210
155251636936
155371286096
155371286096
155371286096
155446835330
155793550326
155793550326
155942511542
155965985894
155969536986
156159470526
156212979442
156274562634
156361928368
156494901904
156494901904
156700159824
156706997930
156993862716
156993862716
156976366378
157196895806
157609401420
157603493824
157578720440
157578720440
157577814210
157705596208
157717284076
157717284076
157709170856
157731608358
157529333010
157703107030
157757770896
157869998474
157869998474
158001427438
158298022530
158335318536
158359451906
158442746958
158432082094
158432082094
158354034726
158343722894
158343722894
158343722894
158308136590
158308136590
158339167910
158246611782
158277805892
158381409286
158393232214
158413285286
158495139256
158492206264
158816306586
158816306586
158713604318
158713604318
158848605366
158843553076
159086292036
159053402660
159128038842
159128038842
159128038842
159145091162
159199613472
159258226912
159406411758
159589646686
159420224758
159427898158
159684888200
159862381018
159717178944
159782636724
159782636724
159833942748
159833942748
160006866616
160340425602
160618169646
160797040648
160980311734
160972832642
160972832642
161115715768
161115715768
161396882286
161396882286
161396882286
161343218410
161472972390
161542299864
161486407924
161534391512
161508195464
161669537448
161763165264
161859422422
161788709106
161911401536
161925597056
161932579790
161932579790
162202934876
162215133260
162215133260
162215133260
162303767704
162334160560
162414632438
162515559758
162593541308
162703317028
162748534106
162730895726
162877809448
163015514366
162682362298
162841744436
163135288476
162983305478
163203470744
163497239154
163655520784
163659621556
163659621556
163663074964
163723037500
163707091516
163787290510
163929079968
163967602296
164030472966
164037507982
164093118014
164125727296
164315971216
164608417336
164515741508
164492786108
164493426340
164493426340
164473993164
164517097782
164517097782
164528850726
164434252466
164491299314
164490594074
164622976238
164723843192
165037547450
165006354890
164984489584
164995316086
165090977410
164977114950
164943627822
165038874002
165323126918
165519014072
165519014072
165522061626
165553294442
165588320462
165572596298
165578489878
165736281008
165732629384
165938077956
166102960802
166127041142
166124162402
166122559138
166122559138
166125739812
166485757568
166762557992
166768442976
166834138590
166743237822
166737422898
166706526090
166706526090
166764640186
166764640186
166766743498
166783157742
166868356302
166869606278
166894715952
166894715952
167101007026
167109563506
167117537426
167131120514
167477827754
167656654570
167646913210
167646913210
167508108848
167686709770
167686709770
167788506782
167890174930
167905981870
167905981870
167963333422
167947164094
168193537990
168171020910
168214953882
168372034270
168552666638
168577497780
168500177884
168561910764
168577612144
168598403944
168618083452
168618083452
168980133214
168979748654
168979296278
169001244830
169001244830
169011297328
169011297328
169050206528
169058229590
169044525024
169044525024
169078361716
169078361716
169207344600
169207344600
169207344600
169207344600
169228441060
169228441060
169257920956
169257920956
169420719466
169416057450
169419500174
169419500174
169369187908
169560032538
169415211828
169415211828
169415211828
169415211828
169474270488
169474270488
169522112966
169677185612
169666015434
169749129878
169491659636
169509342526
169509342526
169595352386
169679243390
169616311550
169625694950
169625694950
169629842016
169723050860
169723050860
169746558792
169693349608
169693349608
169869939910
169869939910
170171595366
170171595366
170172165078
170230116690
170230116690
170298247132
170298247132
170298581836
170298581836
170287343096
170343196216
170363257488
170369232678
170300679692
170300679692
170406149436
170369351220
170434053522
170438259482
170425191408
170553212178
170553212178
171029199470
171111156558
171141976142
171141976142
171464692960
171446770456
171484486340
171484486340
171484486340
171537307188
171546095958
171559687888
171538426558
171655511684
171600916892
171636121620
171636121620
171675190720
171698553990
172031570754
171956763220
172104003190
172205904530
172212247126
172217105186
172226671682
172167724490
172146661578
172215322548
172215322548
172324759970
172289436194
172358984740
172382312102
172459800310
172619257412
172619257412
172619257412
173025445014
173025445014
173337761004
173337761004
173371875396
173716745956
173590392222
173616181494
173616181494
173616181494
173609680650
173608699770
173608699770
173595095620
173595095620
173570179720
173753782574
173961252206
173971490498
173971490498
173971490498
174090211310
174088651358
174193398034
174401580574
174486791516
174577680494
174581065322
174584459018
174562620854
174625757410
174738838170
174738838170
174738838170
174791079606
174859339586
174943727322
174943727322
175031096072
175031096072
175053883858
175229846158
175266623568
175125780664
175151732024
175151732024
175206978768
175173446640
175173446640
175277772118
175377096792
175377096792
175434063342
175434063342
175404404482
175506242390
175506736972
175559728404
175596137532
175625371150
175625371150
175625371150
175632007202
175777966086
175778789514
175778789514
175894646804
176052967388
176080225492
176077484292
176102520332
176042970076
176045725730
176377000174
176405994898
176405994898
176422939690
176422939690
176680201534
176904573016
176971291418
176974765626
177095428796
177125117188
177232970536
177228808588
177228808588
177234994194
177415860542
177372934980
177372934980
177575115006
177724425926
177785346988
177876015850
177876015850
178005090746
178137933648
178137933648
178453644264
178568426448
178584232548
178886149826
179218968926
179231171274
179231046126
179216162166
179247180006
179247180006
179607433148
179702654946
179702654946
179608273094
179608273094
179672701166
179630524016
179630524016
179539054874
179558225234
179309308666
179424880612
179424880612
179583716932
179583716932
179637443990
179637443990
179702969770
179821076118
179968726064
180001308988
179993055420
180320898056
180320898056
180403931384
180397393490
180441742484
180496325362
180787456998
180799224630
180852015914
180879306254
180890347306
180890347306
180989539666
181083323376
181264283504
181600118932
181559787676
181719639122
181905302454
182174941716
182184470900
182184470900
182176447838
182176447838
182357251514
182380339394
182373835346
182439936642
182643732238
182655367774
182655367774
182658097870
182659394808
182797435918
182797435918
182805116478
182944569232
182944569232
183080663498
183080673126
183080673126
183103304634
183123162196
183272884256
183347924902
183520421806
183514430310
183798814618
183798814618
183798814618
183798814618
183804474198
183815450906
183794546302
183860890442
183860890442
183781325902
184009443994
184227258356
184412312224
184431939614
184494145786
184421594626
184401392726
184654822802
184690659218
184690659218
184690659218
184690659218
184774823742
184762330646
184751216980
184823150610
184864279518
185144704852
185286776874
185352073904
185352073904
185310772976
185410823194
185434273314
185640913686
185948474066
185941934134
185941934134
186005912424
185972214168
186381226074
186566547004
186480361838
186440457710
186488619712
186488619712
186488619712
186488619712
186438291544
186452491996
186669052562
186669052562
186802375122
186839464706
186839464706
186843900522
186699317436
186797080744
186880694628
186876883058
186937918550
187030838744
186749636492
186768048034
186884795544
186921306956
186921306956
186950416726
187160699926
187186600086
187186600086
187161773470
187161773470
187053017284
187138895670
187028297270
187051485150
187036639966
187036639966
187242829194
187211373594
187211373594
187222607964
187222607964
187218050028
186905695310
186919204486
186921397222
186921397222
186923765254
187245625220
187330237316
187348730310
187267225600
187567002678
187571455686
187571455686
187743858762
187754898786
187754898786
187807831252
187807454596
187908148510
187930722676
187937475802
187932932250
187932656406
187843107638
187793879078
187855978080
188045267840
188001617568
188058838900
188013806436
188109061270
188043823522
188253347346
188253347346
188237743410
188439792378
188606692768
188606568784
188677655106
188817967122
188815458706
189040318616
189031500456
189235704804
189241576956
189351079334
189814480730
190166424210
190335234196
190369479940
190560134864
190560134864
190595957466
190294158856
190294158856
190314085408
190324032802
190450795536
190792804254
190792804254
190955293238
190967997690
191036667834
191036667834
191380806696
191718773606
191697636630
192069156632
192280995736
192274251274
192409102222
192460088976
192528328298
192823146690
192833744100
192827700062
192840784726
192898234162
193171197560
193183753922
193183753922
193490382460
193490382460
193477996328
193273506226
193331963160
193340833342
193340833342
193343697820
193398966852
193589688304
193589688304
193596611546
193618859146
193619059082
193619059082
193620558280
193608850024
193626893872
193594546198
193602840392
193992446884
194275810878
194572052284
194572052284
194572052284
194597142600
194631242094
194631242094
194638381422
194682829246
194689726808
194657063858
194860376134
195039811716
195049009038
195079821294
195059653394
195159974742
195364103828
195725363568
195725363568
195746280048
195746280048
195754360598
195825838824
195975313074
196029559650
196444876094
196505849082
196601719756
196561746188
196718584388
196713740154
196676234054
196926783058
197051002108
197012736916
197012736916
197337246454
197450301306
197450301306
197203911890
197437720364
197294216474
197302902464
197356735712
197356735712
197423023016
197392137352
197395144072
197407368474
197486835180
197461927626
197576132888
197574851720
197638054100
198055310120
198055310120
198117055942
198118323852
198118323852
198233528098
198348041466
198351934448
198403868878
198403868878
198379501420
198567368310
198592607500
198629525030
198726778028
198726778028
198685268560
198714890280
198743619284
198771036884
198771036884
198753743556
199034633606
199034633606
199050833768
199065434528
199071008972
199071008972
199071008972
198919474472
198919474472
198919474472
198924266610
199103647472
199136703478
199248844062
199253492398
199334369906
199473461950
199412403322
199445790306
199445790306
199624593922
199739062008
199723043164
199675478252
199675478252
199550296040
199480463592
199505240782
199314807322
199513304934
199513304934
199513304934
199455253854
199448337560
199463285126
199842067786
199942803248
199857388636
199959059548
200189952592
200243767814
200243767814
200361423860
200426722034
200494341172
200483131668
200578943172
200719367952
200775610352
200464105930
200524782880
200524782880
200324597712
200627799586
200599150754
200599150754
200599150754
200548355366
200548355366
200897398412
201082013002
201172825748
201173143428
201168956388
201221460892
201217565720
201294153954
201284431314
201284431314
201447288890
201447288890
201523548392
201695301280
201653847490
201593291444
201872786696
201822216696
201822216696
201749317756
201744468442
202017119194
202017119194
202038176794
201831291486
201831291486
202185473080
202507144736
202398199312
202610916868
202610916868
202872869540
203050148834
203006849854
203184178692
203202619160
203289719888
203289719888
203454690284
203491293164
203518647084
203579134980
203846342250
204066714520
204124002614
204149318550
204146119520
204251179466
204249423546
204325607542
204257515602
204325477802
204387961824
204662057512
204573876024
204573876024
204659846332
204659846332
204641623582
204614100160
204802864936
204782285376
204782285376
204782285376
