28379
16930
5742
9687
49680
13669
31800
24526
30324
2988
25960
16
17685
15118
1154
54943
274
21954
28398
52540
3056
17119
4860
11722
1885
3235
16765
1419
32518
2235
33920
17488
12803
11051
16744
31711
70805
16120
19178
1517
43178
45654
7234
33463
18611
354
27790
88013
12161
7500
1307
56310
25562
5706
4573
6084
17870
787
8541
2479
4140
53158
1872
14469
2504
60815
6801
36128
11238
559
10558
9437
59216
37468
10693
7220
8764
15992
12207
13190
17640
222
12876
9103
22977
13069
10506
12294
12577
2920
17674
22192
6107
31881
14059
561
15997
10440
6526
66102
40371
24420
2321
12321
168
27905
41348
7424
30064
7012
4550
15869
2958
19130
182
4052
44996
26253
48337
21059
45175
1411
1234
9324
31366
23100
19141
7549
35803
15367
29855
6139
19337
192
15031
19381
62
62602
2959
3156
17640
2085
20397
27626
31896
39734
4660
79589
37012
836
46867
9876
23215
31970
49875
51545
16104
33000
1378
11497
358
63418
52274
8612
19482
72513
19963
13987
23561
20057
10748
1852
2786
10687
1355
12490
22646
7465
7331
21761
5651
30293
3244
5937
5623
26370
53555
29231
6662
1526
45877
21343
10993
31472
148
8194
18953
1293
12878
60179
12719
29589
1306
2815
4602
25022
8207
17522
46149
