383
0 32
1 92
2 219
3 350
4 214
5 37
6 263
7 110
8 191
9 226
10 160
11 181
12 191
13 26
14 247
15 313
16 371
17 360
18 376
19 313
20 149
21 229
22 265
23 278
24 323
25 166
26 191
27 206
28 365
29 323
30 324
31 93
32 163
33 180
34 188
35 253
36 285
37 351
38 157
39 143
40 92
41 142
42 103
43 324
44 154
45 209
46 159
47 363
48 129
49 378
50 308
51 277
52 56
53 198
54 348
55 83
56 167
57 98
58 116
59 138
60 153
61 371
62 218
63 112
64 120
65 108
66 295
67 74
68 185
69 128
70 283
71 377
72 75
73 87
74 211
75 287
76 247
77 261
78 268
79 240
80 251
81 304
82 124
83 147
84 164
85 95
86 218
87 294
88 333
89 169
90 93
91 143
92 222
93 288
94 367
95 381
96 214
97 246
98 376
99 154
100 129
101 333
102 333
103 246
104 332
105 214
106 179
107 309
108 218
109 367
110 231
111 297
112 215
113 319
114 282
115 194
116 146
117 243
118 217
119 331
120 363
121 195
122 192
123 216
124 314
125 218
126 294
127 199
128 241
129 188
130 311
131 224
132 237
133 266
134 335
135 374
136 306
137 170
138 174
139 373
140 313
141 355
142 221
143 178
144 163
145 170
146 328
147 174
148 162
149 223
150 281
151 295
152 382
153 304
154 326
155 182
156 220
157 320
158 243
159 238
160 297
161 294
162 345
163 328
164 349
165 225
166 229
167 349
168 288
169 237
170 278
171 186
172 341
173 231
174 214
175 225
176 333
177 335
178 267
179 343
180 277
181 214
182 331
183 281
184 264
185 332
186 266
187 288
188 290
189 337
190 211
191 346
192 237
193 221
194 243
195 218
196 218
197 221
198 198
199 217
200 303
201 379
202 319
203 300
204 320
205 250
206 368
207 308
208 270
209 209
210 357
211 280
212 300
213 289
214 317
215 368
216 332
217 219
218 314
219 267
220 281
221 281
222 244
223 318
224 247
225 264
226 372
227 323
228 235
229 365
230 309
231 270
232 278
233 337
234 258
235 318
236 311
237 333
238 366
239 244
240 248
241 253
242 309
243 363
244 319
245 274
246 252
247 337
248 263
249 376
250 286
251 371
252 328
253 260
254 265
255 258
256 351
257 297
258 361
259 369
260 283
261 334
262 360
263 293
264 331
265 337
266 309
267 287
268 293
269 315
270 271
271 331
272 323
273 274
274 284
275 301
276 356
277 341
278 296
279 327
280 359
281 333
282 295
283 334
284 300
285 363
286 363
287 363
288 321
289 373
290 324
291 307
292 296
293 313
294 301
295 366
296 322
297 338
298 355
299 316
300 329
301 352
302 354
303 349
304 357
305 372
306 367
307 319
308 356
309 327
310 328
311 341
312 350
313 317
314 368
315 317
316 320
317 379
318 339
319 361
320 365
321 374
322 356
323 373
324 375
325 378
326 355
327 336
328 357
329 334
330 361
331 342
332 345
333 351
334 364
335 363
336 361
337 342
338 344
339 381
340 340
341 352
342 358
343 370
344 370
345 366
346 350
347 376
348 367
349 354
350 376
351 355
352 371
353 362
354 364
355 363
356 381
357 357
358 374
359 371
360 366
361 368
362 369
363 366
364 373
365 374
366 375
367 370
368 372
369 371
370 371
371 376
372 373
373 376
374 374
375 378
376 377
377 378
378 379
379 382
380 381
381 382
382 382
