1199 1032
7884 6855
3893 3349
2198 2020
636 621
4557 4225
4201 3984
8201 6617
1840 1654
4678 3621
13739 10766
1600 1446
1466 1299
341 332
480 417
1178 925
1160 816
4755 4517
503 474
42 42
10321 8144
372 348
21 21
4198 3771
2266 1930
29798 19253
13734 10718
2234 2081
10609 9369
2728 2223
7579 6041
11190 8039
12600 8964
14153 12183
26618 20220
274 274
2639 2305
6398 5442
270 252
32284 23641
4812 4488
24220 15622
5059 4612
1775 1560
17743 15040
4619 4126
2632 2068
3373 3241
2730 1986
361 292
16509 13570
604 577
1579 1412
327 320
684 594
1394 1224
1139 992
5740 4051
695 604
1682 1552
17809 13555
94 94
4776 4354
1142 1122
212 212
2887 2451
9947 9063
629 613
1245 977
10867 7751
6918 5471
5081 4470
1017 997
2072 1831
2305 1429
6960 6403
5174 4576
11409 9432
70 70
1860 1648
188 157
5132 3904
1870 1794
8187 7366
24758 19771
1214 1182
5040 3998
421 386
43 43
