101322629183907
203553935685
10491199657798
103721420341670
16060409709764
92801283948715
2933205741957
950761170858
99207098725289
1921938420742
11299965798867
5749490849055
1025513308962
1513152626088
182016383257122
5350464375254
6078023737002
34022918102669
2939811570190
6409032291399
54025660239
2938573551941
110498152727908
2428456749708
2286987055807
4529145563888
159320701282
166895723617370
1514441592566
9003208380318
253320533205974
32331327015181
6628926063640
71560843669804
13711084310885
88804583170850
1662447768014
7485880642347
10941000260467
169306770804
263810601624786
5255100111447
59377501726847
93262213130700
91327291708709
2001366771615
131986708086841
12816930547466
9698243792439
1671014520407
43428159722012
13232419001885
3835990738216
12040694064020
4893220277537
15760453229996
2755976837452
35397272201
1382522132939
28639470931544
3257205368
142827130626350
1219258061144
2625384025236
53312670187145
21683065437741
3832904077618
65743536106543
29570973605958
3002595568601
17860288851017
207491788565001
19668277585802
2914094551138
177875021400538
2904875899041
5630963212061
1966228665402
17026818633
7288437430457
5862432476378
29928596799519
19840392251655
164507295697
1701205850235
98252130862112
48583340641807
27555822769037
858480882302
3977126080793
4588161498699
275318137569302
65999780766892
384286835522625
4155888162605
184365593618061
60569758499
19115396213604
12464702345158
36788192969527
24506610669976
87860465873649
27422682669140
51630599886093
832112826744
1983705396162
65478912581714
151792615848024
449430380958
96184887411739
208551267772396
11467761201544
12688672030393
3065461044557
277093520225
228777622731813
58960849458584
140331882428095
3626970700492
19183235597427
